2023-02-28 13:04:52,628 [INFO] Activator:179 - 


2023-02-28 13:04:52,629 [INFO] Activator:180 - !SESSION log4j initialized
2023-02-28 13:04:54,300 [ERROR] LogOutputStream:74 - [STDERR_REDIRECT] 
2023-02-28 13:05:02,372 [INFO] McuFinderGlobals:52 - Set McuFinder mode to 2 (CubeIDE integrated)
2023-02-28 13:05:02,506 [INFO] ApplicationProperties:181 - Using Application install path: /Applications/STM32CubeIDE.app/Contents/Eclipse/plugins/com.st.stm32cube.common.mx_6.7.0.202211181646
2023-02-28 13:05:02,520 [INFO] DbMcusXml:77 - Set database path to: /Applications/STM32CubeIDE.app/Contents/Eclipse/plugins/com.st.stm32cube.common.mx_6.7.0.202211181646//db//mcu/
2023-02-28 13:05:02,521 [INFO] ApiDb:273 - Set plugin database path to: /Applications/STM32CubeIDE.app/Contents/Eclipse/plugins/com.st.stm32cube.common.mx_6.7.0.202211181646//db//plugins/boardmanager/
2023-02-28 13:05:02,526 [WARN] ApiDb:258 - Overriding images path with different value:  => /Applications/STM32CubeIDE.app/Contents/Eclipse/plugins/com.st.stm32cube.common.mx_6.7.0.202211181646//db//plugins/mcufinder/images/
2023-02-28 13:05:02,548 [INFO] ApiDb:249 - Set database path to: /Users/titor/.stmcufinder/plugins/mcufinder//mcu/
2023-02-28 13:05:02,549 [INFO] DbMcusAds:124 - Set database path to: /Users/titor/.stmcufinder/plugins/mcufinder//mcu/
2023-02-28 13:05:02,551 [INFO] CrossReferenceDbSqlite:202 - Set database path to: /Users/titor/.stmcufinder/plugins/mcufinder//mcu/cs/
2023-02-28 13:05:02,673 [INFO] RulesReader:61 - Compatibility file has been processed (283 Rules)
2023-02-28 13:05:02,743 [INFO] DbMcusXml:77 - Set database path to: /Applications/STM32CubeIDE.app/Contents/Eclipse/plugins/com.st.stm32cube.common.mx_6.7.0.202211181646//db//mcu/
2023-02-28 13:05:02,743 [INFO] ApiDb:273 - Set plugin database path to: /Applications/STM32CubeIDE.app/Contents/Eclipse/plugins/com.st.stm32cube.common.mx_6.7.0.202211181646//db//plugins/boardmanager/
2023-02-28 13:05:02,743 [INFO] ApiDb:260 - Set plugin images path to: /Applications/STM32CubeIDE.app/Contents/Eclipse/plugins/com.st.stm32cube.common.mx_6.7.0.202211181646//db//plugins/mcufinder/images/
2023-02-28 13:05:02,744 [WARN] DbFile:40 - Overriding database path with different value: /Users/titor/.stmcufinder/plugins/mcufinder/ => /Users/titor/.stmcufinder/plugins/mcufinder
2023-02-28 13:05:02,744 [INFO] ApiDb:249 - Set database path to: /Users/titor/.stmcufinder/plugins/mcufinder//mcu/
2023-02-28 13:05:02,744 [WARN] DbFile:40 - Overriding database path with different value: /Users/titor/.stmcufinder/plugins/mcufinder/ => /Users/titor/.stmcufinder/plugins/mcufinder
2023-02-28 13:05:02,744 [INFO] DbMcusAds:124 - Set database path to: /Users/titor/.stmcufinder/plugins/mcufinder//mcu/
2023-02-28 13:05:02,747 [WARN] DbFile:40 - Overriding database path with different value: /Users/titor/.stmcufinder/plugins/mcufinder/ => /Users/titor/.stmcufinder/plugins/mcufinder
2023-02-28 13:05:02,747 [WARN] DbFile:40 - Overriding database path with different value: /Users/titor/.stmcufinder/plugins/mcufinder/ => /Users/titor/.stmcufinder/plugins/mcufinder
2023-02-28 13:05:02,748 [INFO] CrossReferenceDbSqlite:202 - Set database path to: /Users/titor/.stmcufinder/plugins/mcufinder//mcu/cs/
2023-02-28 13:05:02,824 [INFO] MainPanel:252 - HeapMemory: 268435456
2023-02-28 13:05:02,896 [INFO] DbMcusXml:77 - Set database path to: /Applications/STM32CubeIDE.app/Contents/Eclipse/plugins/com.st.stm32cube.common.mx_6.7.0.202211181646//db//mcu/
2023-02-28 13:05:02,896 [INFO] ApiDb:273 - Set plugin database path to: /Applications/STM32CubeIDE.app/Contents/Eclipse/plugins/com.st.stm32cube.common.mx_6.7.0.202211181646//db//plugins/boardmanager/
2023-02-28 13:05:02,897 [INFO] ApiDb:260 - Set plugin images path to: /Applications/STM32CubeIDE.app/Contents/Eclipse/plugins/com.st.stm32cube.common.mx_6.7.0.202211181646//db//plugins/mcufinder/images/
2023-02-28 13:05:02,897 [WARN] DbFile:40 - Overriding database path with different value: /Users/titor/.stmcufinder/plugins/mcufinder/ => /Users/titor/.stmcufinder/plugins/mcufinder
2023-02-28 13:05:02,897 [INFO] ApiDb:249 - Set database path to: /Users/titor/.stmcufinder/plugins/mcufinder//mcu/
2023-02-28 13:05:02,897 [WARN] DbFile:40 - Overriding database path with different value: /Users/titor/.stmcufinder/plugins/mcufinder/ => /Users/titor/.stmcufinder/plugins/mcufinder
2023-02-28 13:05:02,897 [INFO] DbMcusAds:124 - Set database path to: /Users/titor/.stmcufinder/plugins/mcufinder//mcu/
2023-02-28 13:05:02,898 [WARN] DbFile:40 - Overriding database path with different value: /Users/titor/.stmcufinder/plugins/mcufinder/ => /Users/titor/.stmcufinder/plugins/mcufinder
2023-02-28 13:05:02,898 [WARN] DbFile:40 - Overriding database path with different value: /Users/titor/.stmcufinder/plugins/mcufinder/ => /Users/titor/.stmcufinder/plugins/mcufinder
2023-02-28 13:05:02,898 [INFO] CrossReferenceDbSqlite:202 - Set database path to: /Users/titor/.stmcufinder/plugins/mcufinder//mcu/cs/
2023-02-28 13:05:02,965 [INFO] ApplicationProperties:181 - Using Application install path: /Applications/STM32CubeIDE.app/Contents/Eclipse/plugins/com.st.stm32cube.common.mx_6.7.0.202211181646
2023-02-28 13:05:02,967 [INFO] PluginManage:193 - Search for loadable plugins [exclusion list=, ]
2023-02-28 13:05:02,969 [INFO] PluginManage:307 - Check plugin analytics
2023-02-28 13:05:03,170 [INFO] AnalyticsPlugin:262 - Accepted Software Licenses: 
2023-02-28 13:05:03,178 [INFO] AnalyticsPlugin:264 - Accepted CMSIS Pack Licenses: 
2023-02-28 13:05:03,179 [INFO] AnalyticsPlugin:266 - Accepted Firmware Licenses: FW.F4.1.27.0
2023-02-28 13:05:03,217 [INFO] PluginManage:356 - Loaded plugin analytics (category:tool,tabindex:-1)
2023-02-28 13:05:03,219 [INFO] PluginManage:307 - Check plugin cadmodel
2023-02-28 13:05:03,408 [INFO] CADModel:104 - Init CAD model plugin
2023-02-28 13:05:03,409 [INFO] PluginManage:356 - Loaded plugin cadmodel (category:power,tabindex:5)
2023-02-28 13:05:03,410 [INFO] PluginManage:307 - Check plugin clock
2023-02-28 13:05:03,420 [INFO] PluginManage:356 - Loaded plugin clock (category:base,tabindex:2)
2023-02-28 13:05:03,420 [INFO] PluginManage:307 - Check plugin ddr
2023-02-28 13:05:03,421 [INFO] PluginManage:356 - Loaded plugin ddr (category:tool,tabindex:6)
2023-02-28 13:05:03,421 [INFO] PluginManage:307 - Check plugin filemanager
2023-02-28 13:05:03,605 [INFO] PluginManage:356 - Loaded plugin filemanager (category:base,tabindex:10)
2023-02-28 13:05:03,606 [INFO] PluginManage:307 - Check plugin ipmanager
2023-02-28 13:05:03,617 [INFO] PluginManage:356 - Loaded plugin ipmanager (category:base,tabindex:5)
2023-02-28 13:05:03,618 [INFO] PluginManage:307 - Check plugin lpbam
2023-02-28 13:05:03,627 [INFO] PluginManage:356 - Loaded plugin lpbam (category:base,tabindex:0)
2023-02-28 13:05:03,627 [INFO] PluginManage:307 - Check plugin pinoutandconfiguration
2023-02-28 13:05:03,632 [INFO] PluginManage:356 - Loaded plugin pinoutandconfiguration (category:base,tabindex:1)
2023-02-28 13:05:03,632 [INFO] PluginManage:307 - Check plugin pinoutconfig
2023-02-28 13:05:03,661 [INFO] PluginManage:356 - Loaded plugin pinoutconfig (category:base,tabindex:0)
2023-02-28 13:05:03,664 [INFO] PluginManage:307 - Check plugin power
2023-02-28 13:05:03,679 [INFO] PluginManage:356 - Loaded plugin power (category:power,tabindex:4)
2023-02-28 13:05:03,679 [INFO] PluginManage:307 - Check plugin projectmanager
2023-02-28 13:05:03,704 [INFO] PluginManage:356 - Loaded plugin projectmanager (category:projectmanager,tabindex:3)
2023-02-28 13:05:03,705 [INFO] PluginManage:307 - Check plugin thirdparty
2023-02-28 13:05:03,855 [WARN] IntegrityCheckThread:82 - waiting for thirdparty lock release [integrity check]
2023-02-28 13:05:03,857 [INFO] IntegrityCheckThread:84 - entering critical section [integrity check]
2023-02-28 13:05:03,858 [INFO] PluginManage:356 - Loaded plugin thirdparty (category:base,tabindex:-1)
2023-02-28 13:05:03,858 [INFO] PluginManage:307 - Check plugin tools
2023-02-28 13:05:03,863 [INFO] ThirdPartyUpdaterWithRetryManager:70 - Updater plugin not ready yet. [1/15]
2023-02-28 13:05:03,863 [INFO] PluginManage:356 - Loaded plugin tools (category:base,tabindex:7)
2023-02-28 13:05:03,863 [INFO] PluginManage:307 - Check plugin tutovideos
2023-02-28 13:05:04,037 [INFO] PluginManage:356 - Loaded plugin tutovideos (category:base,tabindex:-1)
2023-02-28 13:05:04,038 [INFO] PluginManage:307 - Check plugin updater
2023-02-28 13:05:04,055 [INFO] PluginManage:356 - Loaded plugin updater (category:base,tabindex:12)
2023-02-28 13:05:04,058 [INFO] PluginManage:280 - PluginManage : Loaded plugins [15]
2023-02-28 13:05:04,341 [INFO] PinOutPanel:1477 - setPackage(No Configuration,No Configuration)
2023-02-28 13:05:04,398 [INFO] CADModel:164 - CPN selected for project level
2023-02-28 13:05:04,399 [INFO] CADModel:113 - Register for checkConnection events
2023-02-28 13:05:04,410 [INFO] IPUIPlugin:79 - create IPUIPlugin
2023-02-28 13:05:04,410 [INFO] PluginManager:219 - loadIPPluginJar : add mdma
2023-02-28 13:05:04,416 [INFO] IPUIPlugin:79 - create IPUIPlugin
2023-02-28 13:05:04,417 [INFO] PluginManager:219 - loadIPPluginJar : add freertos
2023-02-28 13:05:04,420 [INFO] IPUIPlugin:79 - create IPUIPlugin
2023-02-28 13:05:04,421 [INFO] PluginManager:219 - loadIPPluginJar : add gic
2023-02-28 13:05:04,426 [INFO] IPUIPlugin:79 - create IPUIPlugin
2023-02-28 13:05:04,426 [INFO] PluginManager:219 - loadIPPluginJar : add adc
2023-02-28 13:05:04,428 [INFO] IPUIPlugin:79 - create IPUIPlugin
2023-02-28 13:05:04,428 [INFO] PluginManager:219 - loadIPPluginJar : add gtzc
2023-02-28 13:05:04,429 [INFO] IPUIPlugin:79 - create IPUIPlugin
2023-02-28 13:05:04,429 [INFO] PluginManager:219 - loadIPPluginJar : add quadspi
2023-02-28 13:05:04,430 [INFO] IPUIPlugin:79 - create IPUIPlugin
2023-02-28 13:05:04,430 [INFO] PluginManager:219 - loadIPPluginJar : add aes
2023-02-28 13:05:04,431 [INFO] IPUIPlugin:79 - create IPUIPlugin
2023-02-28 13:05:04,432 [INFO] PluginManager:219 - loadIPPluginJar : add pdm2pcm
2023-02-28 13:05:04,433 [INFO] IPUIPlugin:79 - create IPUIPlugin
2023-02-28 13:05:04,434 [INFO] PluginManager:219 - loadIPPluginJar : add hash
2023-02-28 13:05:04,434 [INFO] IPUIPlugin:79 - create IPUIPlugin
2023-02-28 13:05:04,434 [INFO] PluginManager:219 - loadIPPluginJar : add tim
2023-02-28 13:05:04,435 [INFO] IPUIPlugin:79 - create IPUIPlugin
2023-02-28 13:05:04,435 [INFO] PluginManager:219 - loadIPPluginJar : add tsc
2023-02-28 13:05:04,436 [INFO] IPUIPlugin:79 - create IPUIPlugin
2023-02-28 13:05:04,436 [INFO] PluginManager:219 - loadIPPluginJar : add ts
2023-02-28 13:05:04,438 [INFO] IPUIPlugin:79 - create IPUIPlugin
2023-02-28 13:05:04,438 [INFO] PluginManager:219 - loadIPPluginJar : add can
2023-02-28 13:05:04,439 [INFO] IPUIPlugin:79 - create IPUIPlugin
2023-02-28 13:05:04,439 [INFO] PluginManager:219 - loadIPPluginJar : add dma3
2023-02-28 13:05:04,440 [INFO] IPUIPlugin:79 - create IPUIPlugin
2023-02-28 13:05:04,440 [INFO] PluginManager:219 - loadIPPluginJar : add dfsdm
2023-02-28 13:05:04,441 [INFO] IPUIPlugin:79 - create IPUIPlugin
2023-02-28 13:05:04,441 [INFO] PluginManager:219 - loadIPPluginJar : add spi
2023-02-28 13:05:04,443 [INFO] IPUIPlugin:79 - create IPUIPlugin
2023-02-28 13:05:04,443 [INFO] PluginManager:219 - loadIPPluginJar : add gfxmmu
2023-02-28 13:05:04,444 [INFO] IPUIPlugin:79 - create IPUIPlugin
2023-02-28 13:05:04,444 [INFO] PluginManager:219 - loadIPPluginJar : add genericplugin
2023-02-28 13:05:04,445 [INFO] IPUIPlugin:79 - create IPUIPlugin
2023-02-28 13:05:04,445 [INFO] PluginManager:219 - loadIPPluginJar : add cryp
2023-02-28 13:05:04,447 [INFO] IPUIPlugin:79 - create IPUIPlugin
2023-02-28 13:05:04,447 [INFO] PluginManager:219 - loadIPPluginJar : add gpio
2023-02-28 13:05:04,453 [INFO] IPUIPlugin:79 - create IPUIPlugin
2023-02-28 13:05:04,454 [INFO] PluginManager:219 - loadIPPluginJar : add comp
2023-02-28 13:05:04,455 [INFO] IPUIPlugin:79 - create IPUIPlugin
2023-02-28 13:05:04,455 [INFO] PluginManager:219 - loadIPPluginJar : add tracer_emb
2023-02-28 13:05:04,456 [INFO] IPUIPlugin:79 - create IPUIPlugin
2023-02-28 13:05:04,458 [INFO] PluginManager:219 - loadIPPluginJar : add openamp
2023-02-28 13:05:04,461 [INFO] IPUIPlugin:79 - create IPUIPlugin
2023-02-28 13:05:04,462 [INFO] PluginManager:219 - loadIPPluginJar : add stm32_wpan
2023-02-28 13:05:04,467 [INFO] IPUIPlugin:79 - create IPUIPlugin
2023-02-28 13:05:04,469 [INFO] PluginManager:219 - loadIPPluginJar : add plateformsettings
2023-02-28 13:05:04,472 [INFO] IPUIPlugin:79 - create IPUIPlugin
2023-02-28 13:05:04,472 [INFO] PluginManager:219 - loadIPPluginJar : add ipddr
2023-02-28 13:05:04,474 [INFO] IPUIPlugin:79 - create IPUIPlugin
2023-02-28 13:05:04,474 [INFO] PluginManager:219 - loadIPPluginJar : add usart
2023-02-28 13:05:04,475 [INFO] IPUIPlugin:79 - create IPUIPlugin
2023-02-28 13:05:04,475 [INFO] PluginManager:219 - loadIPPluginJar : add ltdc
2023-02-28 13:05:04,477 [INFO] IPUIPlugin:79 - create IPUIPlugin
2023-02-28 13:05:04,477 [INFO] PluginManager:219 - loadIPPluginJar : add nvic
2023-02-28 13:05:04,478 [INFO] IPUIPlugin:79 - create IPUIPlugin
2023-02-28 13:05:04,478 [INFO] PluginManager:219 - loadIPPluginJar : add fatfs
2023-02-28 13:05:04,483 [INFO] IPUIPlugin:79 - create IPUIPlugin
2023-02-28 13:05:04,483 [INFO] PluginManager:219 - loadIPPluginJar : add linkedlist
2023-02-28 13:05:04,488 [INFO] IPUIPlugin:79 - create IPUIPlugin
2023-02-28 13:05:04,488 [INFO] PluginManager:219 - loadIPPluginJar : add dma
2023-02-28 13:05:04,490 [INFO] IPUIPlugin:79 - create IPUIPlugin
2023-02-28 13:05:04,491 [INFO] PluginManager:219 - loadIPPluginJar : add fmc
2023-02-28 13:05:04,492 [INFO] IPUIPlugin:79 - create IPUIPlugin
2023-02-28 13:05:04,493 [INFO] PluginManager:219 - loadIPPluginJar : add i2s
2023-02-28 13:05:04,494 [INFO] IPUIPlugin:79 - create IPUIPlugin
2023-02-28 13:05:04,494 [INFO] PluginManager:219 - loadIPPluginJar : add ucpd
2023-02-28 13:05:04,495 [INFO] IPUIPlugin:79 - create IPUIPlugin
2023-02-28 13:05:04,496 [INFO] PluginManager:219 - loadIPPluginJar : add lorawan
2023-02-28 13:05:04,498 [INFO] IPUIPlugin:79 - create IPUIPlugin
2023-02-28 13:05:04,499 [INFO] PluginManager:219 - loadIPPluginJar : add opamp
2023-02-28 13:05:04,500 [INFO] IPUIPlugin:79 - create IPUIPlugin
2023-02-28 13:05:04,501 [INFO] PluginManager:219 - loadIPPluginJar : add touchsensing
2023-02-28 13:05:04,503 [INFO] IPUIPlugin:79 - create IPUIPlugin
2023-02-28 13:05:04,503 [INFO] PluginManager:219 - loadIPPluginJar : add i2c
2023-02-28 13:05:04,505 [INFO] IPUIPlugin:79 - create IPUIPlugin
2023-02-28 13:05:04,505 [INFO] PluginManager:219 - loadIPPluginJar : add resmgrutility
2023-02-28 13:05:04,507 [INFO] IPUIPlugin:79 - create IPUIPlugin
2023-02-28 13:05:04,507 [INFO] PluginManager:219 - loadIPPluginJar : add sai
2023-02-28 13:05:04,509 [INFO] IPUIPlugin:79 - create IPUIPlugin
2023-02-28 13:05:04,511 [INFO] PluginManager:219 - loadIPPluginJar : add usbx
2023-02-28 13:05:04,628 [INFO] CADModel:164 - CPN selected for project level
2023-02-28 13:05:04,633 [INFO] CADModel:113 - Register for checkConnection events
2023-02-28 13:05:04,636 [FATAL] Updater:308 - Updater called before beeing initialized
2023-02-28 13:05:04,637 [ERROR] CADModel:124 - Updater not yet initialized, retry later 
2023-02-28 13:05:04,922 [INFO] CADModel:164 - CPN selected for project level
2023-02-28 13:05:04,926 [INFO] CADModel:113 - Register for checkConnection events
2023-02-28 13:05:04,926 [FATAL] Updater:308 - Updater called before beeing initialized
2023-02-28 13:05:04,926 [ERROR] CADModel:124 - Updater not yet initialized, retry later 
2023-02-28 13:05:04,940 [FATAL] Updater:308 - Updater called before beeing initialized
2023-02-28 13:05:05,164 [FATAL] Updater:308 - Updater called before beeing initialized
2023-02-28 13:05:05,175 [INFO] DbMcusAds:52 - JSON generation date=Tue Feb 21 21:58:20 ICT 2023 (1676991500156)
2023-02-28 13:05:05,176 [FATAL] Updater:308 - Updater called before beeing initialized
2023-02-28 13:05:05,222 [WARN] DetailPanel:344 - Failed to get advertising image, set to default
2023-02-28 13:05:05,313 [FATAL] Updater:308 - Updater called before beeing initialized
2023-02-28 13:05:05,316 [FATAL] Updater:308 - Updater called before beeing initialized
2023-02-28 13:05:05,316 [FATAL] Updater:308 - Updater called before beeing initialized
2023-02-28 13:05:05,316 [WARN] DetailPanel:344 - Failed to get advertising image, set to default
2023-02-28 13:05:05,317 [FATAL] Updater:308 - Updater called before beeing initialized
2023-02-28 13:05:05,379 [ERROR] Updater:1120 - MainUpdater not yet initialized. External WinMGr cannot be set.
2023-02-28 13:05:05,441 [INFO] Updater:1056 - Updater Version found : 6.7.0
2023-02-28 13:05:05,457 [INFO] ApplicationProperties:181 - Using Application install path: /Applications/STM32CubeIDE.app/Contents/Eclipse/plugins/com.st.stm32cube.common.mx_6.7.0.202211181646
2023-02-28 13:05:05,734 [INFO] MainUpdater:2800 - connection check result : 10
2023-02-28 13:05:05,734 [INFO] MainUpdater:282 - Updater Check For Update Now.
2023-02-28 13:05:05,734 [INFO] MicroXplorer:481 - Change Database Version : DB.6.0.70
2023-02-28 13:05:05,958 [INFO] CheckServerUpdateThread:119 - End of CheckServer Thread
2023-02-28 13:05:06,152 [INFO] MainUpdater:2800 - connection check result : 10
2023-02-28 13:05:07,051 [WARN] PackLoader:242 - Cannot read IP mode file for STMicroelectronics.X-CUBE-GNSS1.6.0.0
2023-02-28 13:05:07,217 [WARN] PackLoader:242 - Cannot read IP mode file for STMicroelectronics.X-CUBE-AZRTOS-F4.1.1.0
2023-02-28 13:05:07,386 [WARN] PackLoader:242 - Cannot read IP mode file for STMicroelectronics.X-CUBE-AZRTOS-F7.1.1.0
2023-02-28 13:05:07,440 [WARN] PackLoader:242 - Cannot read IP mode file for STMicroelectronics.X-CUBE-BLE1.6.2.4
2023-02-28 13:05:07,468 [WARN] PackLoader:242 - Cannot read IP mode file for emotas.I-CUBE-CANOPEN.1.1.3
2023-02-28 13:05:07,487 [WARN] PackLoader:242 - Cannot read IP mode file for STMicroelectronics.X-CUBE-NFC4.2.0.5
2023-02-28 13:05:07,502 [WARN] PackLoader:242 - Cannot read IP mode file for STMicroelectronics.X-CUBE-DISPLAY.3.0.0
2023-02-28 13:05:07,520 [WARN] PackLoader:242 - Cannot read IP mode file for wolfSSL.I-CUBE-wolfSSL.5.5.4
2023-02-28 13:05:07,529 [WARN] PackLoader:242 - Cannot read IP mode file for STMicroelectronics.X-CUBE-NFC7.1.0.0
2023-02-28 13:05:07,543 [WARN] PackLoader:242 - Cannot read IP mode file for STMicroelectronics.X-CUBE-EEPRMA1.4.1.0
2023-02-28 13:05:07,575 [INFO] ApiDb:580 - Connected to CubeFinder SQLite database (/Users/titor/.stmcufinder/plugins/mcufinder/mcu/cube-finder-db.db)
2023-02-28 13:05:07,605 [WARN] PackLoader:242 - Cannot read IP mode file for STMicroelectronics.X-CUBE-SFXS2LP1.4.0.0
2023-02-28 13:05:07,627 [INFO] ApiDb:667 - CubeFinder database Data Model version=2.1
2023-02-28 13:05:07,627 [INFO] ApiDb:668 - CubeFinder database Configuration version=3.0.35
2023-02-28 13:05:07,628 [INFO] ApiDb:669 - CubeFinder database generation date=2023-02-02 (1675320190)
2023-02-28 13:05:07,629 [INFO] ApiDb:670 - CubeFinder database FW Pack versions=[FP-ATR-ASTRA1_V1.1.1, STM32Cube_FW_C0_V1.0.1, STM32Cube_FW_F4_V1.27.1, STM32Cube_FW_F7_V1.17.0, STM32Cube_FW_G0_V1.6.1, STM32Cube_FW_G4_V1.5.0, STM32Cube_FW_H5_V0.5.1, STM32Cube_FW_H7_V1.11.0, STM32Cube_FW_L5_V1.5.0, STM32Cube_FW_U5_V1.1.1, STM32Cube_FW_WBA_V0.2.0, STM32Cube_FW_WB_V1.15.0, STM32Cube_FW_WB_V1.15.0RC1, STM32Cube_FW_WL_V1.3.0, X-CUBE-ALGOBUILD_V1.3.0, X-CUBE-ALS_V1.0.1, X-CUBE-AZRTOS-F4_V1.1.0, X-CUBE-AZRTOS-F7_V1.1.0, X-CUBE-AZRTOS-G0_V1.1.0, X-CUBE-AZRTOS-G4_V1.0.0, X-CUBE-AZRTOS-H7_V3.0.0, X-CUBE-AZRTOS-L4_V1.0.0, X-CUBE-AZRTOS-L5_V1.1.0, X-CUBE-AZRTOS-WB_V1.1.0, X-CUBE-AZRTOS-WL_V1.0.0, X-CUBE-BLE1_V6.2.4, X-CUBE-BLE2_V3.3.0, X-CUBE-BLEMGR_V1.3.0, X-CUBE-EEPRMA1_V4.1.0, X-CUBE-GNSS1_V6.0.0, X-CUBE-MEMS1_V9.1.0, X-CUBE-MEMS1_V9.3.0, X-CUBE-MEMS1_V9.4.0, X-CUBE-NFC4_V3.0.0, X-CUBE-NFC7_V1.0.0, X-CUBE-SFXS2LP1_V4.0.0, X-CUBE-SUBG2_V5.0.0]
2023-02-28 13:05:07,642 [WARN] PackLoader:242 - Cannot read IP mode file for STMicroelectronics.X-CUBE-BLE2.3.3.0
2023-02-28 13:05:07,667 [WARN] PackLoader:242 - Cannot read IP mode file for STMicroelectronics.X-CUBE-DISPLAY.2.2.0
2023-02-28 13:05:07,699 [WARN] PackLoader:242 - Cannot read IP mode file for STMicroelectronics.X-CUBE-TOF1.3.2.0
2023-02-28 13:05:07,762 [WARN] PackLoader:242 - Cannot read IP mode file for STMicroelectronics.X-CUBE-AZRTOS-H7.3.0.0
2023-02-28 13:05:07,812 [WARN] PackLoader:242 - Cannot read IP mode file for STMicroelectronics.X-CUBE-ISPU.1.1.0
2023-02-28 13:05:07,876 [WARN] PackLoader:242 - Cannot read IP mode file for RoweBots.I-CUBE-UNISONRTOS.5.5.0-4
2023-02-28 13:05:07,889 [WARN] PackLoader:242 - Cannot read IP mode file for STMicroelectronics.X-CUBE-AI.8.0.0
2023-02-28 13:05:07,906 [WARN] PackLoader:242 - Cannot read IP mode file for STMicroelectronics.X-CUBE-TOUCHGFX.4.21.1
2023-02-28 13:05:07,908 [WARN] PackLoader:242 - Cannot read IP mode file for STMicroelectronics.X-CUBE-TOUCHGFX.4.21.0
2023-02-28 13:05:07,976 [WARN] PackLoader:242 - Cannot read IP mode file for STMicroelectronics.X-CUBE-MEMS1.9.4.0
2023-02-28 13:05:08,099 [WARN] PackLoader:242 - Cannot read IP mode file for STMicroelectronics.X-CUBE-AI.7.3.0
2023-02-28 13:05:08,107 [WARN] PackLoader:242 - Cannot read IP mode file for STMicroelectronics.X-CUBE-ALGOBUILD.1.3.0
2023-02-28 13:05:08,130 [WARN] PackLoader:242 - Cannot read IP mode file for STMicroelectronics.X-CUBE-AZRTOS-L5.1.1.0
2023-02-28 13:05:08,163 [WARN] PackLoader:242 - Cannot read IP mode file for STMicroelectronics.X-CUBE-AZRTOS-G0.1.1.0
2023-02-28 13:05:08,184 [WARN] PackLoader:242 - Cannot read IP mode file for STMicroelectronics.X-CUBE-SUBG2.5.0.0
2023-02-28 13:05:08,210 [WARN] PackLoader:242 - Cannot read IP mode file for STMicroelectronics.X-CUBE-NFC4.3.0.0
2023-02-28 13:05:08,218 [WARN] PackLoader:242 - Cannot read IP mode file for STMicroelectronics.FP-ATR-ASTRA1.1.1.1
2023-02-28 13:05:08,231 [WARN] PackLoader:242 - Cannot read IP mode file for STMicroelectronics.X-CUBE-BLEMGR.1.3.0
2023-02-28 13:05:08,256 [WARN] PackLoader:242 - Cannot read IP mode file for STMicroelectronics.X-CUBE-AZRTOS-G4.1.0.0
2023-02-28 13:05:08,275 [WARN] PackLoader:242 - Cannot read IP mode file for STMicroelectronics.FP-ATR-SIGFOX1.3.2.0
2023-02-28 13:05:08,304 [WARN] PackLoader:242 - Cannot read IP mode file for STMicroelectronics.X-CUBE-AZRTOS-L4.1.0.0
2023-02-28 13:05:08,322 [WARN] PackLoader:242 - Cannot read IP mode file for STMicroelectronics.X-CUBE-AZRTOS-WL.1.0.0
2023-02-28 13:05:08,339 [WARN] PackLoader:242 - Cannot read IP mode file for portGmbH.I-Cube-SoM-uGOAL.1.1.0
2023-02-28 13:05:08,344 [WARN] PackLoader:242 - Cannot read IP mode file for STMicroelectronics.X-CUBE-ALS.1.0.1
2023-02-28 13:05:08,410 [WARN] PackLoader:242 - Cannot read IP mode file for STMicroelectronics.X-CUBE-MEMS1.9.5.0
2023-02-28 13:05:08,612 [WARN] PackLoader:242 - Cannot read IP mode file for STMicroelectronics.X-CUBE-AZRTOS-WB.1.1.0
2023-02-28 13:05:08,681 [WARN] PackLoader:242 - Cannot read IP mode file for SEGGER.I-CUBE-embOS.1.3.0
2023-02-28 13:05:08,753 [INFO] ThirdParty:947 - Integrity check success = true
2023-02-28 13:05:08,754 [INFO] IntegrityCheckThread:98 - exiting critical section [integrity check]
2023-02-28 13:05:08,754 [INFO] IntegrityCheckThread:101 - End integrity checks thread
2023-02-28 13:05:08,765 [INFO] ApiDb:239 - Found 143 in-development CPN: [B-WB1M-WPAN1, B-WL5M-SUBG1, NUCLEO-C031C6, STEVAL-PROTEUS1, STEVAL-STWINBX1, STM320518-EVAL, STM32C0116-DK, STM32C011D6Y3TR, STM32C011D6Y6TR, STM32C011F4P3, STM32C011F4P6, STM32C011F4U3, STM32C011F4U6TR, STM32C011F6P3, STM32C011F6P6, STM32C011F6U3, STM32C011F6U6TR, STM32C011J4M3, STM32C011J4M6, STM32C011J6M3, STM32C011J6M6, STM32C0316-DK, STM32C031C4T3, STM32C031C4T6, STM32C031C4U3, STM32C031C4U6, STM32C031C6T3, STM32C031C6T6, STM32C031C6U3, STM32C031C6U6, STM32C031F4P3, STM32C031F4P6, STM32C031F6P3, STM32C031F6P6, STM32C031G4U3, STM32C031G4U6, STM32C031G6U3, STM32C031G6U6, STM32C031K4T3, STM32C031K4T6, STM32C031K4U3, STM32C031K4U6, STM32C031K6T3, STM32C031K6T6, STM32C031K6U3, STM32C031K6U6, STM32G071K8TXN, STM32G071K8UXN, STM32G081GBU6N, STM32G081KBT6N, STM32G081KBUXN, STM32G0B1CCT6N, STM32G0B1KCT6, STM32G0B1NEY6TR, STM32G0B1RCT6N, STM32G0C1CCT6, STM32G0C1CCT6N, STM32G0C1CCU6N, STM32G0C1CET6N, STM32G0C1CEU6N, STM32G0C1KCT6, STM32G0C1NEY6TR, STM32G0C1RCI6N, STM32G0C1RCT6N, STM32G0C1REI6N, STM32G0C1RET6N, STM32G0C1VCI6, STM32G0C1VEI6, STM32G471CCT6, STM32G471CCU6, STM32G471CET3, STM32G471CET6, STM32G471CEU3, STM32G471CEU6, STM32G471MCT6, STM32G471MET3, STM32G471MET6, STM32G471MEY6TR, STM32G471QCT6, STM32G471QET3, STM32G471RCT6, STM32G471RET3, STM32G471RET6, STM32G471VCH6, STM32G471VCI6, STM32G471VCT6, STM32G471VEH3, STM32G471VEH6, STM32G471VEI3, STM32G471VEI6, STM32G471VET3, STM32G471VET6, STM32G474CCT6, STM32L476VGY6PTR, STM32L4R5QGI6STR, STM32MP131AAE3, STM32MP131AAF3, STM32MP131AAG3, STM32MP131CAE3, STM32MP131CAF3, STM32MP131CAG3, STM32MP131DAE7, STM32MP131DAF7, STM32MP131DAG7, STM32MP131FAE7, STM32MP131FAF7, STM32MP131FAG7, STM32MP133AAE3, STM32MP133AAF3, STM32MP133AAG3, STM32MP133CAE3, STM32MP133CAF3, STM32MP133CAG3, STM32MP133DAE7, STM32MP133DAF7, STM32MP133DAG7, STM32MP133FAE7, STM32MP133FAF7, STM32MP133FAG7, STM32MP135AAE3, STM32MP135AAF3, STM32MP135AAG3, STM32MP135CAE3, STM32MP135CAF3, STM32MP135CAG3, STM32MP135DAE7, STM32MP135DAF7, STM32MP135DAG7, STM32MP135F-DK, STM32MP135FAE7, STM32MP135FAF7, STM32MP135FAF7T, STM32MP135FAF7U, STM32MP135FAG7, STM32U595ZJT6Q, STM32U599BJY6QTR, STM32U599NIH6Q, STM32U599NJH6Q, STM32U5A5ZJT6Q, STM32U5A9BJY6QTR, STM32U5A9NJH6Q, STM32WB1MMCH6, STM32WL5MOCH6TR]
2023-02-28 13:05:08,772 [INFO] DbMcus:215 - Found 3582 MCUs, 3582 are supported
2023-02-28 13:05:08,782 [INFO] ApiDb:422 - Load user favorites file /Users/titor/.stm32cubeide/favorites.mcus.txt: 0 item(s)
2023-02-28 13:05:08,782 [INFO] ApiDb:426 - User favorites MCUs=[]
2023-02-28 13:05:08,782 [INFO] DbMcus:221 - Set 0 / 0 favorites MCUs
2023-02-28 13:05:08,989 [INFO] McuFinderGlobals:65 - Set McuFinderConnectedMode to true
2023-02-28 13:05:09,003 [INFO] MultiScanPanel:196 - Auto-refresh data requested => check proxy status ongoing
2023-02-28 13:05:09,005 [INFO] FinderPluginLoader:92 - Searching for filters in installed packs
2023-02-28 13:05:10,670 [INFO] LoadUrlFilesThread:179 - End of LoadServerUrlFiles without Thread
2023-02-28 13:05:10,701 [INFO] DetailPanel:339 - Set advertising image to /Users/titor/STM32Cube/Repository//en.prom-stm32u5-0223.jpg
2023-02-28 13:05:11,443 [INFO] ApiDb:667 - CubeFinder database Data Model version=2.1
2023-02-28 13:05:11,446 [INFO] ApiDb:668 - CubeFinder database Configuration version=3.0.35
2023-02-28 13:05:11,446 [INFO] ApiDb:669 - CubeFinder database generation date=2023-02-02 (1675320190)
2023-02-28 13:05:11,447 [INFO] ApiDb:670 - CubeFinder database FW Pack versions=[FP-ATR-ASTRA1_V1.1.1, STM32Cube_FW_C0_V1.0.1, STM32Cube_FW_F4_V1.27.1, STM32Cube_FW_F7_V1.17.0, STM32Cube_FW_G0_V1.6.1, STM32Cube_FW_G4_V1.5.0, STM32Cube_FW_H5_V0.5.1, STM32Cube_FW_H7_V1.11.0, STM32Cube_FW_L5_V1.5.0, STM32Cube_FW_U5_V1.1.1, STM32Cube_FW_WBA_V0.2.0, STM32Cube_FW_WB_V1.15.0, STM32Cube_FW_WB_V1.15.0RC1, STM32Cube_FW_WL_V1.3.0, X-CUBE-ALGOBUILD_V1.3.0, X-CUBE-ALS_V1.0.1, X-CUBE-AZRTOS-F4_V1.1.0, X-CUBE-AZRTOS-F7_V1.1.0, X-CUBE-AZRTOS-G0_V1.1.0, X-CUBE-AZRTOS-G4_V1.0.0, X-CUBE-AZRTOS-H7_V3.0.0, X-CUBE-AZRTOS-L4_V1.0.0, X-CUBE-AZRTOS-L5_V1.1.0, X-CUBE-AZRTOS-WB_V1.1.0, X-CUBE-AZRTOS-WL_V1.0.0, X-CUBE-BLE1_V6.2.4, X-CUBE-BLE2_V3.3.0, X-CUBE-BLEMGR_V1.3.0, X-CUBE-EEPRMA1_V4.1.0, X-CUBE-GNSS1_V6.0.0, X-CUBE-MEMS1_V9.1.0, X-CUBE-MEMS1_V9.3.0, X-CUBE-MEMS1_V9.4.0, X-CUBE-NFC4_V3.0.0, X-CUBE-NFC7_V1.0.0, X-CUBE-SFXS2LP1_V4.0.0, X-CUBE-SUBG2_V5.0.0]
2023-02-28 13:05:11,490 [INFO] DbBoardsSqlite:225 - include board P-NUCLEO-WB55-NUCLEO as a kit item of type 'Nucleo-64'
2023-02-28 13:05:11,491 [INFO] DbBoardsSqlite:225 - include board P-NUCLEO-WB55-USBDONGLE as a kit item of type 'Nucleo USB Dongle'
2023-02-28 13:05:11,491 [INFO] DbBoardsSqlite:225 - include board STEVAL-IDP005V1 as a kit item of type 'Evaluation Board'
2023-02-28 13:05:11,492 [INFO] DbBoardsSqlite:225 - include board STEVAL-IDP005V2 as a kit item of type 'Evaluation Board'
2023-02-28 13:05:11,512 [INFO] ApiDb:239 - Found 143 in-development CPN: [B-WB1M-WPAN1, B-WL5M-SUBG1, NUCLEO-C031C6, STEVAL-PROTEUS1, STEVAL-STWINBX1, STM320518-EVAL, STM32C0116-DK, STM32C011D6Y3TR, STM32C011D6Y6TR, STM32C011F4P3, STM32C011F4P6, STM32C011F4U3, STM32C011F4U6TR, STM32C011F6P3, STM32C011F6P6, STM32C011F6U3, STM32C011F6U6TR, STM32C011J4M3, STM32C011J4M6, STM32C011J6M3, STM32C011J6M6, STM32C0316-DK, STM32C031C4T3, STM32C031C4T6, STM32C031C4U3, STM32C031C4U6, STM32C031C6T3, STM32C031C6T6, STM32C031C6U3, STM32C031C6U6, STM32C031F4P3, STM32C031F4P6, STM32C031F6P3, STM32C031F6P6, STM32C031G4U3, STM32C031G4U6, STM32C031G6U3, STM32C031G6U6, STM32C031K4T3, STM32C031K4T6, STM32C031K4U3, STM32C031K4U6, STM32C031K6T3, STM32C031K6T6, STM32C031K6U3, STM32C031K6U6, STM32G071K8TXN, STM32G071K8UXN, STM32G081GBU6N, STM32G081KBT6N, STM32G081KBUXN, STM32G0B1CCT6N, STM32G0B1KCT6, STM32G0B1NEY6TR, STM32G0B1RCT6N, STM32G0C1CCT6, STM32G0C1CCT6N, STM32G0C1CCU6N, STM32G0C1CET6N, STM32G0C1CEU6N, STM32G0C1KCT6, STM32G0C1NEY6TR, STM32G0C1RCI6N, STM32G0C1RCT6N, STM32G0C1REI6N, STM32G0C1RET6N, STM32G0C1VCI6, STM32G0C1VEI6, STM32G471CCT6, STM32G471CCU6, STM32G471CET3, STM32G471CET6, STM32G471CEU3, STM32G471CEU6, STM32G471MCT6, STM32G471MET3, STM32G471MET6, STM32G471MEY6TR, STM32G471QCT6, STM32G471QET3, STM32G471RCT6, STM32G471RET3, STM32G471RET6, STM32G471VCH6, STM32G471VCI6, STM32G471VCT6, STM32G471VEH3, STM32G471VEH6, STM32G471VEI3, STM32G471VEI6, STM32G471VET3, STM32G471VET6, STM32G474CCT6, STM32L476VGY6PTR, STM32L4R5QGI6STR, STM32MP131AAE3, STM32MP131AAF3, STM32MP131AAG3, STM32MP131CAE3, STM32MP131CAF3, STM32MP131CAG3, STM32MP131DAE7, STM32MP131DAF7, STM32MP131DAG7, STM32MP131FAE7, STM32MP131FAF7, STM32MP131FAG7, STM32MP133AAE3, STM32MP133AAF3, STM32MP133AAG3, STM32MP133CAE3, STM32MP133CAF3, STM32MP133CAG3, STM32MP133DAE7, STM32MP133DAF7, STM32MP133DAG7, STM32MP133FAE7, STM32MP133FAF7, STM32MP133FAG7, STM32MP135AAE3, STM32MP135AAF3, STM32MP135AAG3, STM32MP135CAE3, STM32MP135CAF3, STM32MP135CAG3, STM32MP135DAE7, STM32MP135DAF7, STM32MP135DAG7, STM32MP135F-DK, STM32MP135FAE7, STM32MP135FAF7, STM32MP135FAF7T, STM32MP135FAF7U, STM32MP135FAG7, STM32U595ZJT6Q, STM32U599BJY6QTR, STM32U599NIH6Q, STM32U599NJH6Q, STM32U5A5ZJT6Q, STM32U5A9BJY6QTR, STM32U5A9NJH6Q, STM32WB1MMCH6, STM32WL5MOCH6TR]
2023-02-28 13:05:11,640 [INFO] BoardInfo:879 - No configuration file found for board P-NUCLEO-WB55
2023-02-28 13:05:11,641 [INFO] DbBoards:156 - Kit is not supported: P-NUCLEO-WB55
2023-02-28 13:05:11,650 [INFO] BoardInfo:879 - No configuration file found for board STEVAL-BFA001V1B
2023-02-28 13:05:11,650 [INFO] DbBoards:156 - Kit is not supported: STEVAL-BFA001V1B
2023-02-28 13:05:11,651 [INFO] BoardInfo:879 - No configuration file found for board STEVAL-BFA001V2B
2023-02-28 13:05:11,652 [INFO] DbBoards:156 - Kit is not supported: STEVAL-BFA001V2B
2023-02-28 13:05:11,783 [INFO] DbBoards:160 - Found 179 boards, 176 are supported
2023-02-28 13:05:11,807 [INFO] ApiDb:422 - Load user favorites file /Users/titor/.stm32cubeide/favorites.boards.txt: 0 item(s)
2023-02-28 13:05:11,808 [INFO] ApiDb:426 - User favorites Boards=[]
2023-02-28 13:05:11,809 [INFO] DbBoards:189 - Set 0 / 0 favorites Boards
2023-02-28 13:05:17,162 [INFO] MultiScanPanel:196 - Auto-refresh data requested => check proxy status ongoing
2023-02-28 13:05:17,460 [INFO] LoadUrlFilesThread:179 - End of LoadServerUrlFiles without Thread
2023-02-28 13:05:17,461 [INFO] DetailPanel:339 - Set advertising image to /Users/titor/STM32Cube/Repository//en.prom-stm32u5-0223.jpg
2023-02-28 13:05:17,501 [INFO] DbBoards:633 - Loading board mini-images...
2023-02-28 13:05:19,429 [ERROR] LogOutputStream:74 - [STDERR_REDIRECT] SLF4J: Failed to load class "org.slf4j.impl.StaticLoggerBinder".
2023-02-28 13:05:19,439 [ERROR] LogOutputStream:74 - [STDERR_REDIRECT] SLF4J: Defaulting to no-operation (NOP) logger implementation
2023-02-28 13:05:19,440 [ERROR] LogOutputStream:74 - [STDERR_REDIRECT] SLF4J: See http://www.slf4j.org/codes.html#StaticLoggerBinder for further details.
2023-02-28 13:05:20,218 [INFO] DbBoards:656 - Loaded 179 board mini-images
2023-02-28 13:05:52,477 [INFO] MainUpdater:2800 - connection check result : 10
2023-02-28 13:05:52,485 [INFO] MainUpdater:2800 - connection check result : 10
2023-02-28 13:05:53,478 [INFO] MicroXplorer:451 - Change Database Path : 
2023-02-28 13:05:53,481 [INFO] MicroXplorer:481 - Change Database Version : DB.6.0.70
2023-02-28 13:05:53,486 [WARN] ThirdParty:845 - waiting for thirdparty lock release [close project]
2023-02-28 13:05:53,486 [INFO] ThirdParty:847 - entering critical section [close project]
2023-02-28 13:05:53,495 [INFO] ThirdParty:857 - exiting critical section [close project]
2023-02-28 13:05:53,518 [INFO] PinOutPanel:1477 - setPackage(No Configuration,No Configuration)
2023-02-28 13:05:53,558 [INFO] UtilMem:74 - Begin LoadConfig() Used Memory: 454392384 Bytes (476053504)
2023-02-28 13:05:53,573 [INFO] OpenFileManager:307 - Change cursor
2023-02-28 13:05:53,740 [INFO] ProjectFactory:399 - No CPN specified for board NUCLEO-F411RE => set CPN to STM32F411RET6
2023-02-28 13:05:53,747 [INFO] Mcu:1925 - Initializing MCU STM32F411R(C-E)Tx STM32F411RETx STM32F411RET6
2023-02-28 13:05:56,216 [INFO] Context:654 - Trying to add GPIOservice into a context  which must be forbidden
2023-02-28 13:05:57,568 [INFO] Rule:225 - rule 117617 - U5Cobra4M][GTZC] default value MPCBB3 and MPCBB5 - Not Secured memory - MPCBB1 is applicable
2023-02-28 13:05:57,574 [INFO] Rule:225 - rule 117617 - U5Cobra4M][GTZC] default value MPCBB3 and MPCBB5 - Not Secured memory - MPCBB1 is applicable
2023-02-28 13:05:57,576 [INFO] Rule:225 - rule 117617 - U5Cobra4M][GTZC] default value MPCBB3 and MPCBB5 - Not Secured memory - MPCBB2 is applicable
2023-02-28 13:05:57,576 [INFO] Rule:225 - rule 117617 - U5Cobra4M][GTZC] default value MPCBB3 and MPCBB5 - Not Secured memory - MPCBB2 is applicable
2023-02-28 13:05:57,576 [INFO] Rule:225 - rule 117617 - U5Cobra4M][GTZC] default value MPCBB3 and MPCBB5 - Not Secured memory - MPCBB3 is applicable
2023-02-28 13:05:57,576 [INFO] Rule:225 - rule 117617 - U5Cobra4M][GTZC] default value MPCBB3 and MPCBB5 - Not Secured memory - MPCBB3 is applicable
2023-02-28 13:05:57,576 [INFO] Rule:225 - rule 117617 - U5Cobra4M][GTZC] default value MPCBB3 and MPCBB5 - Not Secured memory - MPCBB4 is applicable
2023-02-28 13:05:57,576 [INFO] Rule:225 - rule 117617 - U5Cobra4M][GTZC] default value MPCBB3 and MPCBB5 - Not Secured memory - MPCBB4 is applicable
2023-02-28 13:05:57,576 [INFO] Rule:225 - rule 117617 - U5Cobra4M][GTZC] default value MPCBB3 and MPCBB5 - Secured memory - MPCBB1 is applicable
2023-02-28 13:05:57,576 [INFO] Rule:225 - rule 117617 - U5Cobra4M][GTZC] default value MPCBB3 and MPCBB5 - Secured memory - MPCBB2 is applicable
2023-02-28 13:05:57,576 [INFO] Rule:225 - rule 117617 - U5Cobra4M][GTZC] default value MPCBB3 and MPCBB5 - Secured memory - MPCBB3 is applicable
2023-02-28 13:05:57,576 [INFO] Rule:225 - rule 117617 - U5Cobra4M][GTZC] default value MPCBB3 and MPCBB5 - Secured memory - MPCBB4 is applicable
2023-02-28 13:05:57,576 [INFO] Rule:225 - rule 117617 - U5Cobra4M][GTZC] default value MPCBB3 and MPCBB5 - Privileged memory - MPCBB1 is applicable
2023-02-28 13:05:57,576 [INFO] Rule:225 - rule 117617 - U5Cobra4M][GTZC] default value MPCBB3 and MPCBB5 - Privileged memory - MPCBB2 is applicable
2023-02-28 13:05:57,576 [INFO] Rule:225 - rule 117617 - U5Cobra4M][GTZC] default value MPCBB3 and MPCBB5 - Privileged memory - MPCBB3 is applicable
2023-02-28 13:05:57,576 [INFO] Rule:225 - rule 117617 - U5Cobra4M][GTZC] default value MPCBB3 and MPCBB5 - Privileged memory - MPCBB4 is applicable
2023-02-28 13:05:57,576 [INFO] Rule:225 - rule 117617 - U5Cobra4M][GTZC] default value MPCBB3 and MPCBB5 - Not Privileged memory - MPCBB1 is applicable
2023-02-28 13:05:57,576 [INFO] Rule:225 - rule 117617 - U5Cobra4M][GTZC] default value MPCBB3 and MPCBB5 - Not Privileged memory - MPCBB2 is applicable
2023-02-28 13:05:57,577 [INFO] Rule:225 - rule 117617 - U5Cobra4M][GTZC] default value MPCBB3 and MPCBB5 - Not Privileged memory - MPCBB3 is applicable
2023-02-28 13:05:57,577 [INFO] Rule:225 - rule 117617 - U5Cobra4M][GTZC] default value MPCBB3 and MPCBB5 - Not Privileged memory - MPCBB4 is applicable
2023-02-28 13:05:57,577 [INFO] Rule:225 - rule 117617 - U5Cobra4M][GTZC] default value MPCBB3 and MPCBB5 - Privileged memory - MPCBB1 is applicable
2023-02-28 13:05:57,577 [INFO] Rule:225 - rule 117617 - U5Cobra4M][GTZC] default value MPCBB3 and MPCBB5 - Privileged memory - MPCBB2 is applicable
2023-02-28 13:05:57,577 [INFO] Rule:225 - rule 117617 - U5Cobra4M][GTZC] default value MPCBB3 and MPCBB5 - Privileged memory - MPCBB3 is applicable
2023-02-28 13:05:57,577 [INFO] Rule:225 - rule 117617 - U5Cobra4M][GTZC] default value MPCBB3 and MPCBB5 - Privileged memory - MPCBB4 is applicable
2023-02-28 13:05:57,577 [INFO] Rule:225 - rule 117617 - U5Cobra4M][GTZC] default value MPCBB3 and MPCBB5 - Privileged memory - MPCBB1 is applicable
2023-02-28 13:05:57,577 [INFO] Rule:225 - rule 117617 - U5Cobra4M][GTZC] default value MPCBB3 and MPCBB5 - Privileged memory - MPCBB2 is applicable
2023-02-28 13:05:57,577 [INFO] Rule:225 - rule 117617 - U5Cobra4M][GTZC] default value MPCBB3 and MPCBB5 - Privileged memory - MPCBB3 is applicable
2023-02-28 13:05:57,577 [INFO] Rule:225 - rule 117617 - U5Cobra4M][GTZC] default value MPCBB3 and MPCBB5 - Privileged memory - MPCBB4 is applicable
2023-02-28 13:05:57,577 [INFO] Rule:225 - rule 117617 - U5Cobra4M][GTZC] default value MPCBB3 and MPCBB5 - Not Privileged memory - MPCBB1 is applicable
2023-02-28 13:05:57,577 [INFO] Rule:225 - rule 117617 - U5Cobra4M][GTZC] default value MPCBB3 and MPCBB5 - Not Privileged memory - MPCBB2 is applicable
2023-02-28 13:05:57,577 [INFO] Rule:225 - rule 117617 - U5Cobra4M][GTZC] default value MPCBB3 and MPCBB5 - Not Privileged memory - MPCBB3 is applicable
2023-02-28 13:05:57,577 [INFO] Rule:225 - rule 117617 - U5Cobra4M][GTZC] default value MPCBB3 and MPCBB5 - Not Privileged memory - MPCBB4 is applicable
2023-02-28 13:05:57,577 [INFO] Rule:225 - rule 117617 - U5Cobra4M][GTZC] default value MPCBB3 and MPCBB5 - Privileged memory - MPCBB1 is applicable
2023-02-28 13:05:57,577 [INFO] Rule:225 - rule 117617 - U5Cobra4M][GTZC] default value MPCBB3 and MPCBB5 - Privileged memory - MPCBB2 is applicable
2023-02-28 13:05:57,577 [INFO] Rule:225 - rule 117617 - U5Cobra4M][GTZC] default value MPCBB3 and MPCBB5 - Privileged memory - MPCBB3 is applicable
2023-02-28 13:05:57,577 [INFO] Rule:225 - rule 117617 - U5Cobra4M][GTZC] default value MPCBB3 and MPCBB5 - Privileged memory - MPCBB4 is applicable
2023-02-28 13:05:57,577 [INFO] Rule:225 - rule Rename SubGHz_Phy SUBGHZ_APPLICATION SUBGHZ_PINGPONG to SUBGHZ_ADV_APPLICATION is applicable
2023-02-28 13:05:57,577 [INFO] Rule:225 - rule Rename Enabled to IBEACON is applicable
2023-02-28 13:05:57,577 [INFO] Rule:225 - rule GTZC_S instance for project manager is applicable
2023-02-28 13:05:57,577 [INFO] Rule:225 - rule GTZC_S instance for context M33S is applicable
2023-02-28 13:05:57,577 [INFO] Rule:225 - rule GTZC_S instance value for IP GTZC is applicable
2023-02-28 13:05:57,578 [INFO] Rule:225 - rule GTZC_S instance for mcu.IP is applicable
2023-02-28 13:05:57,578 [INFO] Rule:225 - rule GTZC_S instance for VP is applicable
2023-02-28 13:05:57,578 [INFO] Rule:225 - rule GTZC_S instance for signal is applicable
2023-02-28 13:05:57,578 [INFO] Rule:225 - rule GTZC_S instance for mcu.Pin is applicable
2023-02-28 13:05:57,578 [INFO] Rule:225 - rule GTZC_S instance for VP is applicable
2023-02-28 13:05:57,578 [INFO] Rule:225 - rule GTZC_S instance for signal is applicable
2023-02-28 13:05:57,578 [INFO] Rule:225 - rule GTZC_S instance for mcu is applicable
2023-02-28 13:05:57,578 [INFO] Rule:225 - rule GTZC_S instance for mcu.Pin is applicable
2023-02-28 13:05:57,579 [INFO] Rule:225 - rule GTZC_S instance value for IP GTZC is applicable
2023-02-28 13:05:57,579 [INFO] Rule:225 - rule GTZC_S instance for project manager is applicable
2023-02-28 13:05:57,579 [INFO] Rule:225 - rule GTZC_S instance for context M33S is applicable
2023-02-28 13:05:57,579 [INFO] Rule:225 - rule GTZC_S instance for VP is applicable
2023-02-28 13:05:57,579 [INFO] Rule:225 - rule GTZC_S instance for signal is applicable
2023-02-28 13:05:57,579 [INFO] Rule:225 - rule SPDIFRX instance for mcu is applicable
2023-02-28 13:05:57,579 [INFO] Rule:225 - rule Rename Tracer Mode is applicable
2023-02-28 13:05:57,579 [INFO] Rule:225 - rule SPDIFRX instance value for IP SPDIFRX is applicable
2023-02-28 13:05:57,579 [INFO] Rule:225 - rule SPDIFRX instance for signal is applicable
2023-02-28 13:05:57,579 [INFO] Rule:225 - rule SPDIFRX instance for project manager is applicable
2023-02-28 13:05:57,579 [INFO] Rule:225 - rule SPDIFRX instance for project manager is applicable
2023-02-28 13:05:57,579 [INFO] Rule:225 - rule ADC Scan  fix with FW F7 is applicable
2023-02-28 13:05:57,579 [INFO] Rule:225 - rule ADC Scan  fix with FW F7 is applicable
2023-02-28 13:05:57,579 [INFO] Rule:225 - rule Add RTC Activate Clock Source is applicable
2023-02-28 13:05:57,579 [INFO] Rule:225 - rule Add RTC Activate Calendar 1 is applicable
2023-02-28 13:05:57,579 [INFO] Rule:225 - rule Add RTC Activate Calendar 2 is applicable
2023-02-28 13:05:57,579 [INFO] Rule:225 - rule Add RTC Activate Calendar 3 is applicable
2023-02-28 13:05:57,579 [INFO] Rule:225 - rule UART/USART TX Mode is applicable
2023-02-28 13:05:57,579 [INFO] Rule:225 - rule UART/USART RX Mode is applicable
2023-02-28 13:05:57,579 [INFO] Rule:225 - rule UART/USART RX TX Mode is applicable
2023-02-28 13:05:57,579 [INFO] Rule:225 - rule UART/USART PARITY NONE is applicable
2023-02-28 13:05:57,579 [INFO] Rule:225 - rule UART/USART PARITY EVEN is applicable
2023-02-28 13:05:57,579 [INFO] Rule:225 - rule UART/USART PARITY ODD is applicable
2023-02-28 13:05:57,579 [INFO] Rule:225 - rule USART StopBits 1 is applicable
2023-02-28 13:05:57,579 [INFO] Rule:225 - rule USART StopBits 2 is applicable
2023-02-28 13:05:57,579 [INFO] Rule:225 - rule USART StopBits 1.5 is applicable
2023-02-28 13:05:57,580 [INFO] Rule:225 - rule USART StopBits 0.5 is applicable
2023-02-28 13:05:57,580 [INFO] Rule:225 - rule UART/USART WORD LENGTH 7 is applicable
2023-02-28 13:05:57,580 [INFO] Rule:225 - rule UART/USART WORD LENGTH 8 is applicable
2023-02-28 13:05:57,580 [INFO] Rule:225 - rule UART/USART WORD LENGTH 9 is applicable
2023-02-28 13:05:57,580 [INFO] Rule:225 - rule Rename FMC NAND NCE signal is applicable
2023-02-28 13:05:57,580 [INFO] Rule:225 - rule Rename FMC NAND INT signal is applicable
2023-02-28 13:05:57,580 [INFO] Rule:225 - rule Change Default Value for LSE Drive Capability for WB family is applicable
2023-02-28 13:05:57,580 [INFO] Rule:225 - rule Change Default Value for ADC Clock Prescaler G0 family is applicable
2023-02-28 13:05:57,580 [INFO] Rule:225 - rule Change Default Value for ADC ExternalTrigConv L4 family is applicable
2023-02-28 13:05:57,580 [INFO] Rule:225 - rule Change Default Value for ADC ExternalTrigInjecConv L4 family is applicable
2023-02-28 13:05:57,580 [INFO] Rule:225 - rule Change Default Value for ADC ExternalTrigConv F3 family is applicable
2023-02-28 13:05:57,580 [INFO] Rule:225 - rule Change Default Value for ADC ExternalTrigInjecConv F3 family is applicable
2023-02-28 13:05:57,580 [INFO] Rule:225 - rule Change Default Value for ADC ExternalTrigConv Goldfish serie is applicable
2023-02-28 13:05:57,580 [INFO] Rule:225 - rule Change Default Value for ADC ExternalTrigInjecConv Goldfish serie is applicable
2023-02-28 13:05:57,580 [INFO] Rule:225 - rule Change Default Value for ADC ExternalTrigConv L0 family is applicable
2023-02-28 13:05:57,580 [INFO] Rule:225 - rule Change Default Value for ADC ExternalTrigConv F0 family is applicable
2023-02-28 13:05:57,580 [INFO] Rule:225 - rule Change Default Value for ADC ExternalTrigConvn L1 family is applicable
2023-02-28 13:05:57,580 [INFO] Rule:225 - rule Change Default Value for ADC ExternalTrigInjecConv L1 family is applicable
2023-02-28 13:05:57,580 [INFO] Rule:225 - rule Change Default Value for ADC ExternalTrigConv F1 family is applicable
2023-02-28 13:05:57,580 [INFO] Rule:225 - rule Change Default Value for ADC ExternalTrigInjecConv F1 family is applicable
2023-02-28 13:05:57,580 [INFO] Rule:225 - rule Change Default Value for ADC ExternalTrigConv F7 family is applicable
2023-02-28 13:05:57,580 [INFO] Rule:225 - rule Change Default Value for ADC ExternalTrigInjecConv F7 family is applicable
2023-02-28 13:05:57,580 [INFO] Rule:225 - rule Change Default Value for ADC ExternalTrigConv F4 and F2 family is applicable
2023-02-28 13:05:57,580 [INFO] Rule:225 - rule Change Default Value for ADC ExternalTrigInjecConv F4 and F2 family is applicable
2023-02-28 13:05:57,581 [INFO] Rule:225 - rule ADC SamplingTime fix with FW L0  is applicable
2023-02-28 13:05:57,582 [INFO] Rule:225 - rule ADC SamplingTime fix with FW L0  is applicable
2023-02-28 13:05:57,582 [INFO] Rule:225 - rule ADC SamplingTime fix with FW L0 is applicable
2023-02-28 13:05:57,582 [INFO] Rule:225 - rule ADC SamplingTime fix with FW L0 is applicable
2023-02-28 13:05:57,582 [INFO] Rule:225 - rule ADC SamplingTime fix with FW L0  is applicable
2023-02-28 13:05:57,582 [INFO] Rule:225 - rule ADC SamplingTime fix with FW L0 is applicable
2023-02-28 13:05:57,582 [INFO] Rule:225 - rule Rename USB_OE Signal is applicable
2023-02-28 13:05:57,582 [INFO] Rule:225 - rule Rename Activate_OE Mode is applicable
2023-02-28 13:05:57,582 [INFO] Rule:225 - rule Rename DIE462/DIE415 pin PC14/OSC32_IN -> PC14-OSC32_IN (PC14) is applicable
2023-02-28 13:05:57,582 [INFO] Rule:225 - rule Rename DIE462/DIE415 pin PC15/OSC32_OUT -> PC15-OSC32_OUT (PC15) is applicable
2023-02-28 13:05:57,582 [INFO] Rule:225 - rule Rename DIE462/DIE415 pin PH0/OSC_IN -> PH0-OSC_IN (PH0) is applicable
2023-02-28 13:05:57,582 [INFO] Rule:225 - rule Rename DIE462/DIE415 pin PH1/OSC_OUT -> PH1-OSC_OUT (PH1) is applicable
2023-02-28 13:05:57,582 [INFO] Rule:225 - rule Rename DIE462 pin PA13 -> PA13 (JTMS/SWDIO) is applicable
2023-02-28 13:05:57,582 [INFO] Rule:225 - rule Rename DIE415 pin PA13 -> PA13 (JTMS/SWDIO) is applicable
2023-02-28 13:05:57,582 [INFO] Rule:225 - rule Rename DIE462 pin PA14 -> PA14 (JTCK/SWCLK) is applicable
2023-02-28 13:05:57,582 [INFO] Rule:225 - rule Rename DIE415 pin PA14 -> PA14 (JTCK/SWCLK) is applicable
2023-02-28 13:05:57,583 [INFO] Rule:225 - rule Rename DIE462/DIE415 pin PA15 -> PA15 (JTDI) is applicable
2023-02-28 13:05:57,583 [INFO] Rule:225 - rule Rename DIE462 pin PB3 -> PB3 (JTD0/TRACESWO) is applicable
2023-02-28 13:05:57,583 [INFO] Rule:225 - rule Rename DIE415 pin PB3 -> PB3 (JTD0-TRACESWO) is applicable
2023-02-28 13:05:57,583 [INFO] Rule:225 - rule Rename DIE462/DIE415 pin PB4 -> PB4 (NJTRST) is applicable
2023-02-28 13:05:57,583 [INFO] Rule:225 - rule Rename DIE462 pin PH3/BOOT0 -> PH3-BOOT0 (BOOT0) is applicable
2023-02-28 13:05:57,583 [INFO] Rule:225 - rule Rename CRYP DataEncryptionTypesList to Algorithm is applicable
2023-02-28 13:05:57,583 [INFO] Rule:225 - rule Rename AES DataEncryptionTypesList to Algorithm is applicable
2023-02-28 13:05:57,583 [INFO] Rule:225 - rule Rename TDESECB to CRYP_TDES_ECB is applicable
2023-02-28 13:05:57,583 [INFO] Rule:225 - rule Rename TDESCBC to CRYP_TDES_CBC is applicable
2023-02-28 13:05:57,583 [INFO] Rule:225 - rule Rename DESECB to CRYP_DES_ECB is applicable
2023-02-28 13:05:57,583 [INFO] Rule:225 - rule Rename DESCBC to CRYP_DES_CBC is applicable
2023-02-28 13:05:57,584 [INFO] Rule:225 - rule Rename AESECB to CRYP_AES_ECB is applicable
2023-02-28 13:05:57,584 [INFO] Rule:225 - rule Rename AESCBC to CRYP_AES_CBC is applicable
2023-02-28 13:05:57,585 [INFO] Rule:225 - rule Rename AESCTR to CRYP_AES_CTR is applicable
2023-02-28 13:05:57,586 [INFO] Rule:225 - rule Rename AESGCM to CRYP_AES_GCM is applicable
2023-02-28 13:05:57,586 [INFO] Rule:225 - rule Rename AESCCM to CRYP_AES_CCM is applicable
2023-02-28 13:05:57,586 [INFO] Rule:225 - rule Rename CAN TimeSeg1 to BS1 is applicable
2023-02-28 13:05:57,586 [INFO] Rule:225 - rule Rename CAN TimeSeg2 to BS2 is applicable
2023-02-28 13:05:57,586 [INFO] Rule:225 - rule Rename CAN SyncJumpWidth to SJW is applicable
2023-02-28 13:05:57,586 [INFO] Rule:225 - rule TimeTriggeredMode to TTCM is applicable
2023-02-28 13:05:57,586 [INFO] Rule:225 - rule Rename CAN AutoBusOff to ABOM is applicable
2023-02-28 13:05:57,586 [INFO] Rule:225 - rule Rename CAN AutoWakeUp to AWUM is applicable
2023-02-28 13:05:57,586 [INFO] Rule:225 - rule Rename CAN AutoRetransmission to NART is applicable
2023-02-28 13:05:57,586 [INFO] Rule:225 - rule Rename CAN ReceiveFifoLocked to RFLM is applicable
2023-02-28 13:05:57,586 [INFO] Rule:225 - rule Rename CAN TransmitFifoPriority to TXFP is applicable
2023-02-28 13:05:57,586 [INFO] Rule:225 - rule Rename HRTIMER HRTIM_OUTPUTFAULTLEVEL_HIGH in HRTIMER HRTIM_OUTPUTFAULTLEVEL_HIGHZ is applicable
2023-02-28 13:05:57,586 [INFO] Rule:225 - rule Rename TIMER TIM_CLEARINPUTSOURCE_OCREFCLR in  TIMER TIM_CLEARINPUTSOURCE_NONE for F7 family is applicable
2023-02-28 13:05:57,586 [INFO] Rule:225 - rule FDCAN_R1 - Rename FDCAN mode Master into Classic is applicable
2023-02-28 13:05:57,586 [INFO] Rule:225 - rule FDCAN_R2 - Rename FDCAN mode Slave into Classic is applicable
2023-02-28 13:05:57,586 [INFO] Rule:225 - rule FDCAN1_R3 - if PA10.Mode=FullDuplex, add Pin PA12 is applicable
2023-02-28 13:05:57,586 [INFO] Rule:225 - rule FDCAN1_R3 - if PA9.Mode=FullDuplex, add Pin PA11 is applicable
2023-02-28 13:05:57,586 [INFO] Rule:225 - rule FDCAN1_R3 - Alternatepin_1 - if PE1.Mode=FullDuplex, add Pin PB9 is applicable
2023-02-28 13:05:57,586 [INFO] Rule:225 - rule FDCAN1_R3 - Alternatepin_1 - if PE0.Mode=FullDuplex, add Pin PB8 is applicable
2023-02-28 13:05:57,587 [INFO] Rule:225 - rule FDCAN1_R3 - Alternatepin_2 - if PD5.Mode=FullDuplex, add Pin PD1 is applicable
2023-02-28 13:05:57,587 [INFO] Rule:225 - rule FDCAN1_R3 - Alternatepin_2 - if PD4.Mode=FullDuplex, add Pin PD0 is applicable
2023-02-28 13:05:57,587 [INFO] Rule:225 - rule FDCAN1_R4 - Rename Mode FullDuplex into Enable FDCAN_TXFD for pin PA10 is applicable
2023-02-28 13:05:57,587 [INFO] Rule:225 - rule FDCAN1_R4 - Rename Mode FullDuplex into Enable FDCAN_TXFD for pin PA9 is applicable
2023-02-28 13:05:57,587 [INFO] Rule:225 - rule FDCAN1_R4 - Alternatepin_1 - Rename Mode FullDuplex into Enable FDCAN_TXFD for pin PE1 is applicable
2023-02-28 13:05:57,587 [INFO] Rule:225 - rule FDCAN1_R4 - Alternatepin_1 - Rename Mode FullDuplex into Enable FDCAN_TXFD for pin PE0 is applicable
2023-02-28 13:05:57,587 [INFO] Rule:225 - rule FDCAN1_R4 - Alternatepin_2 - Rename Mode FullDuplex into Enable FDCAN_TXFD for pin PD5 is applicable
2023-02-28 13:05:57,587 [INFO] Rule:225 - rule FDCAN1_R4 - Alternatepin_2 - Rename Mode FullDuplex into Enable FDCAN_TXFD for pin PD4 is applicable
2023-02-28 13:05:57,587 [INFO] Rule:225 - rule FDCAN2_R3 - if PD10.Mode=FullDuplex, add Pin PB13 is applicable
2023-02-28 13:05:57,587 [INFO] Rule:225 - rule FDCAN2_R3 - if PD9.Mode=FullDuplex, add Pin PB12 is applicable
2023-02-28 13:05:57,587 [INFO] Rule:225 - rule FDCAN2_R3 - Alternatepin_1 - if PB7.Mode=FullDuplex, add Pin PB6 is applicable
2023-02-28 13:05:57,587 [INFO] Rule:225 - rule FDCAN2_R3 - Alternatepin_1 - if PD9.Mode=FullDuplex, add Pin PB12 is applicable
2023-02-28 13:05:57,587 [INFO] Rule:225 - rule FDCAN2_R4 - Rename Mode FullDuplex into Enable FDCAN_TXFD for pin PD10 is applicable
2023-02-28 13:05:57,587 [INFO] Rule:225 - rule FDCAN2_R4 - Rename Mode FullDuplex into Enable FDCAN_TXFD for pin PD9 is applicable
2023-02-28 13:05:57,587 [INFO] Rule:225 - rule FDCAN2_R4 - Alternatepin_1 - Rename Mode FullDuplex into Enable FDCAN_TXFD for pin PB7 is applicable
2023-02-28 13:05:57,587 [INFO] Rule:225 - rule FDCAN2_R4 - Alternatepin_1 - Rename Mode FullDuplex into Enable FDCAN_TXFD for pin PD6 is applicable
2023-02-28 13:05:57,587 [INFO] Rule:225 - rule USART TxPinLevelInvertParam Mode is applicable
2023-02-28 13:05:57,587 [INFO] Rule:225 - rule USART RxPinLevelInvertParam Mode is applicable
2023-02-28 13:05:57,587 [INFO] Rule:225 - rule USART DataInvertParam Mode is applicable
2023-02-28 13:05:57,587 [INFO] Rule:225 - rule USART SwapParam Mode is applicable
2023-02-28 13:05:57,587 [INFO] Rule:225 - rule USART OverrunDisableParam Mode is applicable
2023-02-28 13:05:57,587 [INFO] Rule:225 - rule USART DMADisableonRxErrorParam Mode is applicable
2023-02-28 13:05:57,587 [INFO] Rule:225 - rule USART MSBFirstParam Mode is applicable
2023-02-28 13:05:57,587 [INFO] Rule:225 - rule Update MwName for USB_DEVICE is applicable
2023-02-28 13:05:57,587 [INFO] Rule:225 - rule Change PWR_Regulator_Voltage_Scale Default Value for RCC  H7 family is applicable
2023-02-28 13:05:57,587 [INFO] Rule:225 - rule UART/USART IPParameter rename Prescaler parameter to ClockPrescaler is applicable
2023-02-28 13:05:57,587 [INFO] Rule:225 - rule UART/USART Prescaler rename Prescaler parameter to ClockPrescaler is applicable
2023-02-28 13:05:57,587 [INFO] Rule:225 - rule TIM1CLockSelection is applicable
2023-02-28 13:05:57,587 [INFO] Rule:225 - rule TIM15CLockSelection is applicable
2023-02-28 13:05:57,587 [INFO] Rule:225 - rule align RCC SDMMC3CLockSelection default value on MP1 is applicable
2023-02-28 13:05:57,587 [INFO] Rule:225 - rule align RCC SDMMC12CLockSelection default value on MP1 is applicable
2023-02-28 13:05:57,588 [INFO] Rule:225 - rule align RCC QSPICLockSelection default value on MP1 is applicable
2023-02-28 13:05:57,588 [INFO] Rule:225 - rule align RCC QSPICLockSelection default value on MP1 is applicable
2023-02-28 13:05:57,588 [INFO] Rule:225 - rule align RCC SPI6CLockSelection default value on MP1 is applicable
2023-02-28 13:05:57,588 [INFO] Rule:225 - rule align RCC LPTIM23CLockSelection default value on MP1 is applicable
2023-02-28 13:05:57,588 [INFO] Rule:225 - rule align RCC LPTIM1CLockSelection default value on MP1 is applicable
2023-02-28 13:05:57,588 [INFO] Rule:225 - rule align RCC USART1CLockSelection default value on MP1 is applicable
2023-02-28 13:05:57,588 [INFO] Rule:225 - rule align RCC USART24CLockSelection default value on MP1 is applicable
2023-02-28 13:05:57,588 [INFO] Rule:225 - rule align RCC USART6CLockSelection default value on MP1 is applicable
2023-02-28 13:05:57,588 [INFO] Rule:225 - rule align RCC UART78CLockSelection default value on MP1 is applicable
2023-02-28 13:05:57,588 [INFO] Rule:225 - rule align RCC USART35CLockSelection default value on MP1 is applicable
2023-02-28 13:05:57,588 [INFO] Rule:225 - rule align RCC SPI45CLockSelection default value on MP1 is applicable
2023-02-28 13:05:57,588 [INFO] Rule:225 - rule align RCC I2C46CLockSelection BCLK value on MP1 is applicable
2023-02-28 13:05:57,588 [INFO] Rule:225 - rule align RCC SPI45CLockSelection default value on MP1 is applicable
2023-02-28 13:05:57,588 [INFO] Rule:225 - rule align RCC I2C12CLockSelection default value on MP1 is applicable
2023-02-28 13:05:57,588 [INFO] Rule:225 - rule align RCC I2C35CLockSelection default value on MP1 is applicable
2023-02-28 13:05:57,588 [INFO] Rule:225 - rule align RCC LPTIM45CLockSelection default value on MP1 is applicable
2023-02-28 13:05:57,588 [INFO] Rule:225 - rule Rename DCMI PIXCK signal is applicable
2023-02-28 13:05:57,588 [INFO] Rule:225 - rule Change Default Value for I2C46CLockSelection MP1 family is applicable
2023-02-28 13:05:57,588 [INFO] Rule:225 - rule Change Default Value for UART for G4, G0 and WB families is applicable
2023-02-28 13:05:57,588 [INFO] Rule:225 - rule Change Default Value for USART for G4, G0 and WB families is applicable
2023-02-28 13:05:57,588 [INFO] Rule:225 - rule Change Default Value for USART for G4 family is applicable
2023-02-28 13:05:57,588 [INFO] Rule:225 - rule Change USART1CLockSelection refparam name for MP1 is applicable
2023-02-28 13:05:57,588 [INFO] Rule:225 - rule Change USART2CLockSelection refparam name for MP1 is applicable
2023-02-28 13:05:57,588 [INFO] Rule:225 - rule Change USART3CLockSelection refparam name for MP1 is applicable
2023-02-28 13:05:57,588 [INFO] Rule:225 - rule Change UART4CLockSelection refparam name for MP1 is applicable
2023-02-28 13:05:57,588 [INFO] Rule:225 - rule Change UART5CLockSelection refparam name for MP1 is applicable
2023-02-28 13:05:57,588 [INFO] Rule:225 - rule Change LPUART1CLockSelection refparam name for MP1 is applicable
2023-02-28 13:05:57,588 [INFO] Rule:225 - rule Change LPTIM1CLockSelection refparam name for MP1 is applicable
2023-02-28 13:05:57,588 [INFO] Rule:225 - rule Change LPTIM2CLockSelection refparam name for MP1 is applicable
2023-02-28 13:05:57,588 [INFO] Rule:225 - rule Change RCC_MCO1Source refparam name for MP1 is applicable
2023-02-28 13:05:57,588 [INFO] Rule:225 - rule Change LSCOSource1 refparam name for MP1 is applicable
2023-02-28 13:05:57,588 [INFO] Rule:225 - rule Change SMPSCLockSelection refparam name for MP1 is applicable
2023-02-28 13:05:57,588 [INFO] Rule:225 - rule Change LPTIM3CLockSelection refparam name for MP1 is applicable
2023-02-28 13:05:57,588 [INFO] Rule:225 - rule Change MPCBB* Default Template Mode to Parameters is applicable
2023-02-28 13:05:57,588 [INFO] Rule:225 - rule Change MPCWM* or MPCBB* Secure Mode to Parameters is applicable
2023-02-28 13:05:57,589 [INFO] Rule:225 - rule Change MPCWM* or MPCBB* No Secure Mode to Parameters is applicable
2023-02-28 13:05:57,589 [INFO] Rule:225 - rule Change TZSC IP Secure Mode to Parameters is applicable
2023-02-28 13:05:57,589 [INFO] Rule:225 - rule Change TZSC IP No Secure Mode to Parameters is applicable
2023-02-28 13:05:57,589 [INFO] Rule:225 - rule Change TZSC IP Privilege Mode to Parameters is applicable
2023-02-28 13:05:57,589 [INFO] Rule:225 - rule Change TZSC IP No Privilege Mode to Parameters is applicable
2023-02-28 13:05:57,589 [INFO] Rule:225 - rule Change TZIC IT Secure Mode to Parameters is applicable
2023-02-28 13:05:57,589 [INFO] Rule:225 - rule Change TZIC IT No Secure Mode to Parameters is applicable
2023-02-28 13:05:57,589 [INFO] Rule:225 - rule Add MPCBB1_NonSecureArea_Start_Address value with referenced to MPCBB1_NonSecureArea_Start value is applicable
2023-02-28 13:05:57,589 [INFO] Rule:225 - rule Add MPCBB2_NonSecureArea_Start_Address value with referenced to MPCBB2_NonSecureArea_Start value is applicable
2023-02-28 13:05:57,589 [INFO] Rule:225 - rule Add MPCWM1_NonSecureArea*_Start_Address value with referenced to MPCWM1_NonSecureArea*_Start value is applicable
2023-02-28 13:05:57,589 [INFO] Rule:225 - rule Add MPCWM2_NonSecureArea*_Start_Address value with referenced to MPCWM2_NonSecureArea*_Start value is applicable
2023-02-28 13:05:57,589 [INFO] Rule:225 - rule Add MPCWM3_NonSecureArea_Start_Address value with referenced to MPCWM3_NonSecureArea_Start value is applicable
2023-02-28 13:05:57,589 [INFO] Rule:225 - rule Change Default Value for PLL1UserDefinedConfig is applicable
2023-02-28 13:05:57,589 [INFO] Rule:225 - rule Change GPIO_PuPd Default Value for USART in async mode is applicable
2023-02-28 13:05:57,589 [INFO] Rule:225 - rule Change SMPSDivider Default Value is applicable
2023-02-28 13:05:57,589 [INFO] Rule:225 - rule OPAMP is applicable
2023-02-28 13:05:57,589 [INFO] Rule:225 - rule LPUART IPParameter rename Prescaler parameter to ClockPrescaler for STM32H7 is applicable
2023-02-28 13:05:57,589 [INFO] Rule:225 - rule LPUART IPParameter rename Prescaler parameter to ClockPrescaler for STM32H7 is applicable
2023-02-28 13:05:57,589 [INFO] Rule:225 - rule LPUART IPParameter rename Prescaler parameter to ClockPrescaler for STM32WB is applicable
2023-02-28 13:05:57,589 [INFO] Rule:225 - rule LPUART IPParameter rename Prescaler parameter to ClockPrescaler for STM32WB is applicable
2023-02-28 13:05:57,589 [INFO] Rule:225 - rule LPUART IPParameter rename Prescaler parameter to ClockPrescaler for STM32G4 is applicable
2023-02-28 13:05:57,589 [INFO] Rule:225 - rule LPUART IPParameter rename Prescaler parameter to ClockPrescaler for STM32G4 is applicable
2023-02-28 13:05:57,589 [INFO] Rule:225 - rule LPUART IPParameter rename Prescaler parameter to ClockPrescaler for STM32L5 is applicable
2023-02-28 13:05:57,589 [INFO] Rule:225 - rule LPUART IPParameter rename Prescaler parameter to ClockPrescaler for STM32L5 is applicable
2023-02-28 13:05:57,589 [INFO] Rule:225 - rule LPUART IPParameter rename Prescaler parameter to ClockPrescaler for STM32G4 is applicable
2023-02-28 13:05:57,589 [INFO] Rule:225 - rule LPUART IPParameter rename Prescaler parameter to ClockPrescaler for STM32G4 is applicable
2023-02-28 13:05:57,589 [INFO] Rule:225 - rule USB device lib V2.5.3 for L0 rename USBD_SUPPORT_USER_STRING parameter to USBD_SUPPORT_USER_STRING_DESC4 is applicable
2023-02-28 13:05:57,589 [INFO] Rule:225 - rule I2SCLockSelection clock entry align is applicable
2023-02-28 13:05:57,589 [INFO] Rule:225 - rule Assign TIMx context if used as SYS timebase is applicable
2023-02-28 13:05:57,589 [INFO] Rule:225 - rule Change GPIO_Pu Default Value for I2C is applicable
2023-02-28 13:05:57,589 [INFO] Rule:225 - rule Change GPIO_Pu Default Value for SMBus is applicable
2023-02-28 13:05:57,589 [INFO] Rule:225 - rule change FDCAN default value is applicable
2023-02-28 13:05:57,589 [INFO] Rule:225 - rule Change mode sai is applicable
2023-02-28 13:05:57,589 [INFO] Rule:225 - rule **Change sai mode is applicable
2023-02-28 13:05:57,631 [INFO] DbConfProperties:305 - Apply Compatibility (49/248 Rules)
2023-02-28 13:05:57,654 [INFO] ImportTextPane:193 - (OptionalMessage_ERROR) Unable to find key (Mcu.ThirdPartyNb) in loaded IOC file
2023-02-28 13:05:58,377 [INFO] RtosManager:489 - Registered RTOS mode: class=CMSIS, group=RTOS, mode=CMSIS_V1, owner=FREERTOS
2023-02-28 13:05:58,389 [INFO] RtosManager:489 - Registered RTOS mode: class=CMSIS, group=RTOS2, mode=CMSIS_V2, owner=FREERTOS
2023-02-28 13:05:58,389 [INFO] RtosManager:489 - Registered RTOS mode: class=RTOS, group=Core, mode=CMSIS_V1, owner=FREERTOS
2023-02-28 13:05:58,393 [INFO] RtosManager:489 - Registered RTOS mode: class=RTOS, group=Core, mode=CMSIS_V2, owner=FREERTOS
2023-02-28 13:05:58,403 [WARN] ModelIntegratedComponent:185 - Missing modes for component STMicroelectronics:FreeRTOS:0.0.1:STMicroelectronics:RTOS:FreeRTOS:Core:::10.2.0:
2023-02-28 13:05:58,440 [WARN] ModelIntegratedComponent:183 - Modes not found for component STMicroelectronics:USB_HOST:1.0.0:STMicroelectronics:USB::USB Host:Audio HS::1.0:USB_HOST_1_0_RESTRICTED_HS
2023-02-28 13:05:58,440 [WARN] ModelIntegratedComponent:189 - Modes not found for component STMicroelectronics:USB_HOST:1.0.0:STMicroelectronics:USB::USB Host:Audio HS::1.0:USB_HOST_1_0_RESTRICTED_HS
2023-02-28 13:05:58,440 [WARN] ModelIntegratedComponent:183 - Modes not found for component STMicroelectronics:USB_HOST:1.0.0:STMicroelectronics:USB::USB Host:CDC HS::1.0:USB_HOST_1_0_RESTRICTED_HS
2023-02-28 13:05:58,440 [WARN] ModelIntegratedComponent:189 - Modes not found for component STMicroelectronics:USB_HOST:1.0.0:STMicroelectronics:USB::USB Host:CDC HS::1.0:USB_HOST_1_0_RESTRICTED_HS
2023-02-28 13:05:58,440 [WARN] ModelIntegratedComponent:183 - Modes not found for component STMicroelectronics:USB_HOST:1.0.0:STMicroelectronics:USB::USB Host:MSC HS::1.0:USB_HOST_1_0_RESTRICTED_HS
2023-02-28 13:05:58,440 [WARN] ModelIntegratedComponent:189 - Modes not found for component STMicroelectronics:USB_HOST:1.0.0:STMicroelectronics:USB::USB Host:MSC HS::1.0:USB_HOST_1_0_RESTRICTED_HS
2023-02-28 13:05:58,440 [WARN] ModelIntegratedComponent:183 - Modes not found for component STMicroelectronics:USB_HOST:1.0.0:STMicroelectronics:USB::USB Host:HID HS::1.0:USB_HOST_1_0_RESTRICTED_HS
2023-02-28 13:05:58,440 [WARN] ModelIntegratedComponent:189 - Modes not found for component STMicroelectronics:USB_HOST:1.0.0:STMicroelectronics:USB::USB Host:HID HS::1.0:USB_HOST_1_0_RESTRICTED_HS
2023-02-28 13:05:58,440 [WARN] ModelIntegratedComponent:183 - Modes not found for component STMicroelectronics:USB_HOST:1.0.0:STMicroelectronics:USB::USB Host:MTP HS::1.0:USB_HOST_1_0_RESTRICTED_HS
2023-02-28 13:05:58,440 [WARN] ModelIntegratedComponent:189 - Modes not found for component STMicroelectronics:USB_HOST:1.0.0:STMicroelectronics:USB::USB Host:MTP HS::1.0:USB_HOST_1_0_RESTRICTED_HS
2023-02-28 13:05:58,459 [WARN] ModelIntegratedComponent:64 - No mode defined for component null
2023-02-28 13:05:58,459 [WARN] ModelIntegratedComponent:64 - No mode defined for component null
2023-02-28 13:05:58,459 [WARN] ModelIntegratedComponent:64 - No mode defined for component null
2023-02-28 13:05:58,459 [WARN] ModelIntegratedComponent:64 - No mode defined for component null
2023-02-28 13:05:58,459 [WARN] ModelIntegratedComponent:64 - No mode defined for component null
2023-02-28 13:05:58,459 [WARN] ModelIntegratedComponent:64 - No mode defined for component null
2023-02-28 13:05:58,459 [WARN] ModelIntegratedComponent:64 - No mode defined for component null
2023-02-28 13:05:58,459 [WARN] ModelIntegratedComponent:64 - No mode defined for component null
2023-02-28 13:05:58,459 [WARN] ModelIntegratedComponent:64 - No mode defined for component null
2023-02-28 13:05:58,459 [WARN] ModelIntegratedComponent:64 - No mode defined for component null
2023-02-28 13:05:58,459 [WARN] ModelIntegratedComponent:64 - No mode defined for component null
2023-02-28 13:05:58,459 [WARN] ModelIntegratedComponent:64 - No mode defined for component null
2023-02-28 13:05:58,460 [WARN] ModelIntegratedComponent:64 - No mode defined for component null
2023-02-28 13:05:58,460 [WARN] ModelIntegratedComponent:64 - No mode defined for component null
2023-02-28 13:05:58,460 [WARN] ModelIntegratedComponent:64 - No mode defined for component null
2023-02-28 13:05:58,460 [WARN] ModelIntegratedComponent:64 - No mode defined for component null
2023-02-28 13:05:58,460 [WARN] ModelIntegratedComponent:64 - No mode defined for component null
2023-02-28 13:05:58,460 [WARN] ModelIntegratedComponent:64 - No mode defined for component null
2023-02-28 13:05:58,460 [WARN] ModelIntegratedComponent:64 - No mode defined for component null
2023-02-28 13:05:58,460 [WARN] ModelIntegratedComponent:64 - No mode defined for component null
2023-02-28 13:05:58,460 [WARN] ModelIntegratedComponent:64 - No mode defined for component null
2023-02-28 13:05:58,460 [WARN] ModelIntegratedComponent:64 - No mode defined for component null
2023-02-28 13:05:58,460 [WARN] ModelIntegratedComponent:64 - No mode defined for component null
2023-02-28 13:05:58,460 [WARN] ModelIntegratedComponent:64 - No mode defined for component null
2023-02-28 13:05:58,460 [WARN] ModelIntegratedComponent:64 - No mode defined for component null
2023-02-28 13:05:58,460 [WARN] ModelIntegratedComponent:64 - No mode defined for component null
2023-02-28 13:05:58,460 [WARN] ModelIntegratedComponent:64 - No mode defined for component null
2023-02-28 13:05:58,460 [WARN] ModelIntegratedComponent:64 - No mode defined for component null
2023-02-28 13:05:58,460 [WARN] ModelIntegratedComponent:64 - No mode defined for component null
2023-02-28 13:05:58,460 [WARN] ModelIntegratedComponent:64 - No mode defined for component null
2023-02-28 13:05:58,460 [WARN] ModelIntegratedComponent:64 - No mode defined for component null
2023-02-28 13:05:58,460 [WARN] ModelIntegratedComponent:64 - No mode defined for component null
2023-02-28 13:05:58,460 [WARN] ModelIntegratedComponent:64 - No mode defined for component null
2023-02-28 13:05:58,547 [WARN] ModelIntegratedComponent:183 - Modes not found for component STMicroelectronics:USB_DEVICE:1.0.0:STMicroelectronics:USB::USB Device:Audio HS::1.0:USB_DEVICE_1_0_RESTRICTED_HS
2023-02-28 13:05:58,548 [WARN] ModelIntegratedComponent:189 - Modes not found for component STMicroelectronics:USB_DEVICE:1.0.0:STMicroelectronics:USB::USB Device:Audio HS::1.0:USB_DEVICE_1_0_RESTRICTED_HS
2023-02-28 13:05:58,548 [WARN] ModelIntegratedComponent:183 - Modes not found for component STMicroelectronics:USB_DEVICE:1.0.0:STMicroelectronics:USB::USB Device:CDC HS::1.0:USB_DEVICE_1_0_RESTRICTED_HS
2023-02-28 13:05:58,548 [WARN] ModelIntegratedComponent:189 - Modes not found for component STMicroelectronics:USB_DEVICE:1.0.0:STMicroelectronics:USB::USB Device:CDC HS::1.0:USB_DEVICE_1_0_RESTRICTED_HS
2023-02-28 13:05:58,548 [WARN] ModelIntegratedComponent:183 - Modes not found for component STMicroelectronics:USB_DEVICE:1.0.0:STMicroelectronics:USB::USB Device:DFU HS::1.0:USB_DEVICE_1_0_RESTRICTED_HS
2023-02-28 13:05:58,548 [WARN] ModelIntegratedComponent:189 - Modes not found for component STMicroelectronics:USB_DEVICE:1.0.0:STMicroelectronics:USB::USB Device:DFU HS::1.0:USB_DEVICE_1_0_RESTRICTED_HS
2023-02-28 13:05:58,548 [WARN] ModelIntegratedComponent:183 - Modes not found for component STMicroelectronics:USB_DEVICE:1.0.0:STMicroelectronics:USB::USB Device:HID HS::1.0:USB_DEVICE_1_0_RESTRICTED_HS
2023-02-28 13:05:58,548 [WARN] ModelIntegratedComponent:189 - Modes not found for component STMicroelectronics:USB_DEVICE:1.0.0:STMicroelectronics:USB::USB Device:HID HS::1.0:USB_DEVICE_1_0_RESTRICTED_HS
2023-02-28 13:05:58,548 [WARN] ModelIntegratedComponent:183 - Modes not found for component STMicroelectronics:USB_DEVICE:1.0.0:STMicroelectronics:USB::USB Device:Custom HID HS::1.0:USB_DEVICE_1_0_RESTRICTED_HS
2023-02-28 13:05:58,548 [WARN] ModelIntegratedComponent:189 - Modes not found for component STMicroelectronics:USB_DEVICE:1.0.0:STMicroelectronics:USB::USB Device:Custom HID HS::1.0:USB_DEVICE_1_0_RESTRICTED_HS
2023-02-28 13:05:58,548 [WARN] ModelIntegratedComponent:183 - Modes not found for component STMicroelectronics:USB_DEVICE:1.0.0:STMicroelectronics:USB::USB Device:MSC HS::1.0:USB_DEVICE_1_0_RESTRICTED_HS
2023-02-28 13:05:58,548 [WARN] ModelIntegratedComponent:189 - Modes not found for component STMicroelectronics:USB_DEVICE:1.0.0:STMicroelectronics:USB::USB Device:MSC HS::1.0:USB_DEVICE_1_0_RESTRICTED_HS
2023-02-28 13:05:58,577 [INFO] ThirdPartyModel:294 - Start build external matchings
2023-02-28 13:05:59,205 [INFO] ThirdPartyModel:310 - End build external matchings
2023-02-28 13:05:59,310 [INFO] ImportTextPane:193 - (OptionalMessage_ERROR) IP (RCC) : Parameter (48MHZClocksFreq_Value) has invalid value (84000000)
2023-02-28 13:05:59,315 [INFO] ImportTextPane:193 - (OptionalMessage_ERROR) IP (RCC) : Parameter (FLatency) has Id (AdvancedSettings) currently not set
2023-02-28 13:05:59,319 [INFO] ImportTextPane:193 - (OptionalMessage_ERROR) IP (RCC) : Parameter (RTCHSEDivFreq_Value) has invalid value (4000000)
2023-02-28 13:05:59,700 [INFO] UtilMem:74 - End LoadConfig() Used Memory: 485715496 Bytes (653262848)
2023-02-28 13:05:59,814 [WARN] ThirdParty:807 - waiting for thirdparty lock release [change project]
2023-02-28 13:05:59,814 [INFO] ThirdParty:809 - entering critical section [change project]
2023-02-28 13:05:59,814 [INFO] ThirdParty:999 - CMSIS Pack Vendor :STMicroelectronics X-CUBE-ISPU 1.1.0
2023-02-28 13:05:59,814 [INFO] ThirdParty:999 - CMSIS Pack Vendor :RoweBots I-CUBE-UNISONRTOS 5.5.0-4
2023-02-28 13:05:59,814 [INFO] ThirdParty:999 - CMSIS Pack Vendor :STMicroelectronics X-CUBE-GNSS1 6.0.0
2023-02-28 13:05:59,814 [INFO] ThirdParty:999 - CMSIS Pack Vendor :STMicroelectronics USB_HOST 2.0.0
2023-02-28 13:05:59,814 [INFO] ThirdParty:999 - CMSIS Pack Vendor :STMicroelectronics X-CUBE-AZRTOS-F4 1.1.0
2023-02-28 13:05:59,814 [INFO] ThirdParty:999 - CMSIS Pack Vendor :STMicroelectronics LIBJPEG 8.0.0
2023-02-28 13:05:59,814 [INFO] ThirdParty:999 - CMSIS Pack Vendor :STMicroelectronics USB_DEVICE 3.0.0
2023-02-28 13:05:59,814 [INFO] ThirdParty:999 - CMSIS Pack Vendor :STMicroelectronics X-CUBE-AI 8.0.0
2023-02-28 13:05:59,814 [INFO] ThirdParty:999 - CMSIS Pack Vendor :STMicroelectronics X-CUBE-TOUCHGFX 4.21.1
2023-02-28 13:05:59,815 [INFO] ThirdParty:999 - CMSIS Pack Vendor :STMicroelectronics X-CUBE-TOUCHGFX 4.21.0
2023-02-28 13:05:59,815 [INFO] ThirdParty:999 - CMSIS Pack Vendor :STMicroelectronics X-CUBE-AZRTOS-F7 1.1.0
2023-02-28 13:05:59,815 [INFO] ThirdParty:999 - CMSIS Pack Vendor :STMicroelectronics X-CUBE-MEMS1 9.4.0
2023-02-28 13:05:59,815 [INFO] ThirdParty:999 - CMSIS Pack Vendor :STMicroelectronics USB_DEVICE 2.0.0
2023-02-28 13:05:59,817 [INFO] ThirdParty:999 - CMSIS Pack Vendor :STMicroelectronics X-CUBE-AI 7.3.0
2023-02-28 13:05:59,818 [INFO] ThirdParty:999 - CMSIS Pack Vendor :STMicroelectronics X-CUBE-ALGOBUILD 1.3.0
2023-02-28 13:05:59,818 [INFO] ThirdParty:999 - CMSIS Pack Vendor :STMicroelectronics X-CUBE-BLE1 6.2.4
2023-02-28 13:05:59,818 [INFO] ThirdParty:999 - CMSIS Pack Vendor :STMicroelectronics X-CUBE-AZRTOS-L5 1.1.0
2023-02-28 13:05:59,818 [INFO] ThirdParty:999 - CMSIS Pack Vendor :STMicroelectronics FreeRTOS 0.0.1
2023-02-28 13:05:59,818 [INFO] ThirdParty:999 - CMSIS Pack Vendor :emotas I-CUBE-CANOPEN 1.1.3
2023-02-28 13:05:59,818 [INFO] ThirdParty:999 - CMSIS Pack Vendor :STMicroelectronics X-CUBE-AZRTOS-G0 1.1.0
2023-02-28 13:05:59,818 [INFO] ThirdParty:999 - CMSIS Pack Vendor :STMicroelectronics X-CUBE-SUBG2 5.0.0
2023-02-28 13:05:59,818 [INFO] ThirdParty:999 - CMSIS Pack Vendor :STMicroelectronics X-CUBE-NFC4 3.0.0
2023-02-28 13:05:59,818 [INFO] ThirdParty:999 - CMSIS Pack Vendor :STMicroelectronics STM32_WPAN 1.0.0
2023-02-28 13:05:59,818 [INFO] ThirdParty:999 - CMSIS Pack Vendor :STMicroelectronics lwIP 2.0.3
2023-02-28 13:05:59,818 [INFO] ThirdParty:999 - CMSIS Pack Vendor :STMicroelectronics X-CUBE-NFC4 2.0.5
2023-02-28 13:05:59,818 [INFO] ThirdParty:999 - CMSIS Pack Vendor :STMicroelectronics USB_HOST 1.0.0
2023-02-28 13:05:59,818 [INFO] ThirdParty:999 - CMSIS Pack Vendor :STMicroelectronics PDM2PCM 3.1.0
2023-02-28 13:05:59,818 [INFO] ThirdParty:999 - CMSIS Pack Vendor :STMicroelectronics FP-ATR-ASTRA1 1.1.1
2023-02-28 13:05:59,818 [INFO] ThirdParty:999 - CMSIS Pack Vendor :STMicroelectronics PDM2PCM 3.3.0
2023-02-28 13:05:59,818 [INFO] ThirdParty:999 - CMSIS Pack Vendor :STMicroelectronics X-CUBE-DISPLAY 3.0.0
2023-02-28 13:05:59,818 [INFO] ThirdParty:999 - CMSIS Pack Vendor :STMicroelectronics X-CUBE-BLEMGR 1.3.0
2023-02-28 13:05:59,818 [INFO] ThirdParty:999 - CMSIS Pack Vendor :STMicroelectronics X-CUBE-AZRTOS-G4 1.0.0
2023-02-28 13:05:59,818 [INFO] ThirdParty:999 - CMSIS Pack Vendor :STMicroelectronics FP-ATR-SIGFOX1 3.2.0
2023-02-28 13:05:59,818 [INFO] ThirdParty:999 - CMSIS Pack Vendor :wolfSSL I-CUBE-wolfSSL 5.5.4
2023-02-28 13:05:59,818 [INFO] ThirdParty:999 - CMSIS Pack Vendor :STMicroelectronics X-CUBE-AZRTOS-L4 1.0.0
2023-02-28 13:05:59,819 [INFO] ThirdParty:999 - CMSIS Pack Vendor :STMicroelectronics HAL Drivers 0.0.0
2023-02-28 13:05:59,819 [INFO] ThirdParty:999 - CMSIS Pack Vendor :STMicroelectronics MBEDTLS 2.16.2
2023-02-28 13:05:59,819 [INFO] ThirdParty:999 - CMSIS Pack Vendor :STMicroelectronics MBEDTLS 2.14.1
2023-02-28 13:05:59,819 [INFO] ThirdParty:999 - CMSIS Pack Vendor :STMicroelectronics X-CUBE-NFC7 1.0.0
2023-02-28 13:05:59,819 [INFO] ThirdParty:999 - CMSIS Pack Vendor :STMicroelectronics X-CUBE-AZRTOS-WL 1.0.0
2023-02-28 13:05:59,819 [INFO] ThirdParty:999 - CMSIS Pack Vendor :STMicroelectronics X-CUBE-EEPRMA1 4.1.0
2023-02-28 13:05:59,819 [INFO] ThirdParty:999 - CMSIS Pack Vendor :portGmbH I-Cube-SoM-uGOAL 1.1.0
2023-02-28 13:05:59,819 [INFO] ThirdParty:999 - CMSIS Pack Vendor :STMicroelectronics X-CUBE-ALS 1.0.1
2023-02-28 13:05:59,819 [INFO] ThirdParty:999 - CMSIS Pack Vendor :STMicroelectronics X-CUBE-MEMS1 9.5.0
2023-02-28 13:05:59,819 [INFO] ThirdParty:999 - CMSIS Pack Vendor :STMicroelectronics ThreadX 1.0.0
2023-02-28 13:05:59,819 [INFO] ThirdParty:999 - CMSIS Pack Vendor :STMicroelectronics X-CUBE-AZRTOS-WB 1.1.0
2023-02-28 13:05:59,819 [INFO] ThirdParty:999 - CMSIS Pack Vendor :STMicroelectronics USB_DEVICE 1.0.0
2023-02-28 13:05:59,820 [INFO] ThirdParty:999 - CMSIS Pack Vendor :SEGGER I-CUBE-embOS 1.3.0
2023-02-28 13:05:59,820 [INFO] ThirdParty:999 - CMSIS Pack Vendor :STMicroelectronics ThreadX 0.0.2
2023-02-28 13:05:59,820 [INFO] ThirdParty:999 - CMSIS Pack Vendor :STMicroelectronics lwIP 2.1.2
2023-02-28 13:05:59,820 [INFO] ThirdParty:999 - CMSIS Pack Vendor :STMicroelectronics X-CUBE-SFXS2LP1 4.0.0
2023-02-28 13:05:59,820 [INFO] ThirdParty:999 - CMSIS Pack Vendor :STMicroelectronics X-CUBE-BLE2 3.3.0
2023-02-28 13:05:59,820 [INFO] ThirdParty:999 - CMSIS Pack Vendor :STMicroelectronics X-CUBE-DISPLAY 2.2.0
2023-02-28 13:05:59,820 [INFO] ThirdParty:999 - CMSIS Pack Vendor :STMicroelectronics X-CUBE-TOF1 3.2.0
2023-02-28 13:05:59,820 [INFO] ThirdParty:999 - CMSIS Pack Vendor :STMicroelectronics PDM2PCM 3.2.0
2023-02-28 13:05:59,820 [INFO] ThirdParty:999 - CMSIS Pack Vendor :STMicroelectronics X-CUBE-AZRTOS-H7 3.0.0
2023-02-28 13:05:59,821 [INFO] ThirdParty:815 - exiting critical section [change project]
2023-02-28 13:06:00,780 [INFO] PinOutPanel:1477 - setPackage(No Configuration,No Configuration)
2023-02-28 13:06:00,795 [INFO] PinOutPanel:1477 - setPackage(STM32F411RETx,LQFP64)
2023-02-28 13:06:02,462 [INFO] UtilMem:74 - Before build in PCC Used Memory: 560752216 Bytes (653262848)
2023-02-28 13:06:05,212 [INFO] UtilMem:74 - After build in PCC Used Memory: 538695072 Bytes (653262848)
2023-02-28 13:06:05,303 [INFO] IPUIPlugin:79 - create IPUIPlugin
2023-02-28 13:06:05,304 [INFO] IPUIPlugin:79 - create IPUIPlugin
2023-02-28 13:06:05,304 [INFO] IPUIPlugin:79 - create IPUIPlugin
2023-02-28 13:06:05,304 [INFO] IPUIPlugin:79 - create IPUIPlugin
2023-02-28 13:06:05,304 [INFO] IPUIPlugin:79 - create IPUIPlugin
2023-02-28 13:06:05,304 [INFO] IPUIPlugin:79 - create IPUIPlugin
2023-02-28 13:06:05,305 [INFO] IPUIPlugin:79 - create IPUIPlugin
2023-02-28 13:06:05,306 [INFO] IPUIPlugin:79 - create IPUIPlugin
2023-02-28 13:06:05,306 [INFO] IPUIPlugin:79 - create IPUIPlugin
2023-02-28 13:06:05,307 [INFO] IPUIPlugin:79 - create IPUIPlugin
2023-02-28 13:06:05,307 [INFO] IPUIPlugin:79 - create IPUIPlugin
2023-02-28 13:06:05,307 [INFO] IPUIPlugin:79 - create IPUIPlugin
2023-02-28 13:06:05,307 [INFO] IPUIPlugin:79 - create IPUIPlugin
2023-02-28 13:06:05,316 [INFO] IPUIPlugin:79 - create IPUIPlugin
2023-02-28 13:06:05,317 [INFO] IPUIPlugin:79 - create IPUIPlugin
2023-02-28 13:06:05,317 [INFO] IPUIPlugin:79 - create IPUIPlugin
2023-02-28 13:06:05,317 [INFO] IPUIPlugin:79 - create IPUIPlugin
2023-02-28 13:06:05,317 [INFO] IPUIPlugin:79 - create IPUIPlugin
2023-02-28 13:06:05,317 [INFO] IPUIPlugin:79 - create IPUIPlugin
2023-02-28 13:06:05,317 [INFO] IPUIPlugin:79 - create IPUIPlugin
2023-02-28 13:06:05,317 [INFO] IPUIPlugin:79 - create IPUIPlugin
2023-02-28 13:06:05,318 [INFO] IPUIPlugin:79 - create IPUIPlugin
2023-02-28 13:06:05,318 [INFO] IPUIPlugin:79 - create IPUIPlugin
2023-02-28 13:06:05,318 [INFO] IPUIPlugin:79 - create IPUIPlugin
2023-02-28 13:06:05,318 [INFO] IPUIPlugin:79 - create IPUIPlugin
2023-02-28 13:06:05,318 [INFO] IPUIPlugin:79 - create IPUIPlugin
2023-02-28 13:06:05,318 [INFO] IPUIPlugin:79 - create IPUIPlugin
2023-02-28 13:06:05,318 [INFO] IPUIPlugin:79 - create IPUIPlugin
2023-02-28 13:06:05,318 [INFO] IPUIPlugin:79 - create IPUIPlugin
2023-02-28 13:06:05,318 [INFO] IPUIPlugin:79 - create IPUIPlugin
2023-02-28 13:06:05,318 [INFO] IPUIPlugin:79 - create IPUIPlugin
2023-02-28 13:06:05,318 [INFO] IPUIPlugin:79 - create IPUIPlugin
2023-02-28 13:06:05,319 [INFO] IPUIPlugin:79 - create IPUIPlugin
2023-02-28 13:06:05,319 [INFO] IPUIPlugin:79 - create IPUIPlugin
2023-02-28 13:06:05,319 [INFO] IPUIPlugin:79 - create IPUIPlugin
2023-02-28 13:06:05,319 [INFO] IPUIPlugin:79 - create IPUIPlugin
2023-02-28 13:06:05,319 [INFO] IPUIPlugin:79 - create IPUIPlugin
2023-02-28 13:06:05,319 [INFO] IPUIPlugin:79 - create IPUIPlugin
2023-02-28 13:06:05,319 [INFO] IPUIPlugin:79 - create IPUIPlugin
2023-02-28 13:06:05,320 [INFO] IPUIPlugin:79 - create IPUIPlugin
2023-02-28 13:06:05,320 [INFO] IPUIPlugin:79 - create IPUIPlugin
2023-02-28 13:06:05,321 [INFO] IPUIPlugin:79 - create IPUIPlugin
2023-02-28 13:06:05,321 [INFO] IPUIPlugin:79 - create IPUIPlugin
2023-02-28 13:06:05,392 [INFO] ApiDbMcu:505 - Load IP Config File for PDM2PCM
2023-02-28 13:06:06,174 [INFO] CADModel:164 - CPN selected for project levelSTM32F411RET6
2023-02-28 13:06:06,177 [INFO] CADModel:113 - Register for checkConnection events
2023-02-28 13:06:06,230 [INFO] OpenFileManager:327 - Restore cursor
2023-02-28 13:06:08,538 [INFO] UtilMem:74 - End SaveConfig() Used Memory: 552608760 Bytes (653262848)
2023-02-28 13:06:08,616 [INFO] UtilMem:74 - End SaveConfig() Used Memory: 566346056 Bytes (653262848)
2023-02-28 13:06:09,911 [INFO] BlockDiagram:2759 - set Specific Code input for plugin: NVIC
2023-02-28 13:06:09,916 [INFO] BlockDiagram:2759 - set Specific Code input for plugin: USART
2023-02-28 13:06:09,916 [INFO] BlockDiagram:2759 - set Specific Code input for plugin: SYS
2023-02-28 13:06:09,917 [INFO] BlockDiagram:2759 - set Specific Code input for plugin: GPIO
2023-02-28 13:06:09,917 [INFO] BlockDiagram:2759 - set Specific Code input for plugin: RCC
2023-02-28 13:06:09,919 [INFO] CodeGenerator:692 - code generatio: config db path: /Applications/STM32CubeIDE.app/Contents/Eclipse/plugins/com.st.stm32cube.common.mx_6.7.0.202211181646//db/
2023-02-28 13:06:10,923 [INFO] CodeEngine:247 - oldGeneratedFile, /Users/titor/Chula/2-2/Embeded Sys Quiz/q01/MXTmpFiles/license.tmp_save
2023-02-28 13:06:11,955 [INFO] CodeEngine:271 - Generated code: /Users/titor/Chula/2-2/Embeded Sys Quiz/q01/MXTmpFiles/license.tmp
2023-02-28 13:06:12,093 [INFO] CodeEngine:247 - oldGeneratedFile, /Users/titor/Chula/2-2/Embeded Sys Quiz/q01/MXTmpFiles/gpio.tmp_save
2023-02-28 13:06:12,323 [INFO] CodeEngine:271 - Generated code: /Users/titor/Chula/2-2/Embeded Sys Quiz/q01/MXTmpFiles/gpio.tmp
2023-02-28 13:06:12,471 [INFO] CodeEngine:247 - oldGeneratedFile, /Users/titor/Chula/2-2/Embeded Sys Quiz/q01/Core/Src/stm32f4xx_it.c_save
2023-02-28 13:06:12,998 [INFO] CodeEngine:271 - Generated code: /Users/titor/Chula/2-2/Embeded Sys Quiz/q01/Core/Src/stm32f4xx_it.c
2023-02-28 13:06:13,007 [INFO] CodeEngine:247 - oldGeneratedFile, /Users/titor/Chula/2-2/Embeded Sys Quiz/q01/Core/Inc/stm32f4xx_it.h_save
2023-02-28 13:06:13,162 [INFO] CodeEngine:271 - Generated code: /Users/titor/Chula/2-2/Embeded Sys Quiz/q01/Core/Inc/stm32f4xx_it.h
2023-02-28 13:06:13,170 [INFO] CodeEngine:247 - oldGeneratedFile, /Users/titor/Chula/2-2/Embeded Sys Quiz/q01/Core/Src/stm32f4xx_hal_msp.c_save
2023-02-28 13:06:13,327 [INFO] CodeEngine:271 - Generated code: /Users/titor/Chula/2-2/Embeded Sys Quiz/q01/Core/Src/stm32f4xx_hal_msp.c
2023-02-28 13:06:13,329 [INFO] CodeEngine:247 - oldGeneratedFile, /Users/titor/Chula/2-2/Embeded Sys Quiz/q01/MXTmpFiles/system.tmp_save
2023-02-28 13:06:13,399 [INFO] CodeEngine:271 - Generated code: /Users/titor/Chula/2-2/Embeded Sys Quiz/q01/MXTmpFiles/system.tmp
2023-02-28 13:06:13,404 [INFO] CodeEngine:303 - oldGeneratedFile, /Users/titor/Chula/2-2/Embeded Sys Quiz/q01/Core/Inc/stm32f4xx_hal_conf.h_save
2023-02-28 13:06:13,530 [INFO] CodeEngine:327 - Generated code: /Users/titor/Chula/2-2/Embeded Sys Quiz/q01/Core/Inc/stm32f4xx_hal_conf.h
2023-02-28 13:06:13,662 [INFO] CodeEngine:247 - oldGeneratedFile, /Users/titor/Chula/2-2/Embeded Sys Quiz/q01/Core/Inc/main.h_save
2023-02-28 13:06:13,826 [INFO] CodeEngine:271 - Generated code: /Users/titor/Chula/2-2/Embeded Sys Quiz/q01/Core/Inc/main.h
2023-02-28 13:06:13,828 [INFO] CodeEngine:247 - oldGeneratedFile, /Users/titor/Chula/2-2/Embeded Sys Quiz/q01/Core/Src/main.c_save
2023-02-28 13:06:14,232 [INFO] CodeEngine:271 - Generated code: /Users/titor/Chula/2-2/Embeded Sys Quiz/q01/Core/Src/main.c
2023-02-28 13:06:15,079 [INFO] ProjectBuilder:2919 - Time for Copy HAL[1] : 79mS.
2023-02-28 13:06:15,109 [INFO] ProjectBuilder:4183 - Project Generator version: 3.18.0-B7
2023-02-28 13:06:15,486 [INFO] ConfigFileManager:1396 - The Die is : DIE431
2023-02-28 13:06:15,495 [INFO] ApiDbMcu:505 - Load IP Config File for FATFS
2023-02-28 13:06:15,506 [INFO] ApiDbMcu:505 - Load IP Config File for FREERTOS
2023-02-28 13:06:15,517 [INFO] ApiDbMcu:505 - Load IP Config File for LIBJPEG
2023-02-28 13:06:15,527 [INFO] ApiDbMcu:505 - Load IP Config File for MBEDTLS
2023-02-28 13:06:15,540 [INFO] ApiDbMcu:505 - Load IP Config File for USB_DEVICE
2023-02-28 13:06:15,552 [INFO] ApiDbMcu:505 - Load IP Config File for USB_HOST
2023-02-28 13:06:20,365 [INFO] ProjectBuilder:4351 - Time for Generating toolchain IDE Files: 5251mS.
2023-02-28 13:06:20,374 [INFO] ProjectBuilder:2790 - Time for Copy CMSIS : 3mS.
2023-02-28 13:06:20,376 [INFO] ProjectBuilder:2790 - Time for Copy CMSIS : 0mS.
2023-02-28 13:06:22,702 [INFO] McuFinderGlobals:65 - Set McuFinderConnectedMode to true
2023-02-28 13:06:22,708 [INFO] ApiDb:447 - Save user favorites file /Users/titor/.stm32cubeide/favorites.mcus.txt: 0 item(s)
2023-02-28 13:06:22,708 [INFO] ApiDb:451 - User favorites MCUs=[]
2023-02-28 13:06:22,713 [INFO] ApiDb:447 - Save user favorites file /Users/titor/.stm32cubeide/favorites.boards.txt: 0 item(s)
2023-02-28 13:06:22,713 [INFO] ApiDb:451 - User favorites Boards=[]
2023-02-28 13:20:34,977 [INFO] Gpio:272 - dependency for GPIO [RCC, SYS, USART2]
2023-02-28 13:20:37,940 [INFO] NvicIntPanel:100 - NVIC parent = com.st.microxplorer.plugins.ip.nvic.MultiNvicIntPanel[,2,42,385x539,layout=javax.swing.BoxLayout,alignmentX=0.0,alignmentY=0.0,border=,flags=9,maximumSize=,minimumSize=,preferredSize=]
2023-02-28 13:20:39,262 [INFO] Gpio:272 - dependency for GPIO [RCC, SYS, USART2]
2023-02-28 13:20:45,383 [INFO] Gpio:272 - dependency for GPIO [RCC, SYS, USART2]
2023-02-28 13:20:50,377 [INFO] UtilMem:74 - End SaveConfig() Used Memory: 882152896 Bytes (1073741824)
2023-02-28 13:20:52,156 [INFO] UtilMem:74 - End SaveConfig() Used Memory: 902767232 Bytes (1073741824)
2023-02-28 13:20:54,066 [INFO] UtilMem:74 - End SaveConfig() Used Memory: 544424344 Bytes (1073741824)
2023-02-28 13:20:54,362 [INFO] BlockDiagram:2759 - set Specific Code input for plugin: NVIC
2023-02-28 13:20:54,362 [INFO] BlockDiagram:2759 - set Specific Code input for plugin: USART
2023-02-28 13:20:54,362 [INFO] BlockDiagram:2759 - set Specific Code input for plugin: SYS
2023-02-28 13:20:54,363 [INFO] BlockDiagram:2759 - set Specific Code input for plugin: GPIO
2023-02-28 13:20:54,363 [INFO] BlockDiagram:2759 - set Specific Code input for plugin: RCC
2023-02-28 13:20:54,364 [INFO] CodeGenerator:692 - code generatio: config db path: /Applications/STM32CubeIDE.app/Contents/Eclipse/plugins/com.st.stm32cube.common.mx_6.7.0.202211181646//db/
2023-02-28 13:20:54,535 [INFO] CodeEngine:247 - oldGeneratedFile, /Users/titor/Chula/2-2/Embeded Sys Quiz/q01/MXTmpFiles/license.tmp_save
2023-02-28 13:20:54,883 [INFO] CodeEngine:271 - Generated code: /Users/titor/Chula/2-2/Embeded Sys Quiz/q01/MXTmpFiles/license.tmp
2023-02-28 13:20:54,951 [INFO] CodeEngine:247 - oldGeneratedFile, /Users/titor/Chula/2-2/Embeded Sys Quiz/q01/MXTmpFiles/gpio.tmp_save
2023-02-28 13:20:55,062 [INFO] CodeEngine:271 - Generated code: /Users/titor/Chula/2-2/Embeded Sys Quiz/q01/MXTmpFiles/gpio.tmp
2023-02-28 13:20:55,157 [INFO] CodeEngine:247 - oldGeneratedFile, /Users/titor/Chula/2-2/Embeded Sys Quiz/q01/Core/Src/stm32f4xx_it.c_save
2023-02-28 13:20:55,306 [INFO] CodeEngine:271 - Generated code: /Users/titor/Chula/2-2/Embeded Sys Quiz/q01/Core/Src/stm32f4xx_it.c
2023-02-28 13:20:55,307 [INFO] CodeEngine:247 - oldGeneratedFile, /Users/titor/Chula/2-2/Embeded Sys Quiz/q01/Core/Inc/stm32f4xx_it.h_save
2023-02-28 13:20:55,367 [INFO] CodeEngine:271 - Generated code: /Users/titor/Chula/2-2/Embeded Sys Quiz/q01/Core/Inc/stm32f4xx_it.h
2023-02-28 13:20:55,374 [INFO] CodeEngine:247 - oldGeneratedFile, /Users/titor/Chula/2-2/Embeded Sys Quiz/q01/Core/Src/stm32f4xx_hal_msp.c_save
2023-02-28 13:20:55,523 [INFO] CodeEngine:271 - Generated code: /Users/titor/Chula/2-2/Embeded Sys Quiz/q01/Core/Src/stm32f4xx_hal_msp.c
2023-02-28 13:20:55,525 [INFO] CodeEngine:247 - oldGeneratedFile, /Users/titor/Chula/2-2/Embeded Sys Quiz/q01/MXTmpFiles/system.tmp_save
2023-02-28 13:20:55,602 [INFO] CodeEngine:271 - Generated code: /Users/titor/Chula/2-2/Embeded Sys Quiz/q01/MXTmpFiles/system.tmp
2023-02-28 13:20:55,606 [INFO] CodeEngine:303 - oldGeneratedFile, /Users/titor/Chula/2-2/Embeded Sys Quiz/q01/Core/Inc/stm32f4xx_hal_conf.h_save
2023-02-28 13:20:55,669 [INFO] CodeEngine:327 - Generated code: /Users/titor/Chula/2-2/Embeded Sys Quiz/q01/Core/Inc/stm32f4xx_hal_conf.h
2023-02-28 13:20:55,698 [INFO] CodeEngine:247 - oldGeneratedFile, /Users/titor/Chula/2-2/Embeded Sys Quiz/q01/Core/Inc/main.h_save
2023-02-28 13:20:55,778 [INFO] CodeEngine:271 - Generated code: /Users/titor/Chula/2-2/Embeded Sys Quiz/q01/Core/Inc/main.h
2023-02-28 13:20:55,781 [INFO] CodeEngine:247 - oldGeneratedFile, /Users/titor/Chula/2-2/Embeded Sys Quiz/q01/Core/Src/main.c_save
2023-02-28 13:20:55,926 [INFO] CodeEngine:271 - Generated code: /Users/titor/Chula/2-2/Embeded Sys Quiz/q01/Core/Src/main.c
2023-02-28 13:20:56,438 [INFO] ProjectBuilder:2919 - Time for Copy HAL[1] : 85mS.
2023-02-28 13:20:56,466 [INFO] ProjectBuilder:4183 - Project Generator version: 3.18.0-B7
2023-02-28 13:20:56,695 [INFO] ConfigFileManager:1396 - The Die is : DIE431
2023-02-28 13:20:58,350 [INFO] ProjectBuilder:4351 - Time for Generating toolchain IDE Files: 1884mS.
2023-02-28 13:20:58,355 [INFO] ProjectBuilder:2790 - Time for Copy CMSIS : 1mS.
2023-02-28 13:20:58,356 [INFO] ProjectBuilder:2790 - Time for Copy CMSIS : 0mS.
2023-02-28 13:27:46,418 [INFO] Gpio:272 - dependency for GPIO [RCC, SYS, USART2]
2023-02-28 13:27:54,993 [INFO] UtilMem:74 - End SaveConfig() Used Memory: 815904080 Bytes (1073741824)
2023-02-28 13:27:56,446 [INFO] UtilMem:74 - End SaveConfig() Used Memory: 838228632 Bytes (1073741824)
2023-02-28 13:27:56,751 [INFO] UtilMem:74 - End SaveConfig() Used Memory: 880361376 Bytes (1073741824)
2023-02-28 13:27:57,125 [INFO] BlockDiagram:2759 - set Specific Code input for plugin: NVIC
2023-02-28 13:27:57,125 [INFO] BlockDiagram:2759 - set Specific Code input for plugin: USART
2023-02-28 13:27:57,125 [INFO] BlockDiagram:2759 - set Specific Code input for plugin: SYS
2023-02-28 13:27:57,126 [INFO] BlockDiagram:2759 - set Specific Code input for plugin: GPIO
2023-02-28 13:27:57,126 [INFO] BlockDiagram:2759 - set Specific Code input for plugin: RCC
2023-02-28 13:27:57,126 [INFO] CodeGenerator:692 - code generatio: config db path: /Applications/STM32CubeIDE.app/Contents/Eclipse/plugins/com.st.stm32cube.common.mx_6.7.0.202211181646//db/
2023-02-28 13:27:57,258 [INFO] CodeEngine:247 - oldGeneratedFile, /Users/titor/Chula/2-2/Embeded Sys Quiz/q01/MXTmpFiles/license.tmp_save
2023-02-28 13:27:57,331 [INFO] CodeEngine:271 - Generated code: /Users/titor/Chula/2-2/Embeded Sys Quiz/q01/MXTmpFiles/license.tmp
2023-02-28 13:27:57,348 [INFO] CodeEngine:247 - oldGeneratedFile, /Users/titor/Chula/2-2/Embeded Sys Quiz/q01/MXTmpFiles/gpio.tmp_save
2023-02-28 13:27:57,548 [INFO] CodeEngine:271 - Generated code: /Users/titor/Chula/2-2/Embeded Sys Quiz/q01/MXTmpFiles/gpio.tmp
2023-02-28 13:27:57,657 [INFO] CodeEngine:247 - oldGeneratedFile, /Users/titor/Chula/2-2/Embeded Sys Quiz/q01/Core/Src/stm32f4xx_it.c_save
2023-02-28 13:27:57,759 [INFO] CodeEngine:271 - Generated code: /Users/titor/Chula/2-2/Embeded Sys Quiz/q01/Core/Src/stm32f4xx_it.c
2023-02-28 13:27:57,760 [INFO] CodeEngine:247 - oldGeneratedFile, /Users/titor/Chula/2-2/Embeded Sys Quiz/q01/Core/Inc/stm32f4xx_it.h_save
2023-02-28 13:27:57,816 [INFO] CodeEngine:271 - Generated code: /Users/titor/Chula/2-2/Embeded Sys Quiz/q01/Core/Inc/stm32f4xx_it.h
2023-02-28 13:27:57,820 [INFO] CodeEngine:247 - oldGeneratedFile, /Users/titor/Chula/2-2/Embeded Sys Quiz/q01/Core/Src/stm32f4xx_hal_msp.c_save
2023-02-28 13:27:57,893 [INFO] CodeEngine:271 - Generated code: /Users/titor/Chula/2-2/Embeded Sys Quiz/q01/Core/Src/stm32f4xx_hal_msp.c
2023-02-28 13:27:57,895 [INFO] CodeEngine:247 - oldGeneratedFile, /Users/titor/Chula/2-2/Embeded Sys Quiz/q01/MXTmpFiles/system.tmp_save
2023-02-28 13:27:57,940 [INFO] CodeEngine:271 - Generated code: /Users/titor/Chula/2-2/Embeded Sys Quiz/q01/MXTmpFiles/system.tmp
2023-02-28 13:27:57,943 [INFO] CodeEngine:303 - oldGeneratedFile, /Users/titor/Chula/2-2/Embeded Sys Quiz/q01/Core/Inc/stm32f4xx_hal_conf.h_save
2023-02-28 13:27:58,004 [INFO] CodeEngine:327 - Generated code: /Users/titor/Chula/2-2/Embeded Sys Quiz/q01/Core/Inc/stm32f4xx_hal_conf.h
2023-02-28 13:27:58,023 [INFO] CodeEngine:247 - oldGeneratedFile, /Users/titor/Chula/2-2/Embeded Sys Quiz/q01/Core/Inc/main.h_save
2023-02-28 13:27:58,080 [INFO] CodeEngine:271 - Generated code: /Users/titor/Chula/2-2/Embeded Sys Quiz/q01/Core/Inc/main.h
2023-02-28 13:27:58,082 [INFO] CodeEngine:247 - oldGeneratedFile, /Users/titor/Chula/2-2/Embeded Sys Quiz/q01/Core/Src/main.c_save
2023-02-28 13:27:58,165 [INFO] CodeEngine:271 - Generated code: /Users/titor/Chula/2-2/Embeded Sys Quiz/q01/Core/Src/main.c
2023-02-28 13:27:58,526 [INFO] ProjectBuilder:2919 - Time for Copy HAL[1] : 57mS.
2023-02-28 13:27:58,531 [INFO] ProjectBuilder:4183 - Project Generator version: 3.18.0-B7
2023-02-28 13:27:58,876 [INFO] ConfigFileManager:1396 - The Die is : DIE431
2023-02-28 13:28:01,405 [INFO] ProjectBuilder:4351 - Time for Generating toolchain IDE Files: 2873mS.
2023-02-28 13:28:01,428 [INFO] ProjectBuilder:2790 - Time for Copy CMSIS : 3mS.
2023-02-28 13:28:01,434 [INFO] ProjectBuilder:2790 - Time for Copy CMSIS : 0mS.
2023-02-28 13:40:29,025 [INFO] JxBrowserEngine:114 - Initiate JxBrowser Engine with user profile folder
2023-02-28 13:40:30,452 [INFO] WebAppUi:459 - Close the Jxbrowser engine manually
2023-02-28 13:40:30,463 [INFO] WebAppUi:462 - Profiles folder deleted
2023-02-28 13:40:30,982 [ERROR] LogOutputStream:74 - [STDERR_REDIRECT] 
2023-03-13 23:14:46,998 [INFO] Activator:179 - 


2023-03-13 23:14:47,000 [INFO] Activator:180 - !SESSION log4j initialized
2023-03-13 23:14:54,523 [ERROR] LogOutputStream:74 - [STDERR_REDIRECT] 
