2023-03-14 00:02:35,538 [ERROR] LogOutputStream:75 - [STDERR_REDIRECT] java.lang.NullPointerException: Null component provided to invokeAndWait
2023-03-14 00:02:35,545 [ERROR] LogOutputStream:75 - [STDERR_REDIRECT] 	at java.base/java.util.Objects.requireNonNull(Objects.java:246)
2023-03-14 00:02:35,546 [ERROR] LogOutputStream:75 - [STDERR_REDIRECT] 	at java.desktop/sun.lwawt.macosx.LWCToolkit.invokeAndWait(LWCToolkit.java:693)
2023-03-14 00:02:35,546 [ERROR] LogOutputStream:75 - [STDERR_REDIRECT] 	at java.desktop/sun.lwawt.macosx.LWCToolkit.invokeAndWait(LWCToolkit.java:655)
2023-03-14 00:02:35,546 [ERROR] LogOutputStream:75 - [STDERR_REDIRECT] 	at java.desktop/sun.lwawt.macosx.CAccessibility.invokeAndWait(CAccessibility.java:124)
2023-03-14 00:02:35,546 [ERROR] LogOutputStream:75 - [STDERR_REDIRECT] 	at java.desktop/sun.lwawt.macosx.CAccessibility.getAccessibleIndexInParent(CAccessibility.java:311)
2023-03-14 00:02:35,546 [ERROR] LogOutputStream:75 - [STDERR_REDIRECT] 	at org.eclipse.swt.internal.cocoa.OS.objc_msgSendSuper(Native Method)
2023-03-14 00:02:35,546 [ERROR] LogOutputStream:75 - [STDERR_REDIRECT] 	at org.eclipse.swt.widgets.Display.applicationNextEventMatchingMask(Display.java:5501)
2023-03-14 00:02:35,547 [ERROR] LogOutputStream:75 - [STDERR_REDIRECT] 	at org.eclipse.swt.widgets.Display.applicationProc(Display.java:5901)
2023-03-14 00:02:35,547 [ERROR] LogOutputStream:75 - [STDERR_REDIRECT] 	at org.eclipse.swt.internal.cocoa.OS.objc_msgSend(Native Method)
2023-03-14 00:02:35,547 [ERROR] LogOutputStream:75 - [STDERR_REDIRECT] 	at org.eclipse.swt.internal.cocoa.NSApplication.nextEventMatchingMask(NSApplication.java:92)
2023-03-14 00:02:35,547 [ERROR] LogOutputStream:75 - [STDERR_REDIRECT] 	at org.eclipse.swt.widgets.Display.readAndDispatch(Display.java:3935)
2023-03-14 00:02:35,547 [ERROR] LogOutputStream:75 - [STDERR_REDIRECT] 	at org.eclipse.jface.operation.ModalContext$ModalContextThread.block(ModalContext.java:166)
2023-03-14 00:02:35,548 [ERROR] LogOutputStream:75 - [STDERR_REDIRECT] 	at org.eclipse.jface.operation.ModalContext.run(ModalContext.java:368)
2023-03-14 00:02:35,548 [ERROR] LogOutputStream:75 - [STDERR_REDIRECT] 	at org.eclipse.jface.dialogs.ProgressMonitorDialog.run(ProgressMonitorDialog.java:470)
2023-03-14 00:02:35,548 [ERROR] LogOutputStream:75 - [STDERR_REDIRECT] 	at com.st.stm32cube.common.mx.editor.CubeMxEditor.update(CubeMxEditor.java:2432)
2023-03-14 00:02:35,548 [ERROR] LogOutputStream:75 - [STDERR_REDIRECT] 	at com.st.stm32cube.common.mx.editor.CubeMxEditor._doSave(CubeMxEditor.java:700)
2023-03-14 00:02:35,548 [ERROR] LogOutputStream:75 - [STDERR_REDIRECT] 	at com.st.stm32cube.common.mx.editor.CubeMxEditor.doSave(CubeMxEditor.java:675)
2023-03-14 00:02:35,549 [ERROR] LogOutputStream:75 - [STDERR_REDIRECT] 	at org.eclipse.ui.internal.SaveableHelper.lambda$0(SaveableHelper.java:156)
2023-03-14 00:02:35,549 [ERROR] LogOutputStream:75 - [STDERR_REDIRECT] 	at org.eclipse.ui.internal.SaveableHelper.lambda$3(SaveableHelper.java:271)
2023-03-14 00:02:35,549 [ERROR] LogOutputStream:75 - [STDERR_REDIRECT] 	at org.eclipse.jface.operation.ModalContext.runInCurrentThread(ModalContext.java:434)
2023-03-14 00:02:35,549 [ERROR] LogOutputStream:75 - [STDERR_REDIRECT] 	at org.eclipse.jface.operation.ModalContext.run(ModalContext.java:352)
2023-03-14 00:02:35,549 [ERROR] LogOutputStream:75 - [STDERR_REDIRECT] 	at org.eclipse.ui.internal.WorkbenchWindow.lambda$7(WorkbenchWindow.java:2345)
2023-03-14 00:02:35,549 [ERROR] LogOutputStream:75 - [STDERR_REDIRECT] 	at org.eclipse.swt.custom.BusyIndicator.showWhile(BusyIndicator.java:74)
2023-03-14 00:02:35,549 [ERROR] LogOutputStream:75 - [STDERR_REDIRECT] 	at org.eclipse.ui.internal.WorkbenchWindow.run(WorkbenchWindow.java:2343)
2023-03-14 00:02:35,549 [ERROR] LogOutputStream:75 - [STDERR_REDIRECT] 	at org.eclipse.ui.internal.SaveableHelper.runProgressMonitorOperation(SaveableHelper.java:278)
2023-03-14 00:02:35,549 [ERROR] LogOutputStream:75 - [STDERR_REDIRECT] 	at org.eclipse.ui.internal.SaveableHelper.runProgressMonitorOperation(SaveableHelper.java:260)
2023-03-14 00:02:35,549 [ERROR] LogOutputStream:75 - [STDERR_REDIRECT] 	at org.eclipse.ui.internal.SaveableHelper.savePart(SaveableHelper.java:160)
2023-03-14 00:02:35,549 [ERROR] LogOutputStream:75 - [STDERR_REDIRECT] 	at org.eclipse.ui.internal.WorkbenchPage.saveSaveable(WorkbenchPage.java:3799)
2023-03-14 00:02:35,549 [ERROR] LogOutputStream:75 - [STDERR_REDIRECT] 	at org.eclipse.ui.internal.WorkbenchPage.saveEditor(WorkbenchPage.java:3812)
2023-03-14 00:02:35,550 [ERROR] LogOutputStream:75 - [STDERR_REDIRECT] 	at org.eclipse.ui.internal.handlers.SaveHandler.execute(SaveHandler.java:82)
2023-03-14 00:02:35,550 [ERROR] LogOutputStream:75 - [STDERR_REDIRECT] 	at org.eclipse.ui.internal.handlers.HandlerProxy.execute(HandlerProxy.java:283)
2023-03-14 00:02:35,550 [ERROR] LogOutputStream:75 - [STDERR_REDIRECT] 	at org.eclipse.ui.internal.handlers.E4HandlerProxy.execute(E4HandlerProxy.java:97)
2023-03-14 00:02:35,550 [ERROR] LogOutputStream:75 - [STDERR_REDIRECT] 	at jdk.internal.reflect.GeneratedMethodAccessor62.invoke(Unknown Source)
2023-03-14 00:02:35,550 [ERROR] LogOutputStream:75 - [STDERR_REDIRECT] 	at java.base/jdk.internal.reflect.DelegatingMethodAccessorImpl.invoke(DelegatingMethodAccessorImpl.java:43)
2023-03-14 00:02:35,550 [ERROR] LogOutputStream:75 - [STDERR_REDIRECT] 	at java.base/java.lang.reflect.Method.invoke(Method.java:566)
2023-03-14 00:02:35,550 [ERROR] LogOutputStream:75 - [STDERR_REDIRECT] 	at org.eclipse.e4.core.internal.di.MethodRequestor.execute(MethodRequestor.java:58)
2023-03-14 00:02:35,550 [ERROR] LogOutputStream:75 - [STDERR_REDIRECT] 	at org.eclipse.e4.core.internal.di.InjectorImpl.invokeUsingClass(InjectorImpl.java:317)
2023-03-14 00:02:35,550 [ERROR] LogOutputStream:75 - [STDERR_REDIRECT] 	at org.eclipse.e4.core.internal.di.InjectorImpl.invoke(InjectorImpl.java:251)
2023-03-14 00:02:35,550 [ERROR] LogOutputStream:75 - [STDERR_REDIRECT] 	at org.eclipse.e4.core.contexts.ContextInjectionFactory.invoke(ContextInjectionFactory.java:173)
2023-03-14 00:02:35,550 [ERROR] LogOutputStream:75 - [STDERR_REDIRECT] 	at org.eclipse.e4.core.commands.internal.HandlerServiceHandler.execute(HandlerServiceHandler.java:156)
2023-03-14 00:02:35,550 [ERROR] LogOutputStream:75 - [STDERR_REDIRECT] 	at org.eclipse.core.commands.Command.executeWithChecks(Command.java:488)
2023-03-14 00:02:35,551 [ERROR] LogOutputStream:75 - [STDERR_REDIRECT] 	at org.eclipse.core.commands.ParameterizedCommand.executeWithChecks(ParameterizedCommand.java:487)
2023-03-14 00:02:35,551 [ERROR] LogOutputStream:75 - [STDERR_REDIRECT] 	at org.eclipse.e4.core.commands.internal.HandlerServiceImpl.executeHandler(HandlerServiceImpl.java:213)
2023-03-14 00:02:35,551 [ERROR] LogOutputStream:75 - [STDERR_REDIRECT] 	at org.eclipse.ui.internal.handlers.LegacyHandlerService.executeCommand(LegacyHandlerService.java:389)
2023-03-14 00:02:35,551 [ERROR] LogOutputStream:75 - [STDERR_REDIRECT] 	at org.eclipse.ui.internal.actions.CommandAction.runWithEvent(CommandAction.java:142)
2023-03-14 00:02:35,551 [ERROR] LogOutputStream:75 - [STDERR_REDIRECT] 	at org.eclipse.jface.action.ActionContributionItem.handleWidgetSelection(ActionContributionItem.java:580)
2023-03-14 00:02:35,551 [ERROR] LogOutputStream:75 - [STDERR_REDIRECT] 	at org.eclipse.jface.action.ActionContributionItem.lambda$4(ActionContributionItem.java:414)
2023-03-14 00:02:35,551 [ERROR] LogOutputStream:75 - [STDERR_REDIRECT] 	at org.eclipse.swt.widgets.EventTable.sendEvent(EventTable.java:89)
2023-03-14 00:02:35,551 [ERROR] LogOutputStream:75 - [STDERR_REDIRECT] 	at org.eclipse.swt.widgets.Display.sendEvent(Display.java:4579)
2023-03-14 00:02:35,551 [ERROR] LogOutputStream:75 - [STDERR_REDIRECT] 	at org.eclipse.swt.widgets.Widget.sendEvent(Widget.java:1524)
2023-03-14 00:02:35,551 [ERROR] LogOutputStream:75 - [STDERR_REDIRECT] 	at org.eclipse.swt.widgets.Widget.sendEvent(Widget.java:1547)
2023-03-14 00:02:35,552 [ERROR] LogOutputStream:75 - [STDERR_REDIRECT] 	at org.eclipse.swt.widgets.Widget.sendEvent(Widget.java:1532)
2023-03-14 00:02:35,552 [ERROR] LogOutputStream:75 - [STDERR_REDIRECT] 	at org.eclipse.swt.widgets.Widget.notifyListeners(Widget.java:1325)
2023-03-14 00:02:35,552 [ERROR] LogOutputStream:75 - [STDERR_REDIRECT] 	at org.eclipse.swt.widgets.Display.runDeferredEvents(Display.java:4365)
2023-03-14 00:02:35,552 [ERROR] LogOutputStream:75 - [STDERR_REDIRECT] 	at org.eclipse.swt.widgets.Display.readAndDispatch(Display.java:3941)
2023-03-14 00:02:35,552 [ERROR] LogOutputStream:75 - [STDERR_REDIRECT] 	at org.eclipse.e4.ui.internal.workbench.swt.PartRenderingEngine$5.run(PartRenderingEngine.java:1155)
2023-03-14 00:02:35,552 [ERROR] LogOutputStream:75 - [STDERR_REDIRECT] 	at org.eclipse.core.databinding.observable.Realm.runWithDefault(Realm.java:338)
2023-03-14 00:02:35,553 [ERROR] LogOutputStream:75 - [STDERR_REDIRECT] 	at org.eclipse.e4.ui.internal.workbench.swt.PartRenderingEngine.run(PartRenderingEngine.java:1046)
2023-03-14 00:02:35,553 [ERROR] LogOutputStream:75 - [STDERR_REDIRECT] 	at org.eclipse.e4.ui.internal.workbench.E4Workbench.createAndRunUI(E4Workbench.java:155)
2023-03-14 00:02:35,553 [ERROR] LogOutputStream:75 - [STDERR_REDIRECT] 	at org.eclipse.ui.internal.Workbench.lambda$3(Workbench.java:644)
2023-03-14 00:02:35,553 [ERROR] LogOutputStream:75 - [STDERR_REDIRECT] 	at org.eclipse.core.databinding.observable.Realm.runWithDefault(Realm.java:338)
2023-03-14 00:02:35,553 [ERROR] LogOutputStream:75 - [STDERR_REDIRECT] 	at org.eclipse.ui.internal.Workbench.createAndRunWorkbench(Workbench.java:551)
2023-03-14 00:02:35,553 [ERROR] LogOutputStream:75 - [STDERR_REDIRECT] 	at org.eclipse.ui.PlatformUI.createAndRunWorkbench(PlatformUI.java:156)
2023-03-14 00:02:35,553 [ERROR] LogOutputStream:75 - [STDERR_REDIRECT] 	at org.eclipse.ui.internal.ide.application.IDEApplication.start(IDEApplication.java:152)
2023-03-14 00:02:35,553 [ERROR] LogOutputStream:75 - [STDERR_REDIRECT] 	at org.eclipse.equinox.internal.app.EclipseAppHandle.run(EclipseAppHandle.java:203)
2023-03-14 00:02:35,553 [ERROR] LogOutputStream:75 - [STDERR_REDIRECT] 	at org.eclipse.core.runtime.internal.adaptor.EclipseAppLauncher.runApplication(EclipseAppLauncher.java:136)
2023-03-14 00:02:35,553 [ERROR] LogOutputStream:75 - [STDERR_REDIRECT] 	at org.eclipse.core.runtime.internal.adaptor.EclipseAppLauncher.start(EclipseAppLauncher.java:104)
2023-03-14 00:02:35,553 [ERROR] LogOutputStream:75 - [STDERR_REDIRECT] 	at org.eclipse.core.runtime.adaptor.EclipseStarter.run(EclipseStarter.java:401)
2023-03-14 00:02:35,553 [ERROR] LogOutputStream:75 - [STDERR_REDIRECT] 	at org.eclipse.core.runtime.adaptor.EclipseStarter.run(EclipseStarter.java:255)
2023-03-14 00:02:35,554 [ERROR] LogOutputStream:75 - [STDERR_REDIRECT] 	at java.base/jdk.internal.reflect.NativeMethodAccessorImpl.invoke0(Native Method)
2023-03-14 00:02:35,554 [ERROR] LogOutputStream:75 - [STDERR_REDIRECT] 	at java.base/jdk.internal.reflect.NativeMethodAccessorImpl.invoke(NativeMethodAccessorImpl.java:62)
2023-03-14 00:02:35,554 [ERROR] LogOutputStream:75 - [STDERR_REDIRECT] 	at java.base/jdk.internal.reflect.DelegatingMethodAccessorImpl.invoke(DelegatingMethodAccessorImpl.java:43)
2023-03-14 00:02:35,554 [ERROR] LogOutputStream:75 - [STDERR_REDIRECT] 	at java.base/java.lang.reflect.Method.invoke(Method.java:566)
2023-03-14 00:02:35,554 [ERROR] LogOutputStream:75 - [STDERR_REDIRECT] 	at org.eclipse.equinox.launcher.Main.invokeFramework(Main.java:659)
2023-03-14 00:02:35,554 [ERROR] LogOutputStream:75 - [STDERR_REDIRECT] 	at org.eclipse.equinox.launcher.Main.basicRun(Main.java:596)
2023-03-14 00:02:35,555 [ERROR] LogOutputStream:75 - [STDERR_REDIRECT] 	at org.eclipse.equinox.launcher.Main.run(Main.java:1467)
