2023-03-20 20:09:37,760 [INFO] Activator:176 - 


2023-03-20 20:09:37,767 [INFO] Activator:177 - !SESSION log4j initialized
2023-03-20 20:09:42,670 [ERROR] LogOutputStream:75 - [STDERR_REDIRECT] 
2023-03-20 20:09:45,486 [INFO] LogOutputStream:77 - [STDOUT_REDIRECT] 
2023-03-20 20:10:03,938 [ERROR] LogOutputStream:75 - [STDERR_REDIRECT] SLF4J: Failed to load class "org.slf4j.impl.StaticLoggerBinder".
2023-03-20 20:10:03,940 [ERROR] LogOutputStream:75 - [STDERR_REDIRECT] SLF4J: Defaulting to no-operation (NOP) logger implementation
2023-03-20 20:10:03,941 [ERROR] LogOutputStream:75 - [STDERR_REDIRECT] SLF4J: See http://www.slf4j.org/codes.html#StaticLoggerBinder for further details.
2023-03-20 20:12:04,057 [INFO] McuFinderGlobals:53 - Set McuFinder mode to 2 (CubeIDE integrated)
2023-03-20 20:12:04,071 [ERROR] LogOutputStream:75 - [STDERR_REDIRECT] java.net.URISyntaxException: Illegal character in path at index 35: file:/Users/titor/Chula/2-2/Embeded Sys/.metadata/.log4j2.xml
2023-03-20 20:12:04,076 [ERROR] LogOutputStream:75 - [STDERR_REDIRECT] 	at java.base/java.net.URI$Parser.fail(URI.java:2913)
2023-03-20 20:12:04,077 [ERROR] LogOutputStream:75 - [STDERR_REDIRECT] 	at java.base/java.net.URI$Parser.checkChars(URI.java:3084)
2023-03-20 20:12:04,078 [ERROR] LogOutputStream:75 - [STDERR_REDIRECT] 	at java.base/java.net.URI$Parser.parseHierarchical(URI.java:3166)
2023-03-20 20:12:04,078 [ERROR] LogOutputStream:75 - [STDERR_REDIRECT] 	at java.base/java.net.URI$Parser.parse(URI.java:3114)
2023-03-20 20:12:04,078 [ERROR] LogOutputStream:75 - [STDERR_REDIRECT] 	at java.base/java.net.URI.<init>(URI.java:600)
2023-03-20 20:12:04,078 [ERROR] LogOutputStream:75 - [STDERR_REDIRECT] 	at java.base/java.net.URL.toURI(URL.java:1061)
2023-03-20 20:12:04,078 [ERROR] LogOutputStream:75 - [STDERR_REDIRECT] 	at com.st.stm32cube.common.mx.core.CubeMxInstance.getInstance(CubeMxInstance.java:81)
2023-03-20 20:12:04,079 [ERROR] LogOutputStream:75 - [STDERR_REDIRECT] 	at com.st.stm32cube.common.mx.targetselector.TargetSelectorAdapter.addTargetSelector(TargetSelectorAdapter.java:170)
2023-03-20 20:12:04,079 [ERROR] LogOutputStream:75 - [STDERR_REDIRECT] 	at com.st.stm32cube.common.projectcreation.ui.wizard.TargetSetupPageAbstract.createControl(TargetSetupPageAbstract.java:131)
2023-03-20 20:12:04,079 [ERROR] LogOutputStream:75 - [STDERR_REDIRECT] 	at org.eclipse.jface.wizard.Wizard.createPageControls(Wizard.java:178)
2023-03-20 20:12:04,079 [ERROR] LogOutputStream:75 - [STDERR_REDIRECT] 	at org.eclipse.jface.wizard.WizardDialog.createPageControls(WizardDialog.java:743)
2023-03-20 20:12:04,079 [ERROR] LogOutputStream:75 - [STDERR_REDIRECT] 	at org.eclipse.jface.wizard.WizardDialog.createContents(WizardDialog.java:635)
2023-03-20 20:12:04,079 [ERROR] LogOutputStream:75 - [STDERR_REDIRECT] 	at org.eclipse.jface.window.Window.create(Window.java:431)
2023-03-20 20:12:04,080 [ERROR] LogOutputStream:75 - [STDERR_REDIRECT] 	at org.eclipse.jface.dialogs.Dialog.create(Dialog.java:1094)
2023-03-20 20:12:04,080 [ERROR] LogOutputStream:75 - [STDERR_REDIRECT] 	at org.eclipse.ui.internal.actions.NewWizardShortcutAction.run(NewWizardShortcutAction.java:119)
2023-03-20 20:12:04,080 [ERROR] LogOutputStream:75 - [STDERR_REDIRECT] 	at org.eclipse.jface.action.Action.runWithEvent(Action.java:474)
2023-03-20 20:12:04,080 [ERROR] LogOutputStream:75 - [STDERR_REDIRECT] 	at org.eclipse.jface.action.ActionContributionItem.handleWidgetSelection(ActionContributionItem.java:580)
2023-03-20 20:12:04,081 [ERROR] LogOutputStream:75 - [STDERR_REDIRECT] 	at org.eclipse.jface.action.ActionContributionItem.lambda$4(ActionContributionItem.java:414)
2023-03-20 20:12:04,081 [ERROR] LogOutputStream:75 - [STDERR_REDIRECT] 	at org.eclipse.swt.widgets.EventTable.sendEvent(EventTable.java:89)
2023-03-20 20:12:04,081 [ERROR] LogOutputStream:75 - [STDERR_REDIRECT] 	at org.eclipse.swt.widgets.Display.sendEvent(Display.java:4579)
2023-03-20 20:12:04,081 [ERROR] LogOutputStream:75 - [STDERR_REDIRECT] 	at org.eclipse.swt.widgets.Widget.sendEvent(Widget.java:1524)
2023-03-20 20:12:04,081 [ERROR] LogOutputStream:75 - [STDERR_REDIRECT] 	at org.eclipse.swt.widgets.Widget.sendEvent(Widget.java:1547)
2023-03-20 20:12:04,081 [ERROR] LogOutputStream:75 - [STDERR_REDIRECT] 	at org.eclipse.swt.widgets.Widget.sendEvent(Widget.java:1532)
2023-03-20 20:12:04,081 [ERROR] LogOutputStream:75 - [STDERR_REDIRECT] 	at org.eclipse.swt.widgets.Widget.notifyListeners(Widget.java:1325)
2023-03-20 20:12:04,082 [ERROR] LogOutputStream:75 - [STDERR_REDIRECT] 	at org.eclipse.swt.widgets.Display.runDeferredEvents(Display.java:4365)
2023-03-20 20:12:04,082 [ERROR] LogOutputStream:75 - [STDERR_REDIRECT] 	at org.eclipse.swt.widgets.Display.readAndDispatch(Display.java:3941)
2023-03-20 20:12:04,082 [ERROR] LogOutputStream:75 - [STDERR_REDIRECT] 	at org.eclipse.e4.ui.internal.workbench.swt.PartRenderingEngine$5.run(PartRenderingEngine.java:1155)
2023-03-20 20:12:04,082 [ERROR] LogOutputStream:75 - [STDERR_REDIRECT] 	at org.eclipse.core.databinding.observable.Realm.runWithDefault(Realm.java:338)
2023-03-20 20:12:04,082 [ERROR] LogOutputStream:75 - [STDERR_REDIRECT] 	at org.eclipse.e4.ui.internal.workbench.swt.PartRenderingEngine.run(PartRenderingEngine.java:1046)
2023-03-20 20:12:04,082 [ERROR] LogOutputStream:75 - [STDERR_REDIRECT] 	at org.eclipse.e4.ui.internal.workbench.E4Workbench.createAndRunUI(E4Workbench.java:155)
2023-03-20 20:12:04,082 [ERROR] LogOutputStream:75 - [STDERR_REDIRECT] 	at org.eclipse.ui.internal.Workbench.lambda$3(Workbench.java:644)
2023-03-20 20:12:04,083 [ERROR] LogOutputStream:75 - [STDERR_REDIRECT] 	at org.eclipse.core.databinding.observable.Realm.runWithDefault(Realm.java:338)
2023-03-20 20:12:04,083 [ERROR] LogOutputStream:75 - [STDERR_REDIRECT] 	at org.eclipse.ui.internal.Workbench.createAndRunWorkbench(Workbench.java:551)
2023-03-20 20:12:04,083 [ERROR] LogOutputStream:75 - [STDERR_REDIRECT] 	at org.eclipse.ui.PlatformUI.createAndRunWorkbench(PlatformUI.java:156)
2023-03-20 20:12:04,083 [ERROR] LogOutputStream:75 - [STDERR_REDIRECT] 	at org.eclipse.ui.internal.ide.application.IDEApplication.start(IDEApplication.java:152)
2023-03-20 20:12:04,083 [ERROR] LogOutputStream:75 - [STDERR_REDIRECT] 	at org.eclipse.equinox.internal.app.EclipseAppHandle.run(EclipseAppHandle.java:203)
2023-03-20 20:12:04,083 [ERROR] LogOutputStream:75 - [STDERR_REDIRECT] 	at org.eclipse.core.runtime.internal.adaptor.EclipseAppLauncher.runApplication(EclipseAppLauncher.java:136)
2023-03-20 20:12:04,084 [ERROR] LogOutputStream:75 - [STDERR_REDIRECT] 	at org.eclipse.core.runtime.internal.adaptor.EclipseAppLauncher.start(EclipseAppLauncher.java:104)
2023-03-20 20:12:04,084 [ERROR] LogOutputStream:75 - [STDERR_REDIRECT] 	at org.eclipse.core.runtime.adaptor.EclipseStarter.run(EclipseStarter.java:401)
2023-03-20 20:12:04,084 [ERROR] LogOutputStream:75 - [STDERR_REDIRECT] 	at org.eclipse.core.runtime.adaptor.EclipseStarter.run(EclipseStarter.java:255)
2023-03-20 20:12:04,084 [ERROR] LogOutputStream:75 - [STDERR_REDIRECT] 	at java.base/jdk.internal.reflect.NativeMethodAccessorImpl.invoke0(Native Method)
2023-03-20 20:12:04,084 [ERROR] LogOutputStream:75 - [STDERR_REDIRECT] 	at java.base/jdk.internal.reflect.NativeMethodAccessorImpl.invoke(NativeMethodAccessorImpl.java:62)
2023-03-20 20:12:04,084 [ERROR] LogOutputStream:75 - [STDERR_REDIRECT] 	at java.base/jdk.internal.reflect.DelegatingMethodAccessorImpl.invoke(DelegatingMethodAccessorImpl.java:43)
2023-03-20 20:12:04,084 [ERROR] LogOutputStream:75 - [STDERR_REDIRECT] 	at java.base/java.lang.reflect.Method.invoke(Method.java:566)
2023-03-20 20:12:04,085 [ERROR] LogOutputStream:75 - [STDERR_REDIRECT] 	at org.eclipse.equinox.launcher.Main.invokeFramework(Main.java:659)
2023-03-20 20:12:04,085 [ERROR] LogOutputStream:75 - [STDERR_REDIRECT] 	at org.eclipse.equinox.launcher.Main.basicRun(Main.java:596)
2023-03-20 20:12:04,085 [ERROR] LogOutputStream:75 - [STDERR_REDIRECT] 	at org.eclipse.equinox.launcher.Main.run(Main.java:1467)
2023-03-20 20:12:04,254 [INFO] ApplicationProperties:184 - Using Application install path: /Applications/STM32CubeIDE.app/Contents/Eclipse/plugins/com.st.stm32cube.common.mx_6.8.0.202302231600
2023-03-20 20:12:04,329 [INFO] DbMcusXml:78 - Set database path to: /Applications/STM32CubeIDE.app/Contents/Eclipse/plugins/com.st.stm32cube.common.mx_6.8.0.202302231600//db//mcu/
2023-03-20 20:12:04,330 [INFO] ApiDb:274 - Set plugin database path to: /Applications/STM32CubeIDE.app/Contents/Eclipse/plugins/com.st.stm32cube.common.mx_6.8.0.202302231600//db//plugins/boardmanager/
2023-03-20 20:12:04,343 [WARN] ApiDb:259 - Overriding images path with different value:  => /Applications/STM32CubeIDE.app/Contents/Eclipse/plugins/com.st.stm32cube.common.mx_6.8.0.202302231600//db//plugins/mcufinder/images/
2023-03-20 20:12:04,370 [INFO] ApiDb:250 - Set database path to: /Users/titor/.stmcufinder/plugins/mcufinder//mcu/
2023-03-20 20:12:04,371 [INFO] DbMcusAds:125 - Set database path to: /Users/titor/.stmcufinder/plugins/mcufinder//mcu/
2023-03-20 20:12:04,376 [INFO] CrossReferenceDbSqlite:203 - Set database path to: /Users/titor/.stmcufinder/plugins/mcufinder//mcu/cs/
2023-03-20 20:12:04,535 [INFO] RulesReader:64 - Compatibility file has been processed (293 Rules)
2023-03-20 20:12:04,601 [INFO] DbMcusXml:78 - Set database path to: /Applications/STM32CubeIDE.app/Contents/Eclipse/plugins/com.st.stm32cube.common.mx_6.8.0.202302231600//db//mcu/
2023-03-20 20:12:04,601 [INFO] ApiDb:274 - Set plugin database path to: /Applications/STM32CubeIDE.app/Contents/Eclipse/plugins/com.st.stm32cube.common.mx_6.8.0.202302231600//db//plugins/boardmanager/
2023-03-20 20:12:04,602 [INFO] ApiDb:261 - Set plugin images path to: /Applications/STM32CubeIDE.app/Contents/Eclipse/plugins/com.st.stm32cube.common.mx_6.8.0.202302231600//db//plugins/mcufinder/images/
2023-03-20 20:12:04,603 [WARN] DbFile:41 - Overriding database path with different value: /Users/titor/.stmcufinder/plugins/mcufinder/ => /Users/titor/.stmcufinder/plugins/mcufinder
2023-03-20 20:12:04,603 [INFO] ApiDb:250 - Set database path to: /Users/titor/.stmcufinder/plugins/mcufinder//mcu/
2023-03-20 20:12:04,603 [WARN] DbFile:41 - Overriding database path with different value: /Users/titor/.stmcufinder/plugins/mcufinder/ => /Users/titor/.stmcufinder/plugins/mcufinder
2023-03-20 20:12:04,603 [INFO] DbMcusAds:125 - Set database path to: /Users/titor/.stmcufinder/plugins/mcufinder//mcu/
2023-03-20 20:12:04,603 [WARN] DbFile:41 - Overriding database path with different value: /Users/titor/.stmcufinder/plugins/mcufinder/ => /Users/titor/.stmcufinder/plugins/mcufinder
2023-03-20 20:12:04,603 [WARN] DbFile:41 - Overriding database path with different value: /Users/titor/.stmcufinder/plugins/mcufinder/ => /Users/titor/.stmcufinder/plugins/mcufinder
2023-03-20 20:12:04,603 [INFO] CrossReferenceDbSqlite:203 - Set database path to: /Users/titor/.stmcufinder/plugins/mcufinder//mcu/cs/
2023-03-20 20:12:04,684 [INFO] MainPanel:253 - HeapMemory: 414187520
2023-03-20 20:12:04,770 [INFO] DbMcusXml:78 - Set database path to: /Applications/STM32CubeIDE.app/Contents/Eclipse/plugins/com.st.stm32cube.common.mx_6.8.0.202302231600//db//mcu/
2023-03-20 20:12:04,771 [INFO] ApiDb:274 - Set plugin database path to: /Applications/STM32CubeIDE.app/Contents/Eclipse/plugins/com.st.stm32cube.common.mx_6.8.0.202302231600//db//plugins/boardmanager/
2023-03-20 20:12:04,771 [INFO] ApiDb:261 - Set plugin images path to: /Applications/STM32CubeIDE.app/Contents/Eclipse/plugins/com.st.stm32cube.common.mx_6.8.0.202302231600//db//plugins/mcufinder/images/
2023-03-20 20:12:04,771 [WARN] DbFile:41 - Overriding database path with different value: /Users/titor/.stmcufinder/plugins/mcufinder/ => /Users/titor/.stmcufinder/plugins/mcufinder
2023-03-20 20:12:04,771 [INFO] ApiDb:250 - Set database path to: /Users/titor/.stmcufinder/plugins/mcufinder//mcu/
2023-03-20 20:12:04,771 [WARN] DbFile:41 - Overriding database path with different value: /Users/titor/.stmcufinder/plugins/mcufinder/ => /Users/titor/.stmcufinder/plugins/mcufinder
2023-03-20 20:12:04,771 [INFO] DbMcusAds:125 - Set database path to: /Users/titor/.stmcufinder/plugins/mcufinder//mcu/
2023-03-20 20:12:04,771 [WARN] DbFile:41 - Overriding database path with different value: /Users/titor/.stmcufinder/plugins/mcufinder/ => /Users/titor/.stmcufinder/plugins/mcufinder
2023-03-20 20:12:04,771 [WARN] DbFile:41 - Overriding database path with different value: /Users/titor/.stmcufinder/plugins/mcufinder/ => /Users/titor/.stmcufinder/plugins/mcufinder
2023-03-20 20:12:04,771 [INFO] CrossReferenceDbSqlite:203 - Set database path to: /Users/titor/.stmcufinder/plugins/mcufinder//mcu/cs/
2023-03-20 20:12:04,789 [INFO] ApplicationProperties:184 - Using Application install path: /Applications/STM32CubeIDE.app/Contents/Eclipse/plugins/com.st.stm32cube.common.mx_6.8.0.202302231600
2023-03-20 20:12:04,790 [INFO] PluginManage:196 - Search for loadable plugins [exclusion list=, ]
2023-03-20 20:12:04,793 [INFO] PluginManage:310 - Check plugin analytics
2023-03-20 20:12:05,029 [INFO] AnalyticsPlugin:253 - Accepted Software Licenses: 
2023-03-20 20:12:05,029 [INFO] AnalyticsPlugin:255 - Accepted CMSIS Pack Licenses: 
2023-03-20 20:12:05,029 [INFO] AnalyticsPlugin:257 - Accepted Firmware Licenses: FW.F4.1.27.0
2023-03-20 20:12:05,049 [INFO] PluginManage:359 - Loaded plugin analytics (category:tool,tabindex:-1)
2023-03-20 20:12:05,050 [INFO] PluginManage:310 - Check plugin cadmodel
2023-03-20 20:12:05,612 [INFO] CADModel:105 - Init CAD model plugin
2023-03-20 20:12:05,616 [INFO] PluginManage:359 - Loaded plugin cadmodel (category:power,tabindex:5)
2023-03-20 20:12:05,620 [INFO] PluginManage:310 - Check plugin clock
2023-03-20 20:12:05,672 [INFO] PluginManage:359 - Loaded plugin clock (category:base,tabindex:2)
2023-03-20 20:12:05,672 [INFO] PluginManage:310 - Check plugin ddr
2023-03-20 20:12:05,677 [INFO] PluginManage:359 - Loaded plugin ddr (category:tool,tabindex:6)
2023-03-20 20:12:05,677 [INFO] PluginManage:310 - Check plugin filemanager
2023-03-20 20:12:05,922 [INFO] PluginManage:359 - Loaded plugin filemanager (category:base,tabindex:10)
2023-03-20 20:12:05,922 [INFO] PluginManage:310 - Check plugin ipmanager
2023-03-20 20:12:05,935 [INFO] PluginManage:359 - Loaded plugin ipmanager (category:base,tabindex:5)
2023-03-20 20:12:05,935 [INFO] PluginManage:310 - Check plugin lpbam
2023-03-20 20:12:05,947 [INFO] PluginManage:359 - Loaded plugin lpbam (category:base,tabindex:0)
2023-03-20 20:12:05,948 [INFO] PluginManage:310 - Check plugin pinoutandconfiguration
2023-03-20 20:12:05,955 [INFO] PluginManage:359 - Loaded plugin pinoutandconfiguration (category:base,tabindex:1)
2023-03-20 20:12:05,955 [INFO] PluginManage:310 - Check plugin pinoutconfig
2023-03-20 20:12:06,090 [WARN] SupportedApi:132 - Cannot load RTOS API schema: s4s-elt-must-match.1: The content of 'definitions' must match (annotation?, (simpleType | complexType)?, (unique | key | keyref)*)). A problem was found starting at: attribute.
2023-03-20 20:12:06,388 [INFO] PluginManage:359 - Loaded plugin pinoutconfig (category:base,tabindex:0)
2023-03-20 20:12:06,388 [INFO] PluginManage:310 - Check plugin power
2023-03-20 20:12:06,407 [INFO] PluginManage:359 - Loaded plugin power (category:power,tabindex:4)
2023-03-20 20:12:06,408 [INFO] PluginManage:310 - Check plugin projectmanager
2023-03-20 20:12:06,448 [INFO] PluginManage:359 - Loaded plugin projectmanager (category:projectmanager,tabindex:3)
2023-03-20 20:12:06,448 [INFO] PluginManage:310 - Check plugin thirdparty
2023-03-20 20:12:06,680 [INFO] PluginManage:359 - Loaded plugin thirdparty (category:base,tabindex:-1)
2023-03-20 20:12:06,680 [INFO] PluginManage:310 - Check plugin tools
2023-03-20 20:12:06,676 [WARN] IntegrityCheckThread:84 - waiting for thirdparty lock release [integrity check]
2023-03-20 20:12:06,689 [INFO] IntegrityCheckThread:86 - entering critical section [integrity check]
2023-03-20 20:12:06,689 [INFO] PluginManage:359 - Loaded plugin tools (category:base,tabindex:7)
2023-03-20 20:12:06,690 [INFO] PluginManage:310 - Check plugin tutovideos
2023-03-20 20:12:06,693 [INFO] ThirdPartyUpdaterWithRetryManager:70 - Updater plugin not ready yet. [1/15]
2023-03-20 20:12:07,278 [INFO] PluginManage:359 - Loaded plugin tutovideos (category:base,tabindex:-1)
2023-03-20 20:12:07,287 [INFO] PluginManage:310 - Check plugin updater
2023-03-20 20:12:07,529 [INFO] PluginManage:359 - Loaded plugin updater (category:base,tabindex:12)
2023-03-20 20:12:07,531 [INFO] PluginManage:283 - PluginManage : Loaded plugins [15]
2023-03-20 20:12:08,089 [INFO] PinOutPanel:1499 - setPackage(No Configuration,No Configuration)
2023-03-20 20:12:08,313 [INFO] CADModel:165 - CPN selected for project level
2023-03-20 20:12:08,314 [INFO] CADModel:114 - Register for checkConnection events
2023-03-20 20:12:08,338 [INFO] IPUIPlugin:80 - create IPUIPlugin
2023-03-20 20:12:08,339 [INFO] PluginManager:220 - loadIPPluginJar : add mdma
2023-03-20 20:12:08,349 [INFO] IPUIPlugin:80 - create IPUIPlugin
2023-03-20 20:12:08,349 [INFO] PluginManager:220 - loadIPPluginJar : add freertos
2023-03-20 20:12:08,356 [INFO] IPUIPlugin:80 - create IPUIPlugin
2023-03-20 20:12:08,356 [INFO] PluginManager:220 - loadIPPluginJar : add gic
2023-03-20 20:12:08,368 [INFO] IPUIPlugin:80 - create IPUIPlugin
2023-03-20 20:12:08,368 [INFO] PluginManager:220 - loadIPPluginJar : add adc
2023-03-20 20:12:08,370 [INFO] IPUIPlugin:80 - create IPUIPlugin
2023-03-20 20:12:08,371 [INFO] PluginManager:220 - loadIPPluginJar : add gtzc
2023-03-20 20:12:08,383 [INFO] IPUIPlugin:80 - create IPUIPlugin
2023-03-20 20:12:08,384 [INFO] PluginManager:220 - loadIPPluginJar : add quadspi
2023-03-20 20:12:08,392 [INFO] IPUIPlugin:80 - create IPUIPlugin
2023-03-20 20:12:08,392 [INFO] PluginManager:220 - loadIPPluginJar : add aes
2023-03-20 20:12:08,397 [INFO] IPUIPlugin:80 - create IPUIPlugin
2023-03-20 20:12:08,400 [INFO] PluginManager:220 - loadIPPluginJar : add pdm2pcm
2023-03-20 20:12:08,402 [INFO] IPUIPlugin:80 - create IPUIPlugin
2023-03-20 20:12:08,403 [INFO] PluginManager:220 - loadIPPluginJar : add hash
2023-03-20 20:12:08,405 [INFO] IPUIPlugin:80 - create IPUIPlugin
2023-03-20 20:12:08,405 [INFO] PluginManager:220 - loadIPPluginJar : add tim
2023-03-20 20:12:08,407 [INFO] IPUIPlugin:80 - create IPUIPlugin
2023-03-20 20:12:08,407 [INFO] PluginManager:220 - loadIPPluginJar : add tsc
2023-03-20 20:12:08,409 [INFO] IPUIPlugin:80 - create IPUIPlugin
2023-03-20 20:12:08,409 [INFO] PluginManager:220 - loadIPPluginJar : add ts
2023-03-20 20:12:08,412 [INFO] IPUIPlugin:80 - create IPUIPlugin
2023-03-20 20:12:08,412 [INFO] PluginManager:220 - loadIPPluginJar : add can
2023-03-20 20:12:08,415 [INFO] IPUIPlugin:80 - create IPUIPlugin
2023-03-20 20:12:08,415 [INFO] PluginManager:220 - loadIPPluginJar : add dma3
2023-03-20 20:12:08,420 [INFO] IPUIPlugin:80 - create IPUIPlugin
2023-03-20 20:12:08,421 [INFO] PluginManager:220 - loadIPPluginJar : add dfsdm
2023-03-20 20:12:08,430 [INFO] IPUIPlugin:80 - create IPUIPlugin
2023-03-20 20:12:08,433 [INFO] PluginManager:220 - loadIPPluginJar : add spi
2023-03-20 20:12:08,439 [INFO] IPUIPlugin:80 - create IPUIPlugin
2023-03-20 20:12:08,439 [INFO] PluginManager:220 - loadIPPluginJar : add gfxmmu
2023-03-20 20:12:08,441 [INFO] IPUIPlugin:80 - create IPUIPlugin
2023-03-20 20:12:08,441 [INFO] PluginManager:220 - loadIPPluginJar : add genericplugin
2023-03-20 20:12:08,443 [INFO] IPUIPlugin:80 - create IPUIPlugin
2023-03-20 20:12:08,443 [INFO] PluginManager:220 - loadIPPluginJar : add cryp
2023-03-20 20:12:08,450 [INFO] IPUIPlugin:80 - create IPUIPlugin
2023-03-20 20:12:08,450 [INFO] PluginManager:220 - loadIPPluginJar : add gpio
2023-03-20 20:12:08,457 [INFO] IPUIPlugin:80 - create IPUIPlugin
2023-03-20 20:12:08,457 [INFO] PluginManager:220 - loadIPPluginJar : add comp
2023-03-20 20:12:08,459 [INFO] IPUIPlugin:80 - create IPUIPlugin
2023-03-20 20:12:08,459 [INFO] PluginManager:220 - loadIPPluginJar : add tracer_emb
2023-03-20 20:12:08,462 [INFO] IPUIPlugin:80 - create IPUIPlugin
2023-03-20 20:12:08,462 [INFO] PluginManager:220 - loadIPPluginJar : add openamp
2023-03-20 20:12:08,468 [INFO] IPUIPlugin:80 - create IPUIPlugin
2023-03-20 20:12:08,468 [INFO] PluginManager:220 - loadIPPluginJar : add stm32_wpan
2023-03-20 20:12:08,474 [INFO] IPUIPlugin:80 - create IPUIPlugin
2023-03-20 20:12:08,482 [INFO] PluginManager:220 - loadIPPluginJar : add plateformsettings
2023-03-20 20:12:08,486 [INFO] IPUIPlugin:80 - create IPUIPlugin
2023-03-20 20:12:08,486 [INFO] PluginManager:220 - loadIPPluginJar : add ipddr
2023-03-20 20:12:08,490 [INFO] IPUIPlugin:80 - create IPUIPlugin
2023-03-20 20:12:08,490 [INFO] PluginManager:220 - loadIPPluginJar : add usart
2023-03-20 20:12:08,491 [INFO] IPUIPlugin:80 - create IPUIPlugin
2023-03-20 20:12:08,492 [INFO] PluginManager:220 - loadIPPluginJar : add ltdc
2023-03-20 20:12:08,494 [INFO] IPUIPlugin:80 - create IPUIPlugin
2023-03-20 20:12:08,494 [INFO] PluginManager:220 - loadIPPluginJar : add nvic
2023-03-20 20:12:08,497 [INFO] IPUIPlugin:80 - create IPUIPlugin
2023-03-20 20:12:08,497 [INFO] PluginManager:220 - loadIPPluginJar : add fatfs
2023-03-20 20:12:08,505 [INFO] IPUIPlugin:80 - create IPUIPlugin
2023-03-20 20:12:08,505 [INFO] PluginManager:220 - loadIPPluginJar : add linkedlist
2023-03-20 20:12:08,511 [INFO] IPUIPlugin:80 - create IPUIPlugin
2023-03-20 20:12:08,512 [INFO] PluginManager:220 - loadIPPluginJar : add dma
2023-03-20 20:12:08,516 [INFO] IPUIPlugin:80 - create IPUIPlugin
2023-03-20 20:12:08,517 [INFO] PluginManager:220 - loadIPPluginJar : add fmc
2023-03-20 20:12:08,519 [INFO] IPUIPlugin:80 - create IPUIPlugin
2023-03-20 20:12:08,519 [INFO] PluginManager:220 - loadIPPluginJar : add i2s
2023-03-20 20:12:08,521 [INFO] IPUIPlugin:80 - create IPUIPlugin
2023-03-20 20:12:08,521 [INFO] PluginManager:220 - loadIPPluginJar : add ucpd
2023-03-20 20:12:08,523 [INFO] IPUIPlugin:80 - create IPUIPlugin
2023-03-20 20:12:08,523 [INFO] PluginManager:220 - loadIPPluginJar : add lorawan
2023-03-20 20:12:08,525 [INFO] IPUIPlugin:80 - create IPUIPlugin
2023-03-20 20:12:08,525 [INFO] PluginManager:220 - loadIPPluginJar : add opamp
2023-03-20 20:12:08,527 [INFO] IPUIPlugin:80 - create IPUIPlugin
2023-03-20 20:12:08,527 [INFO] PluginManager:220 - loadIPPluginJar : add i3c
2023-03-20 20:12:08,532 [INFO] IPUIPlugin:80 - create IPUIPlugin
2023-03-20 20:12:08,532 [INFO] PluginManager:220 - loadIPPluginJar : add touchsensing
2023-03-20 20:12:08,535 [INFO] IPUIPlugin:80 - create IPUIPlugin
2023-03-20 20:12:08,535 [INFO] PluginManager:220 - loadIPPluginJar : add i2c
2023-03-20 20:12:08,540 [INFO] IPUIPlugin:80 - create IPUIPlugin
2023-03-20 20:12:08,540 [INFO] PluginManager:220 - loadIPPluginJar : add resmgrutility
2023-03-20 20:12:08,543 [INFO] IPUIPlugin:80 - create IPUIPlugin
2023-03-20 20:12:08,544 [INFO] PluginManager:220 - loadIPPluginJar : add sai
2023-03-20 20:12:08,548 [INFO] IPUIPlugin:80 - create IPUIPlugin
2023-03-20 20:12:08,548 [INFO] PluginManager:220 - loadIPPluginJar : add usbx
2023-03-20 20:12:08,678 [INFO] CADModel:165 - CPN selected for project level
2023-03-20 20:12:08,681 [INFO] CADModel:114 - Register for checkConnection events
2023-03-20 20:12:08,682 [FATAL] Updater:308 - Updater called before beeing initialized
2023-03-20 20:12:08,683 [ERROR] CADModel:125 - Updater not yet initialized, retry later 
2023-03-20 20:12:08,957 [INFO] CADModel:165 - CPN selected for project level
2023-03-20 20:12:08,957 [INFO] CADModel:114 - Register for checkConnection events
2023-03-20 20:12:08,957 [FATAL] Updater:308 - Updater called before beeing initialized
2023-03-20 20:12:08,957 [ERROR] CADModel:125 - Updater not yet initialized, retry later 
2023-03-20 20:12:08,961 [FATAL] Updater:308 - Updater called before beeing initialized
2023-03-20 20:12:09,462 [FATAL] Updater:308 - Updater called before beeing initialized
2023-03-20 20:12:09,538 [INFO] DbMcusAds:53 - JSON generation date=Tue Mar 07 15:50:55 ICT 2023 (1678179055114)
2023-03-20 20:12:09,539 [FATAL] Updater:308 - Updater called before beeing initialized
2023-03-20 20:12:09,627 [WARN] DetailPanel:346 - Failed to get advertising image, set to default
2023-03-20 20:12:09,701 [INFO] ThirdPartyUpdaterWithRetryManager:70 - Updater plugin not ready yet. [2/15]
2023-03-20 20:12:09,745 [FATAL] Updater:308 - Updater called before beeing initialized
2023-03-20 20:12:09,749 [FATAL] Updater:308 - Updater called before beeing initialized
2023-03-20 20:12:09,749 [FATAL] Updater:308 - Updater called before beeing initialized
2023-03-20 20:12:09,750 [WARN] DetailPanel:346 - Failed to get advertising image, set to default
2023-03-20 20:12:09,752 [FATAL] Updater:308 - Updater called before beeing initialized
2023-03-20 20:12:10,021 [ERROR] Updater:1120 - MainUpdater not yet initialized. External WinMGr cannot be set.
2023-03-20 20:12:10,136 [INFO] Updater:1056 - Updater Version found : 6.8.0
2023-03-20 20:12:10,162 [INFO] ApplicationProperties:184 - Using Application install path: /Applications/STM32CubeIDE.app/Contents/Eclipse/plugins/com.st.stm32cube.common.mx_6.8.0.202302231600
2023-03-20 20:12:10,495 [INFO] MainUpdater:2854 - connection check result : 10
2023-03-20 20:12:10,496 [INFO] MainUpdater:3548 - Updater definition file requires update
2023-03-20 20:12:10,498 [INFO] MainUpdater:283 - Updater Check For Update Now.
2023-03-20 20:12:10,501 [INFO] MicroXplorer:498 - Change Database Version : DB.6.0.80
2023-03-20 20:12:10,553 [INFO] ServerAccessManage:473 - Download File updaters.zip
2023-03-20 20:12:10,645 [INFO] FileExtend:240 - Unzip File : updaters.zip
2023-03-20 20:12:10,646 [INFO] FileExtend:255 - Standard Zip Deflate
2023-03-20 20:12:10,976 [INFO] ServerAccessManage:473 - Download File PacksControlFlags.xml
2023-03-20 20:12:11,140 [INFO] ServerAccessManage:473 - Download File cubemx.pidx
2023-03-20 20:12:11,323 [INFO] LoadServerUpdatesThread:373 - End of LoadServerUpdate Thread
2023-03-20 20:12:11,556 [INFO] CheckServerUpdateThread:120 - End of CheckServer Thread
2023-03-20 20:12:11,566 [INFO] MainUpdater:2854 - connection check result : 10
2023-03-20 20:12:11,571 [INFO] McuFinderGlobals:66 - Set McuFinderConnectedMode to true
2023-03-20 20:12:12,548 [INFO] ServerAccessManage:473 - Download File mcusAds.json._tmp_
2023-03-20 20:12:12,660 [INFO] LoadUrlFilesThread:156 - End of LoadUrlFiles Thread
2023-03-20 20:12:12,702 [WARN] MainUpdater:1187 - Updater busy. Cannot search thirdparties
2023-03-20 20:12:12,702 [INFO] ThirdPartyUpdaterWithRetryManager:96 - Updater plugin is busy. [1/15]
2023-03-20 20:12:12,797 [INFO] ServerAccessManage:473 - Download File cube-finder-db.zip
2023-03-20 20:12:13,556 [INFO] FileExtend:240 - Unzip File : cube-finder-db.zip
2023-03-20 20:12:13,559 [INFO] FileExtend:255 - Standard Zip Deflate
2023-03-20 20:12:14,216 [INFO] LoadUrlFilesThread:156 - End of LoadUrlFiles Thread
2023-03-20 20:12:15,346 [INFO] ServerAccessManage:473 - Download File crdb.zip
2023-03-20 20:12:15,706 [WARN] MainUpdater:1187 - Updater busy. Cannot search thirdparties
2023-03-20 20:12:15,707 [INFO] ThirdPartyUpdaterWithRetryManager:96 - Updater plugin is busy. [2/15]
2023-03-20 20:12:16,515 [INFO] FileExtend:240 - Unzip File : crdb.zip
2023-03-20 20:12:16,516 [INFO] FileExtend:255 - Standard Zip Deflate
2023-03-20 20:12:16,688 [INFO] LoadUrlFilesThread:156 - End of LoadUrlFiles Thread
2023-03-20 20:12:16,947 [INFO] ServerAccessManage:473 - Download File tutoVideoDB.zip
2023-03-20 20:12:16,965 [INFO] FileExtend:240 - Unzip File : tutoVideoDB.zip
2023-03-20 20:12:16,967 [INFO] FileExtend:255 - Standard Zip Deflate
2023-03-20 20:12:17,100 [INFO] LoadUrlFilesThread:156 - End of LoadUrlFiles Thread
2023-03-20 20:12:17,134 [WARN] DbFile:41 - Overriding database path with different value: /Users/titor/.stmcufinder/plugins/mcufinder/ => /Users/titor/.stmcufinder/plugins/mcufinder
2023-03-20 20:12:17,473 [INFO] ServerAccessManage:473 - Download File api_config.json
2023-03-20 20:12:17,584 [INFO] LoadUrlFilesThread:156 - End of LoadUrlFiles Thread
2023-03-20 20:12:17,594 [INFO] DbMcusAds:53 - JSON generation date=Tue Mar 07 15:50:55 ICT 2023 (1678179055114)
2023-03-20 20:12:17,667 [INFO] LoadUrlFilesThread:185 - End of LoadServerUrlFiles without Thread
2023-03-20 20:12:17,667 [INFO] TargetSelectorAdapter:259 - Refresh data is successful
2023-03-20 20:12:17,989 [INFO] ApiDb:581 - Connected to CubeFinder SQLite database (/Users/titor/.stmcufinder/plugins/mcufinder/mcu/cube-finder-db.db)
2023-03-20 20:12:18,048 [INFO] ApiDb:668 - CubeFinder database Data Model version=2.1
2023-03-20 20:12:18,048 [INFO] ApiDb:669 - CubeFinder database Configuration version=3.0.35
2023-03-20 20:12:18,048 [INFO] ApiDb:670 - CubeFinder database generation date=2023-03-10 (1678456172)
2023-03-20 20:12:18,049 [INFO] ApiDb:671 - CubeFinder database FW Pack versions=[FP-ATR-ASTRA1_V1.1.1, STM32Cube_FW_C0_V1.0.1, STM32Cube_FW_F0_V1.11.4, STM32Cube_FW_F3_V1.11.4, STM32Cube_FW_F4_V1.27.1, STM32Cube_FW_F7_V1.17.0, STM32Cube_FW_G0_V1.6.1, STM32Cube_FW_G4_V1.5.1, STM32Cube_FW_H5_V0.5.1, STM32Cube_FW_H5_V1.0.0, STM32Cube_FW_H7_V1.11.0, STM32Cube_FW_L0_V1.12.2, STM32Cube_FW_L5_V1.5.0, STM32Cube_FW_U5_V1.2.0, STM32Cube_FW_WBA_V1.0.0, STM32Cube_FW_WBA_V1.0.0RC1, STM32Cube_FW_WBA_V1.0.0RC3, STM32Cube_FW_WB_V1.15.0RC1, STM32Cube_FW_WB_V1.16.0, STM32Cube_FW_WB_V1.16.0RC2, STM32Cube_FW_WL_V1.3.0, X-CUBE-ALGOBUILD_V1.3.0, X-CUBE-ALS_V1.0.1, X-CUBE-AZRTOS-F4_V1.1.0, X-CUBE-AZRTOS-F7_V1.1.0, X-CUBE-AZRTOS-G0_V1.1.0, X-CUBE-AZRTOS-G4_V1.0.0, X-CUBE-AZRTOS-H7_V3.0.0, X-CUBE-AZRTOS-L4_V1.0.0, X-CUBE-AZRTOS-L5_V1.1.0, X-CUBE-AZRTOS-WB_V1.1.0, X-CUBE-AZRTOS-WL_V1.0.0, X-CUBE-BLE1_V6.2.4, X-CUBE-BLE2_V3.3.0, X-CUBE-BLEMGR_V1.3.0, X-CUBE-EEPRMA1_V4.1.0, X-CUBE-GNSS1_V6.0.0, X-CUBE-MEMS1_V9.1.0, X-CUBE-MEMS1_V9.4.0, X-CUBE-MEMS1_V9.5.0, X-CUBE-NFC4_V3.0.0, X-CUBE-NFC7_V1.0.0, X-CUBE-SFXS2LP1_V4.0.0, X-CUBE-SUBG2_V5.0.0]
2023-03-20 20:12:18,890 [WARN] PackLoader:240 - Cannot read IP mode file for STMicroelectronics.X-CUBE-GNSS1.6.0.0
2023-03-20 20:12:18,978 [WARN] PackLoader:240 - Cannot read IP mode file for STMicroelectronics.X-CUBE-AZRTOS-F4.1.1.0
2023-03-20 20:12:19,155 [WARN] PackLoader:240 - Cannot read IP mode file for STMicroelectronics.X-CUBE-AZRTOS-F7.1.1.0
2023-03-20 20:12:19,225 [WARN] PackLoader:240 - Cannot read IP mode file for STMicroelectronics.X-CUBE-BLE1.6.2.4
2023-03-20 20:12:19,266 [WARN] PackLoader:240 - Cannot read IP mode file for emotas.I-CUBE-CANOPEN.1.1.3
2023-03-20 20:12:19,294 [WARN] PackLoader:240 - Cannot read IP mode file for STMicroelectronics.X-CUBE-BLEMGR.2.0.0
2023-03-20 20:12:19,309 [WARN] PackLoader:240 - Cannot read IP mode file for STMicroelectronics.X-CUBE-NFC4.2.0.5
2023-03-20 20:12:19,358 [WARN] PackLoader:240 - Cannot read IP mode file for STMicroelectronics.X-CUBE-DISPLAY.3.0.0
2023-03-20 20:12:19,401 [WARN] PackLoader:240 - Cannot read IP mode file for wolfSSL.I-CUBE-wolfSSL.5.5.4
2023-03-20 20:12:19,427 [WARN] PackLoader:240 - Cannot read IP mode file for STMicroelectronics.X-CUBE-NFC7.1.0.0
2023-03-20 20:12:19,458 [WARN] PackLoader:240 - Cannot read IP mode file for STMicroelectronics.X-CUBE-EEPRMA1.4.1.0
2023-03-20 20:12:19,497 [INFO] ApiDb:240 - Found 297 in-development CPN: [B-G473E-ZEST1S, B-WB1M-WPAN1, B-WL5M-SUBG1, NUCLEO-C031C6, NUCLEO-H503RB, NUCLEO-H563ZI, NUCLEO-U545RE-Q, NUCLEO-U5A5ZJ-Q, NUCLEO-WBA52CG, STEVAL-PROTEUS1, STEVAL-STWINBX1, STM320518-EVAL, STM32C0116-DK, STM32C011D6Y3TR, STM32C011D6Y6TR, STM32C011F4P3, STM32C011F4P6, STM32C011F4U3, STM32C011F4U6TR, STM32C011F6P3, STM32C011F6P6, STM32C011F6U3, STM32C011F6U6TR, STM32C011J4M3, STM32C011J4M6, STM32C011J6M3, STM32C011J6M6, STM32C0316-DK, STM32C031C4T3, STM32C031C4T6, STM32C031C4U3, STM32C031C4U6, STM32C031C6T3, STM32C031C6T6, STM32C031C6U3, STM32C031C6U6, STM32C031F4P3, STM32C031F4P6, STM32C031F6P3, STM32C031F6P6, STM32C031G4U3, STM32C031G4U6, STM32C031G6U3, STM32C031G6U6, STM32C031K4T3, STM32C031K4T6, STM32C031K4U3, STM32C031K4U6, STM32C031K6T3, STM32C031K6T6, STM32C031K6U3, STM32C031K6U6, STM32G071K8TXN, STM32G071K8UXN, STM32G081GBU6N, STM32G081KBT6N, STM32G081KBUXN, STM32G0B1CCT6N, STM32G0B1KCT6, STM32G0B1NEY6TR, STM32G0B1RCT6N, STM32G0C1CCT6, STM32G0C1CCT6N, STM32G0C1CCU6N, STM32G0C1CET6N, STM32G0C1CEU6N, STM32G0C1KCT6, STM32G0C1NEY6TR, STM32G0C1RCI6N, STM32G0C1RCT6N, STM32G0C1REI6N, STM32G0C1RET6N, STM32G0C1VCI6, STM32G0C1VEI6, STM32G471CCT6, STM32G471CCU6, STM32G471CET3, STM32G471CET6, STM32G471CEU3, STM32G471CEU6, STM32G471MCT6, STM32G471MET3, STM32G471MET6, STM32G471MEY6TR, STM32G471QCT6, STM32G471QET3, STM32G471RCT6, STM32G471RET3, STM32G471RET6, STM32G471VCH6, STM32G471VCI6, STM32G471VCT6, STM32G471VEH3, STM32G471VEH6, STM32G471VEI3, STM32G471VEI6, STM32G471VET3, STM32G471VET6, STM32G474CCT6, STM32H503CBT6, STM32H503CBU6, STM32H503EBY6TR, STM32H503KBU6, STM32H503RBT6, STM32H562AGI6, STM32H562AII6, STM32H562IGK6, STM32H562IGT6, STM32H562IIK6, STM32H562IIT6, STM32H562RGT6, STM32H562RGV6, STM32H562RIT6, STM32H562RIV6, STM32H562VGT6, STM32H562VIT6, STM32H562ZGT6, STM32H562ZIT6, STM32H563AGI6, STM32H563AII3Q, STM32H563AII6, STM32H563IGK6, STM32H563IGT6, STM32H563IIK3Q, STM32H563IIK6, STM32H563IIT3Q, STM32H563IIT6, STM32H563MIY3QTR, STM32H563RGT6, STM32H563RGV6, STM32H563RIT6, STM32H563RIV6, STM32H563VGT6, STM32H563VIT3Q, STM32H563VIT6, STM32H563ZGT6, STM32H563ZIT3Q, STM32H563ZIT6, STM32H573AII3Q, STM32H573AII6, STM32H573I-DK, STM32H573IIK3Q, STM32H573IIK6, STM32H573IIT3Q, STM32H573IIT6, STM32H573MIY3QTR, STM32H573RIT6, STM32H573RIV6, STM32H573VIT3Q, STM32H573VIT6, STM32H573ZIT3Q, STM32H573ZIT6, STM32L4R5QGI6STR, STM32MP131AAE3, STM32MP131AAF3, STM32MP131AAG3, STM32MP131CAE3, STM32MP131CAF3, STM32MP131CAG3, STM32MP131DAE7, STM32MP131DAF7, STM32MP131DAG7, STM32MP131FAE7, STM32MP131FAF7, STM32MP131FAG7, STM32MP133AAE3, STM32MP133AAF3, STM32MP133AAG3, STM32MP133CAE3, STM32MP133CAF3, STM32MP133CAG3, STM32MP133DAE7, STM32MP133DAF7, STM32MP133DAG7, STM32MP133FAE7, STM32MP133FAF7, STM32MP133FAG7, STM32MP135AAE3, STM32MP135AAF3, STM32MP135AAG3, STM32MP135CAE3, STM32MP135CAF3, STM32MP135CAG3, STM32MP135DAE7, STM32MP135DAF7, STM32MP135DAG7, STM32MP135F-DK, STM32MP135FAE7, STM32MP135FAF7, STM32MP135FAF7T, STM32MP135FAF7U, STM32MP135FAG7, STM32U535CBT6, STM32U535CBT6Q, STM32U535CBU6, STM32U535CBU6Q, STM32U535CCT6, STM32U535CCT6Q, STM32U535CCU6, STM32U535CCU6Q, STM32U535CET6, STM32U535CET6Q, STM32U535CEU6, STM32U535CEU6Q, STM32U535JEY6QTR, STM32U535NCY6QTR, STM32U535NEY6QTR, STM32U535RBI6, STM32U535RBI6Q, STM32U535RBT6, STM32U535RBT6Q, STM32U535RCI6, STM32U535RCI6Q, STM32U535RCT6, STM32U535RCT6Q, STM32U535REI6, STM32U535REI6Q, STM32U535RET6, STM32U535RET6Q, STM32U535VCI6, STM32U535VCI6Q, STM32U535VCT6, STM32U535VCT6Q, STM32U535VEI6, STM32U535VEI6Q, STM32U535VET6, STM32U535VET6Q, STM32U545CET6, STM32U545CET6Q, STM32U545CEU6, STM32U545CEU6Q, STM32U545JEY6QTR, STM32U545NEY6QTR, STM32U545REI6, STM32U545REI6Q, STM32U545RET6, STM32U545RET6Q, STM32U545VEI6, STM32U545VEI6Q, STM32U545VET6, STM32U545VET6Q, STM32U595AIH6, STM32U595AIH6Q, STM32U595AJH6, STM32U595AJH6Q, STM32U595QII6, STM32U595QII6Q, STM32U595QJI6, STM32U595QJI6Q, STM32U595RIT6, STM32U595RIT6Q, STM32U595RJT6, STM32U595RJT6Q, STM32U595VIT6, STM32U595VIT6Q, STM32U595VJT6, STM32U595VJT6Q, STM32U595ZIT6, STM32U595ZIT6Q, STM32U595ZIY6QTR, STM32U595ZJT6, STM32U595ZJT6Q, STM32U595ZJY6QTR, STM32U599BJY6QTR, STM32U599NIH6Q, STM32U599NJH6Q, STM32U599VIT6Q, STM32U599VJT6, STM32U599VJT6Q, STM32U599ZIT6Q, STM32U599ZIY6QTR, STM32U599ZJT6Q, STM32U599ZJY6QTR, STM32U5A5AJH6, STM32U5A5AJH6Q, STM32U5A5QJI6, STM32U5A5QJI6Q, STM32U5A5RJT6, STM32U5A5RJT6Q, STM32U5A5VJT6, STM32U5A5VJT6Q, STM32U5A5ZJT6, STM32U5A5ZJT6Q, STM32U5A5ZJY6QTR, STM32U5A9BJY6QTR, STM32U5A9J-DK, STM32U5A9NJH6Q, STM32U5A9VJT6Q, STM32U5A9ZJT6Q, STM32U5A9ZJY6QTR, STM32WB1MMCH6, STM32WBA52CEU6, STM32WBA52CEU6T, STM32WBA52CGU6, STM32WBA52CGU6T, STM32WL5MOCH6, STM32WL5MOCH6TR]
2023-03-20 20:12:19,514 [INFO] DbMcus:216 - Found 3775 MCUs, 3775 are supported
2023-03-20 20:12:19,520 [INFO] ApiDb:423 - Load user favorites file /Users/titor/.stm32cubeide/favorites.mcus.txt: 0 item(s)
2023-03-20 20:12:19,521 [INFO] ApiDb:427 - User favorites MCUs=[]
2023-03-20 20:12:19,522 [INFO] DbMcus:222 - Set 0 / 0 favorites MCUs
2023-03-20 20:12:19,532 [WARN] PackLoader:240 - Cannot read IP mode file for WES.I-CUBE-Cesium.1.3.0
2023-03-20 20:12:19,550 [WARN] PackLoader:240 - Cannot read IP mode file for STMicroelectronics.X-CUBE-SFXS2LP1.4.0.0
2023-03-20 20:12:19,566 [WARN] PackLoader:240 - Cannot read IP mode file for STMicroelectronics.X-CUBE-BLE2.3.3.0
2023-03-20 20:12:19,577 [WARN] PackLoader:240 - Cannot read IP mode file for STMicroelectronics.X-CUBE-DISPLAY.2.2.0
2023-03-20 20:12:19,607 [WARN] PackLoader:240 - Cannot read IP mode file for STMicroelectronics.X-CUBE-TOF1.3.2.0
2023-03-20 20:12:19,798 [WARN] PackLoader:240 - Cannot read IP mode file for STMicroelectronics.X-CUBE-AZRTOS-H7.3.0.0
2023-03-20 20:12:19,860 [WARN] PackLoader:240 - Cannot read IP mode file for STMicroelectronics.X-CUBE-ISPU.1.1.0
2023-03-20 20:12:19,884 [WARN] PackLoader:240 - Cannot read IP mode file for RoweBots.I-CUBE-UNISONRTOS.5.5.0-4
2023-03-20 20:12:19,897 [WARN] PackLoader:240 - Cannot read IP mode file for STMicroelectronics.X-CUBE-AI.8.0.0
2023-03-20 20:12:19,989 [INFO] ApiDb:668 - CubeFinder database Data Model version=2.1
2023-03-20 20:12:19,989 [INFO] ApiDb:669 - CubeFinder database Configuration version=3.0.35
2023-03-20 20:12:19,989 [INFO] ApiDb:670 - CubeFinder database generation date=2023-03-10 (1678456172)
2023-03-20 20:12:19,990 [INFO] ApiDb:671 - CubeFinder database FW Pack versions=[FP-ATR-ASTRA1_V1.1.1, STM32Cube_FW_C0_V1.0.1, STM32Cube_FW_F0_V1.11.4, STM32Cube_FW_F3_V1.11.4, STM32Cube_FW_F4_V1.27.1, STM32Cube_FW_F7_V1.17.0, STM32Cube_FW_G0_V1.6.1, STM32Cube_FW_G4_V1.5.1, STM32Cube_FW_H5_V0.5.1, STM32Cube_FW_H5_V1.0.0, STM32Cube_FW_H7_V1.11.0, STM32Cube_FW_L0_V1.12.2, STM32Cube_FW_L5_V1.5.0, STM32Cube_FW_U5_V1.2.0, STM32Cube_FW_WBA_V1.0.0, STM32Cube_FW_WBA_V1.0.0RC1, STM32Cube_FW_WBA_V1.0.0RC3, STM32Cube_FW_WB_V1.15.0RC1, STM32Cube_FW_WB_V1.16.0, STM32Cube_FW_WB_V1.16.0RC2, STM32Cube_FW_WL_V1.3.0, X-CUBE-ALGOBUILD_V1.3.0, X-CUBE-ALS_V1.0.1, X-CUBE-AZRTOS-F4_V1.1.0, X-CUBE-AZRTOS-F7_V1.1.0, X-CUBE-AZRTOS-G0_V1.1.0, X-CUBE-AZRTOS-G4_V1.0.0, X-CUBE-AZRTOS-H7_V3.0.0, X-CUBE-AZRTOS-L4_V1.0.0, X-CUBE-AZRTOS-L5_V1.1.0, X-CUBE-AZRTOS-WB_V1.1.0, X-CUBE-AZRTOS-WL_V1.0.0, X-CUBE-BLE1_V6.2.4, X-CUBE-BLE2_V3.3.0, X-CUBE-BLEMGR_V1.3.0, X-CUBE-EEPRMA1_V4.1.0, X-CUBE-GNSS1_V6.0.0, X-CUBE-MEMS1_V9.1.0, X-CUBE-MEMS1_V9.4.0, X-CUBE-MEMS1_V9.5.0, X-CUBE-NFC4_V3.0.0, X-CUBE-NFC7_V1.0.0, X-CUBE-SFXS2LP1_V4.0.0, X-CUBE-SUBG2_V5.0.0]
2023-03-20 20:12:19,997 [WARN] PackLoader:240 - Cannot read IP mode file for STMicroelectronics.X-CUBE-FREERTOS.1.0.0
2023-03-20 20:12:20,030 [WARN] PackLoader:240 - Cannot read IP mode file for STMicroelectronics.X-CUBE-TOUCHGFX.4.21.1
2023-03-20 20:12:20,034 [WARN] PackLoader:240 - Cannot read IP mode file for STMicroelectronics.X-CUBE-TOUCHGFX.4.21.0
2023-03-20 20:12:20,075 [INFO] DbBoardsSqlite:226 - include board P-NUCLEO-WB55-NUCLEO as a kit item of type 'Nucleo-64'
2023-03-20 20:12:20,078 [INFO] DbBoardsSqlite:226 - include board P-NUCLEO-WB55-USBDONGLE as a kit item of type 'Nucleo USB Dongle'
2023-03-20 20:12:20,080 [INFO] DbBoardsSqlite:226 - include board STEVAL-IDP005V1 as a kit item of type 'Evaluation Board'
2023-03-20 20:12:20,080 [INFO] DbBoardsSqlite:226 - include board STEVAL-IDP005V2 as a kit item of type 'Evaluation Board'
2023-03-20 20:12:20,116 [WARN] PackLoader:240 - Cannot read IP mode file for STMicroelectronics.X-CUBE-MEMS1.9.4.0
2023-03-20 20:12:20,178 [INFO] ApiDb:240 - Found 297 in-development CPN: [B-G473E-ZEST1S, B-WB1M-WPAN1, B-WL5M-SUBG1, NUCLEO-C031C6, NUCLEO-H503RB, NUCLEO-H563ZI, NUCLEO-U545RE-Q, NUCLEO-U5A5ZJ-Q, NUCLEO-WBA52CG, STEVAL-PROTEUS1, STEVAL-STWINBX1, STM320518-EVAL, STM32C0116-DK, STM32C011D6Y3TR, STM32C011D6Y6TR, STM32C011F4P3, STM32C011F4P6, STM32C011F4U3, STM32C011F4U6TR, STM32C011F6P3, STM32C011F6P6, STM32C011F6U3, STM32C011F6U6TR, STM32C011J4M3, STM32C011J4M6, STM32C011J6M3, STM32C011J6M6, STM32C0316-DK, STM32C031C4T3, STM32C031C4T6, STM32C031C4U3, STM32C031C4U6, STM32C031C6T3, STM32C031C6T6, STM32C031C6U3, STM32C031C6U6, STM32C031F4P3, STM32C031F4P6, STM32C031F6P3, STM32C031F6P6, STM32C031G4U3, STM32C031G4U6, STM32C031G6U3, STM32C031G6U6, STM32C031K4T3, STM32C031K4T6, STM32C031K4U3, STM32C031K4U6, STM32C031K6T3, STM32C031K6T6, STM32C031K6U3, STM32C031K6U6, STM32G071K8TXN, STM32G071K8UXN, STM32G081GBU6N, STM32G081KBT6N, STM32G081KBUXN, STM32G0B1CCT6N, STM32G0B1KCT6, STM32G0B1NEY6TR, STM32G0B1RCT6N, STM32G0C1CCT6, STM32G0C1CCT6N, STM32G0C1CCU6N, STM32G0C1CET6N, STM32G0C1CEU6N, STM32G0C1KCT6, STM32G0C1NEY6TR, STM32G0C1RCI6N, STM32G0C1RCT6N, STM32G0C1REI6N, STM32G0C1RET6N, STM32G0C1VCI6, STM32G0C1VEI6, STM32G471CCT6, STM32G471CCU6, STM32G471CET3, STM32G471CET6, STM32G471CEU3, STM32G471CEU6, STM32G471MCT6, STM32G471MET3, STM32G471MET6, STM32G471MEY6TR, STM32G471QCT6, STM32G471QET3, STM32G471RCT6, STM32G471RET3, STM32G471RET6, STM32G471VCH6, STM32G471VCI6, STM32G471VCT6, STM32G471VEH3, STM32G471VEH6, STM32G471VEI3, STM32G471VEI6, STM32G471VET3, STM32G471VET6, STM32G474CCT6, STM32H503CBT6, STM32H503CBU6, STM32H503EBY6TR, STM32H503KBU6, STM32H503RBT6, STM32H562AGI6, STM32H562AII6, STM32H562IGK6, STM32H562IGT6, STM32H562IIK6, STM32H562IIT6, STM32H562RGT6, STM32H562RGV6, STM32H562RIT6, STM32H562RIV6, STM32H562VGT6, STM32H562VIT6, STM32H562ZGT6, STM32H562ZIT6, STM32H563AGI6, STM32H563AII3Q, STM32H563AII6, STM32H563IGK6, STM32H563IGT6, STM32H563IIK3Q, STM32H563IIK6, STM32H563IIT3Q, STM32H563IIT6, STM32H563MIY3QTR, STM32H563RGT6, STM32H563RGV6, STM32H563RIT6, STM32H563RIV6, STM32H563VGT6, STM32H563VIT3Q, STM32H563VIT6, STM32H563ZGT6, STM32H563ZIT3Q, STM32H563ZIT6, STM32H573AII3Q, STM32H573AII6, STM32H573I-DK, STM32H573IIK3Q, STM32H573IIK6, STM32H573IIT3Q, STM32H573IIT6, STM32H573MIY3QTR, STM32H573RIT6, STM32H573RIV6, STM32H573VIT3Q, STM32H573VIT6, STM32H573ZIT3Q, STM32H573ZIT6, STM32L4R5QGI6STR, STM32MP131AAE3, STM32MP131AAF3, STM32MP131AAG3, STM32MP131CAE3, STM32MP131CAF3, STM32MP131CAG3, STM32MP131DAE7, STM32MP131DAF7, STM32MP131DAG7, STM32MP131FAE7, STM32MP131FAF7, STM32MP131FAG7, STM32MP133AAE3, STM32MP133AAF3, STM32MP133AAG3, STM32MP133CAE3, STM32MP133CAF3, STM32MP133CAG3, STM32MP133DAE7, STM32MP133DAF7, STM32MP133DAG7, STM32MP133FAE7, STM32MP133FAF7, STM32MP133FAG7, STM32MP135AAE3, STM32MP135AAF3, STM32MP135AAG3, STM32MP135CAE3, STM32MP135CAF3, STM32MP135CAG3, STM32MP135DAE7, STM32MP135DAF7, STM32MP135DAG7, STM32MP135F-DK, STM32MP135FAE7, STM32MP135FAF7, STM32MP135FAF7T, STM32MP135FAF7U, STM32MP135FAG7, STM32U535CBT6, STM32U535CBT6Q, STM32U535CBU6, STM32U535CBU6Q, STM32U535CCT6, STM32U535CCT6Q, STM32U535CCU6, STM32U535CCU6Q, STM32U535CET6, STM32U535CET6Q, STM32U535CEU6, STM32U535CEU6Q, STM32U535JEY6QTR, STM32U535NCY6QTR, STM32U535NEY6QTR, STM32U535RBI6, STM32U535RBI6Q, STM32U535RBT6, STM32U535RBT6Q, STM32U535RCI6, STM32U535RCI6Q, STM32U535RCT6, STM32U535RCT6Q, STM32U535REI6, STM32U535REI6Q, STM32U535RET6, STM32U535RET6Q, STM32U535VCI6, STM32U535VCI6Q, STM32U535VCT6, STM32U535VCT6Q, STM32U535VEI6, STM32U535VEI6Q, STM32U535VET6, STM32U535VET6Q, STM32U545CET6, STM32U545CET6Q, STM32U545CEU6, STM32U545CEU6Q, STM32U545JEY6QTR, STM32U545NEY6QTR, STM32U545REI6, STM32U545REI6Q, STM32U545RET6, STM32U545RET6Q, STM32U545VEI6, STM32U545VEI6Q, STM32U545VET6, STM32U545VET6Q, STM32U595AIH6, STM32U595AIH6Q, STM32U595AJH6, STM32U595AJH6Q, STM32U595QII6, STM32U595QII6Q, STM32U595QJI6, STM32U595QJI6Q, STM32U595RIT6, STM32U595RIT6Q, STM32U595RJT6, STM32U595RJT6Q, STM32U595VIT6, STM32U595VIT6Q, STM32U595VJT6, STM32U595VJT6Q, STM32U595ZIT6, STM32U595ZIT6Q, STM32U595ZIY6QTR, STM32U595ZJT6, STM32U595ZJT6Q, STM32U595ZJY6QTR, STM32U599BJY6QTR, STM32U599NIH6Q, STM32U599NJH6Q, STM32U599VIT6Q, STM32U599VJT6, STM32U599VJT6Q, STM32U599ZIT6Q, STM32U599ZIY6QTR, STM32U599ZJT6Q, STM32U599ZJY6QTR, STM32U5A5AJH6, STM32U5A5AJH6Q, STM32U5A5QJI6, STM32U5A5QJI6Q, STM32U5A5RJT6, STM32U5A5RJT6Q, STM32U5A5VJT6, STM32U5A5VJT6Q, STM32U5A5ZJT6, STM32U5A5ZJT6Q, STM32U5A5ZJY6QTR, STM32U5A9BJY6QTR, STM32U5A9J-DK, STM32U5A9NJH6Q, STM32U5A9VJT6Q, STM32U5A9ZJT6Q, STM32U5A9ZJY6QTR, STM32WB1MMCH6, STM32WBA52CEU6, STM32WBA52CEU6T, STM32WBA52CGU6, STM32WBA52CGU6T, STM32WL5MOCH6, STM32WL5MOCH6TR]
2023-03-20 20:12:20,251 [WARN] PackLoader:240 - Cannot read IP mode file for STMicroelectronics.X-CUBE-AI.7.3.0
2023-03-20 20:12:20,262 [WARN] PackLoader:240 - Cannot read IP mode file for STMicroelectronics.X-CUBE-ALGOBUILD.1.3.0
2023-03-20 20:12:20,289 [WARN] PackLoader:240 - Cannot read IP mode file for STMicroelectronics.X-CUBE-AZRTOS-L5.1.1.0
2023-03-20 20:12:20,322 [WARN] PackLoader:240 - Cannot read IP mode file for STMicroelectronics.X-CUBE-AZRTOS-G0.1.1.0
2023-03-20 20:12:20,328 [INFO] BoardInfo:880 - No configuration file found for board P-NUCLEO-WB55
2023-03-20 20:12:20,329 [INFO] DbBoards:157 - Kit is not supported: P-NUCLEO-WB55
2023-03-20 20:12:20,335 [INFO] BoardInfo:880 - No configuration file found for board STEVAL-BFA001V1B
2023-03-20 20:12:20,335 [INFO] DbBoards:157 - Kit is not supported: STEVAL-BFA001V1B
2023-03-20 20:12:20,336 [INFO] BoardInfo:880 - No configuration file found for board STEVAL-BFA001V2B
2023-03-20 20:12:20,336 [INFO] DbBoards:157 - Kit is not supported: STEVAL-BFA001V2B
2023-03-20 20:12:20,387 [WARN] PackLoader:240 - Cannot read IP mode file for STMicroelectronics.X-CUBE-SUBG2.5.0.0
2023-03-20 20:12:20,443 [WARN] PackLoader:240 - Cannot read IP mode file for STMicroelectronics.X-CUBE-NFC4.3.0.0
2023-03-20 20:12:20,458 [WARN] PackLoader:240 - Cannot read IP mode file for STMicroelectronics.FP-ATR-ASTRA1.1.1.1
2023-03-20 20:12:20,504 [WARN] PackLoader:240 - Cannot read IP mode file for STMicroelectronics.X-CUBE-BLEMGR.1.3.0
2023-03-20 20:12:20,537 [WARN] PackLoader:240 - Cannot read IP mode file for STMicroelectronics.X-CUBE-AZRTOS-G4.1.0.0
2023-03-20 20:12:20,539 [INFO] DbBoards:161 - Found 187 boards, 184 are supported
2023-03-20 20:12:20,545 [INFO] ApiDb:423 - Load user favorites file /Users/titor/.stm32cubeide/favorites.boards.txt: 1 item(s)
2023-03-20 20:12:20,546 [INFO] ApiDb:427 - User favorites Boards=[NUCLEO-G0B1RE]
2023-03-20 20:12:20,546 [INFO] DbBoards:190 - Set 1 / 1 favorites Boards
2023-03-20 20:12:20,550 [INFO] ApiDb:668 - CubeFinder database Data Model version=2.1
2023-03-20 20:12:20,550 [INFO] ApiDb:669 - CubeFinder database Configuration version=3.0.35
2023-03-20 20:12:20,551 [INFO] ApiDb:670 - CubeFinder database generation date=2023-03-10 (1678456172)
2023-03-20 20:12:20,551 [INFO] ApiDb:671 - CubeFinder database FW Pack versions=[FP-ATR-ASTRA1_V1.1.1, STM32Cube_FW_C0_V1.0.1, STM32Cube_FW_F0_V1.11.4, STM32Cube_FW_F3_V1.11.4, STM32Cube_FW_F4_V1.27.1, STM32Cube_FW_F7_V1.17.0, STM32Cube_FW_G0_V1.6.1, STM32Cube_FW_G4_V1.5.1, STM32Cube_FW_H5_V0.5.1, STM32Cube_FW_H5_V1.0.0, STM32Cube_FW_H7_V1.11.0, STM32Cube_FW_L0_V1.12.2, STM32Cube_FW_L5_V1.5.0, STM32Cube_FW_U5_V1.2.0, STM32Cube_FW_WBA_V1.0.0, STM32Cube_FW_WBA_V1.0.0RC1, STM32Cube_FW_WBA_V1.0.0RC3, STM32Cube_FW_WB_V1.15.0RC1, STM32Cube_FW_WB_V1.16.0, STM32Cube_FW_WB_V1.16.0RC2, STM32Cube_FW_WL_V1.3.0, X-CUBE-ALGOBUILD_V1.3.0, X-CUBE-ALS_V1.0.1, X-CUBE-AZRTOS-F4_V1.1.0, X-CUBE-AZRTOS-F7_V1.1.0, X-CUBE-AZRTOS-G0_V1.1.0, X-CUBE-AZRTOS-G4_V1.0.0, X-CUBE-AZRTOS-H7_V3.0.0, X-CUBE-AZRTOS-L4_V1.0.0, X-CUBE-AZRTOS-L5_V1.1.0, X-CUBE-AZRTOS-WB_V1.1.0, X-CUBE-AZRTOS-WL_V1.0.0, X-CUBE-BLE1_V6.2.4, X-CUBE-BLE2_V3.3.0, X-CUBE-BLEMGR_V1.3.0, X-CUBE-EEPRMA1_V4.1.0, X-CUBE-GNSS1_V6.0.0, X-CUBE-MEMS1_V9.1.0, X-CUBE-MEMS1_V9.4.0, X-CUBE-MEMS1_V9.5.0, X-CUBE-NFC4_V3.0.0, X-CUBE-NFC7_V1.0.0, X-CUBE-SFXS2LP1_V4.0.0, X-CUBE-SUBG2_V5.0.0]
2023-03-20 20:12:20,556 [WARN] PackLoader:240 - Cannot read IP mode file for STMicroelectronics.FP-ATR-SIGFOX1.3.2.0
2023-03-20 20:12:20,598 [WARN] PackLoader:240 - Cannot read IP mode file for STMicroelectronics.X-CUBE-AZRTOS-L4.1.0.0
2023-03-20 20:12:20,625 [WARN] PackLoader:240 - Cannot read IP mode file for STMicroelectronics.X-CUBE-AZRTOS-WL.1.0.0
2023-03-20 20:12:20,640 [WARN] PackLoader:240 - Cannot read IP mode file for portGmbH.I-Cube-SoM-uGOAL.1.1.0
2023-03-20 20:12:20,648 [WARN] PackLoader:240 - Cannot read IP mode file for STMicroelectronics.X-CUBE-ALS.1.0.1
2023-03-20 20:12:20,833 [WARN] PackLoader:240 - Cannot read IP mode file for STMicroelectronics.X-CUBE-MEMS1.9.5.0
2023-03-20 20:12:21,059 [WARN] PackLoader:240 - Cannot read IP mode file for STMicroelectronics.X-CUBE-AZRTOS-WB.1.1.0
2023-03-20 20:12:21,140 [WARN] PackLoader:240 - Cannot read IP mode file for SEGGER.I-CUBE-embOS.1.3.1
2023-03-20 20:12:21,296 [WARN] PackLoader:240 - Cannot read IP mode file for SEGGER.I-CUBE-embOS.1.3.0
2023-03-20 20:12:21,361 [INFO] ThirdParty:978 - Integrity check success = true
2023-03-20 20:12:21,362 [INFO] IntegrityCheckThread:100 - exiting critical section [integrity check]
2023-03-20 20:12:21,362 [INFO] IntegrityCheckThread:103 - End integrity checks thread
2023-03-20 20:12:21,739 [INFO] DbExamplesSqlite:376 - Ignored 46 examples not supported by CubeIDE
2023-03-20 20:12:21,740 [INFO] DbExamplesSqlite:377 - Found 7328 examples active
2023-03-20 20:12:21,741 [INFO] DbExamplesSqlite:378 - Found 1095 examples obsolete
2023-03-20 20:12:21,742 [INFO] DbExamplesSqlite:379 - Found 0 examples under development
2023-03-20 20:12:21,743 [INFO] DbExamplesSqlite:380 - Found 77 examples not building
2023-03-20 20:12:21,746 [INFO] DbExamples:125 - Found 7359 examples
2023-03-20 20:12:21,765 [INFO] DbExamples:222 - Found 92 boards with related examples
2023-03-20 20:12:21,766 [INFO] DbExamples:235 - Found 78 MCUs with related examples
2023-03-20 20:12:21,792 [INFO] ApiDb:414 - User favorites file not found: /Users/titor/.stm32cubeide/favorites.examples.txt
2023-03-20 20:12:21,792 [INFO] DbExamples:250 - Set 0 / 0 favorites Examples
2023-03-20 20:12:22,142 [INFO] McuFinderGlobals:66 - Set McuFinderConnectedMode to true
2023-03-20 20:12:22,163 [INFO] MultiScanPanel:200 - Auto-refresh data requested => check proxy status ongoing
2023-03-20 20:12:22,167 [INFO] FinderPluginLoader:95 - Searching for filters in installed packs
2023-03-20 20:12:24,336 [INFO] LoadUrlFilesThread:185 - End of LoadServerUrlFiles without Thread
2023-03-20 20:12:24,383 [INFO] DetailPanel:341 - Set advertising image to /Users/titor/STM32Cube/Repository//en.prom-stm32h5-mcu-finder.jpg
2023-03-20 20:13:06,524 [INFO] MultiScanPanel:200 - Auto-refresh data requested => check proxy status ongoing
2023-03-20 20:13:06,836 [INFO] LoadUrlFilesThread:185 - End of LoadServerUrlFiles without Thread
2023-03-20 20:13:06,838 [INFO] DetailPanel:341 - Set advertising image to /Users/titor/STM32Cube/Repository//en.prom-stm32h5-mcu-finder.jpg
2023-03-20 20:13:27,302 [INFO] McuFinderGlobals:66 - Set McuFinderConnectedMode to true
2023-03-20 20:13:27,768 [INFO] ApiDb:448 - Save user favorites file /Users/titor/.stm32cubeide/favorites.mcus.txt: 0 item(s)
2023-03-20 20:13:27,769 [INFO] ApiDb:452 - User favorites MCUs=[]
2023-03-20 20:13:27,779 [INFO] ApiDb:448 - Save user favorites file /Users/titor/.stm32cubeide/favorites.boards.txt: 1 item(s)
2023-03-20 20:13:27,779 [INFO] ApiDb:452 - User favorites Boards=[NUCLEO-G0B1RE]
